Using pre-set license
Built from '2021.3/staging' branch; Version is '2021.3.6f1 (7da38d85baf6) revision 8233869'; Using compiler version '192829333'; Build Type 'Release'
OS: 'Windows 10  (10.0.19044) 64bit Core' Language: 'en' Physical Memory: 16177 MB
BatchMode: 1, IsHumanControllingUs: 0, StartBugReporterOnCrash: 0, Is64bit: 1, IsPro: 1

COMMAND LINE ARGUMENTS:
D:\Unity Editors\2021.3.6f1\Editor\Unity.exe
-adb2
-batchMode
-noUpm
-name
AssetImportWorker4
-projectPath
D:/Unity Projects/BattleshipBrickBreaker/BattleshipBrickBreaker/Battleship Brick Breaker
-logFile
Logs/AssetImportWorker4.log
-srvPort
22744
Successfully changed project path to: D:/Unity Projects/BattleshipBrickBreaker/BattleshipBrickBreaker/Battleship Brick Breaker
D:/Unity Projects/BattleshipBrickBreaker/BattleshipBrickBreaker/Battleship Brick Breaker
[UnityMemory] Configuration Parameters - Can be set up in boot.config
    "memorysetup-bucket-allocator-granularity=16"
    "memorysetup-bucket-allocator-bucket-count=8"
    "memorysetup-bucket-allocator-block-size=33554432"
    "memorysetup-bucket-allocator-block-count=8"
    "memorysetup-main-allocator-block-size=16777216"
    "memorysetup-thread-allocator-block-size=16777216"
    "memorysetup-gfx-main-allocator-block-size=16777216"
    "memorysetup-gfx-thread-allocator-block-size=16777216"
    "memorysetup-cache-allocator-block-size=4194304"
    "memorysetup-typetree-allocator-block-size=2097152"
    "memorysetup-profiler-bucket-allocator-granularity=16"
    "memorysetup-profiler-bucket-allocator-bucket-count=8"
    "memorysetup-profiler-bucket-allocator-block-size=33554432"
    "memorysetup-profiler-bucket-allocator-block-count=8"
    "memorysetup-profiler-allocator-block-size=16777216"
    "memorysetup-profiler-editor-allocator-block-size=1048576"
    "memorysetup-temp-allocator-size-main=16777216"
    "memorysetup-job-temp-allocator-block-size=2097152"
    "memorysetup-job-temp-allocator-block-size-background=1048576"
    "memorysetup-job-temp-allocator-reduction-small-platforms=262144"
    "memorysetup-temp-allocator-size-background-worker=32768"
    "memorysetup-temp-allocator-size-job-worker=262144"
    "memorysetup-temp-allocator-size-preload-manager=33554432"
    "memorysetup-temp-allocator-size-nav-mesh-worker=65536"
    "memorysetup-temp-allocator-size-audio-worker=65536"
    "memorysetup-temp-allocator-size-cloud-worker=32768"
    "memorysetup-temp-allocator-size-gi-baking-worker=262144"
    "memorysetup-temp-allocator-size-gfx=262144"
Refreshing native plugins compatible for Editor in 142.25 ms, found 3 plugins.
Preloading 0 native plugins for Editor in 0.00 ms.
Initialize engine version: 2021.3.6f1 (7da38d85baf6)
[Subsystems] Discovering subsystems at path D:/Unity Editors/2021.3.6f1/Editor/Data/Resources/UnitySubsystems
[Subsystems] Discovering subsystems at path D:/Unity Projects/BattleshipBrickBreaker/BattleshipBrickBreaker/Battleship Brick Breaker/Assets
GfxDevice: creating device client; threaded=0; jobified=0
Direct3D:
    Version:  Direct3D 11.0 [level 11.1]
    Renderer: NVIDIA GeForce GTX 1050 Ti (ID=0x1c8c)
    Vendor:   NVIDIA
    VRAM:     4019 MB
    Driver:   30.0.15.1215
Shader 'WFX/Transparent Diffuse': fallback shader 'Particles/Alpha Blended' not found
Shader 'WFX/Transparent Specular': fallback shader 'Particles/Alpha Blended' not found
Initialize mono
Mono path[0] = 'D:/Unity Editors/2021.3.6f1/Editor/Data/Managed'
Mono path[1] = 'D:/Unity Editors/2021.3.6f1/Editor/Data/MonoBleedingEdge/lib/mono/unityjit-win32'
Mono config path = 'D:/Unity Editors/2021.3.6f1/Editor/Data/MonoBleedingEdge/etc'
Using monoOptions --debugger-agent=transport=dt_socket,embedding=1,server=y,suspend=n,address=127.0.0.1:56428
Begin MonoManager ReloadAssembly
Registering precompiled unity dll's ...
Register platform support module: D:/Unity Editors/2021.3.6f1/Editor/Data/PlaybackEngines/AndroidPlayer/UnityEditor.Android.Extensions.dll
Register platform support module: D:/Unity Editors/2021.3.6f1/Editor/Data/PlaybackEngines/WindowsStandaloneSupport/UnityEditor.WindowsStandalone.Extensions.dll
Registered in 0.006040 seconds.
Native extension for WindowsStandalone target not found
Native extension for Android target not found
Refreshing native plugins compatible for Editor in 129.82 ms, found 3 plugins.
Preloading 0 native plugins for Editor in 0.00 ms.
Mono: successfully reloaded assembly
- Completed reload, in  0.846 seconds
Domain Reload Profiling:
	ReloadAssembly (847ms)
		BeginReloadAssembly (98ms)
			ExecutionOrderSort (0ms)
			DisableScriptedObjects (0ms)
			BackupInstance (0ms)
			ReleaseScriptingObjects (0ms)
			CreateAndSetChildDomain (1ms)
		EndReloadAssembly (614ms)
			LoadAssemblies (97ms)
			RebuildTransferFunctionScriptingTraits (0ms)
			SetupTypeCache (155ms)
			ReleaseScriptCaches (0ms)
			RebuildScriptCaches (30ms)
			SetupLoadedEditorAssemblies (375ms)
				LogAssemblyErrors (0ms)
				InitializePlatformSupportModulesInManaged (79ms)
				SetLoadedEditorAssemblies (0ms)
				RefreshPlugins (151ms)
				BeforeProcessingInitializeOnLoad (1ms)
				ProcessInitializeOnLoadAttributes (98ms)
				ProcessInitializeOnLoadMethodAttributes (45ms)
				AfterProcessingInitializeOnLoad (0ms)
				EditorAssembliesLoaded (0ms)
			ExecutionOrderSort2 (0ms)
			AwakeInstancesAfterBackupRestoration (0ms)
Platform modules already initialized, skipping
Registering precompiled user dll's ...
Registered in 0.006337 seconds.
Begin MonoManager ReloadAssembly
Symbol file LoadedFromMemory doesn't match image D:\Unity Projects\BattleshipBrickBreaker\BattleshipBrickBreaker\Battleship Brick Breaker\Library\PackageCache\com.unity.visualscripting@1.7.8\Editor\VisualScripting.Core\Dependencies\YamlDotNet\Unity.VisualScripting.YamlDotNet.dll
Symbol file LoadedFromMemory doesn't match image D:\Unity Projects\BattleshipBrickBreaker\BattleshipBrickBreaker\Battleship Brick Breaker\Library\PackageCache\com.unity.visualscripting@1.7.8\Editor\VisualScripting.Core\Dependencies\DotNetZip\Unity.VisualScripting.IonicZip.dll
Native extension for WindowsStandalone target not found
Native extension for Android target not found
Refreshing native plugins compatible for Editor in 0.87 ms, found 3 plugins.
Preloading 0 native plugins for Editor in 0.00 ms.
Mono: successfully reloaded assembly
- Completed reload, in  1.257 seconds
Domain Reload Profiling:
	ReloadAssembly (1258ms)
		BeginReloadAssembly (259ms)
			ExecutionOrderSort (0ms)
			DisableScriptedObjects (6ms)
			BackupInstance (0ms)
			ReleaseScriptingObjects (0ms)
			CreateAndSetChildDomain (137ms)
		EndReloadAssembly (882ms)
			LoadAssemblies (118ms)
			RebuildTransferFunctionScriptingTraits (0ms)
			SetupTypeCache (282ms)
			ReleaseScriptCaches (1ms)
			RebuildScriptCaches (55ms)
			SetupLoadedEditorAssemblies (417ms)
				LogAssemblyErrors (0ms)
				InitializePlatformSupportModulesInManaged (13ms)
				SetLoadedEditorAssemblies (0ms)
				RefreshPlugins (1ms)
				BeforeProcessingInitializeOnLoad (96ms)
				ProcessInitializeOnLoadAttributes (261ms)
				ProcessInitializeOnLoadMethodAttributes (42ms)
				AfterProcessingInitializeOnLoad (4ms)
				EditorAssembliesLoaded (0ms)
			ExecutionOrderSort2 (0ms)
			AwakeInstancesAfterBackupRestoration (9ms)
Platform modules already initialized, skipping
========================================================================
Worker process is ready to serve import requests
Shader 'WFX/Transparent Specular': fallback shader 'Particles/Alpha Blended' not found
Shader 'WFX/Transparent Diffuse': fallback shader 'Particles/Alpha Blended' not found
Launched and connected shader compiler UnityShaderCompiler.exe after 0.06 seconds
Refreshing native plugins compatible for Editor in 0.76 ms, found 3 plugins.
Preloading 0 native plugins for Editor in 0.00 ms.
Unloading 3711 Unused Serialized files (Serialized files now loaded: 0)
Unloading 45 unused Assets / (347.0 KB). Loaded Objects now: 4174.
Memory consumption went from 214.1 MB to 213.7 MB.
Total: 3.761900 ms (FindLiveObjects: 0.296000 ms CreateObjectMapping: 0.195800 ms MarkObjects: 3.095900 ms  DeleteObjects: 0.173600 ms)

AssetImportParameters requested are different than current active one (requested -> active):
  custom:video-decoder-ogg-theora: a1e56fd34408186e4bbccfd4996cb3dc -> 
  custom:container-muxer-webm: aa71ff27fc2769a1b78a27578f13a17b -> 
  custom:container-demuxer-webm: 4f35f7cbe854078d1ac9338744f61a02 -> 
  custom:video-encoder-webm-vp8: eb34c28f22e8b96e1ab97ce403110664 -> 
  custom:video-codec-MediaFoundation-h265: 746d11721c4dcdbdad8f713fa42b33f4 -> 
  custom:audio-encoder-webm-vorbis: bf7c407c2cedff20999df2af8eb42d56 -> 
  custom:framework-win-MediaFoundation: 216162199b28c13a410421893ffa2e32 -> 
  custom:container-demuxer-ogg: 62fdf1f143b41e24485cea50d1cbac27 -> 
  custom:video-decoder-webm-vp8: 9c59270c3fd7afecdb556c50c9e8de78 -> 
  custom:audio-decoder-ogg-vorbis: bf7c407c2cedff20999df2af8eb42d56 -> 
========================================================================
Received Import Request.
  Time since last request: 90602.662365 seconds.
  path: Assets/MyPrefabs/Bricks/Basic Brick (Small Square) [1] Variant.prefab
  artifactKey: Guid(39b837627a235634c882139082bdffee) Importer(815301076,1909f56bfc062723c751e8b465ee728b)
Start importing Assets/MyPrefabs/Bricks/Basic Brick (Small Square) [1] Variant.prefab using Guid(39b837627a235634c882139082bdffee) Importer(815301076,1909f56bfc062723c751e8b465ee728b)  -> (artifact id: 'd4e594c86a0ddc27310b01b9593239c9') in 0.952889 seconds 
========================================================================
Received Import Request.
  Time since last request: 0.000023 seconds.
  path: Assets/MyPrefabs/Bricks/Split Brick.prefab
  artifactKey: Guid(981538c2608aa0c4b976d798c3e5701b) Importer(815301076,1909f56bfc062723c751e8b465ee728b)
Start importing Assets/MyPrefabs/Bricks/Split Brick.prefab using Guid(981538c2608aa0c4b976d798c3e5701b) Importer(815301076,1909f56bfc062723c751e8b465ee728b)  -> (artifact id: '1e5bde6e0552663fc4fe8260eb390c4a') in 0.204847 seconds 
========================================================================
Received Import Request.
  Time since last request: 0.000027 seconds.
  path: Assets/MyPrefabs/Bricks/Explosion Brick Variant 2.prefab
  artifactKey: Guid(df0d82aec765ff54490f52f07cc43437) Importer(815301076,1909f56bfc062723c751e8b465ee728b)
Start importing Assets/MyPrefabs/Bricks/Explosion Brick Variant 2.prefab using Guid(df0d82aec765ff54490f52f07cc43437) Importer(815301076,1909f56bfc062723c751e8b465ee728b)  -> (artifact id: '9d5e7536ab709ec4d8f697dd6af356f2') in 0.156659 seconds 
========================================================================
Received Import Request.
  Time since last request: 8.457664 seconds.
  path: Assets/MyPrefabs/Bricks/Objective Brick.prefab
  artifactKey: Guid(8bcb087656ddcb049989c4f745a293f2) Importer(815301076,1909f56bfc062723c751e8b465ee728b)
Start importing Assets/MyPrefabs/Bricks/Objective Brick.prefab using Guid(8bcb087656ddcb049989c4f745a293f2) Importer(815301076,1909f56bfc062723c751e8b465ee728b)  -> (artifact id: '2d419d24e6af7e7a1243773d2de05159') in 0.118316 seconds 
========================================================================
Received Import Request.
  Time since last request: 19.180463 seconds.
  path: Assets/MyPrefabs/Bricks/Objective Brick.prefab
  artifactKey: Guid(8bcb087656ddcb049989c4f745a293f2) Importer(815301076,1909f56bfc062723c751e8b465ee728b)
Start importing Assets/MyPrefabs/Bricks/Objective Brick.prefab using Guid(8bcb087656ddcb049989c4f745a293f2) Importer(815301076,1909f56bfc062723c751e8b465ee728b)  -> (artifact id: '0309ddfd1a7ca7c9f1131c36947d6b86') in 0.140101 seconds 
========================================================================
Received Import Request.
  Time since last request: 2.587571 seconds.
  path: Assets/MyPrefabs/Bricks/Objective Brick.prefab
  artifactKey: Guid(8bcb087656ddcb049989c4f745a293f2) Importer(815301076,1909f56bfc062723c751e8b465ee728b)
Start importing Assets/MyPrefabs/Bricks/Objective Brick.prefab using Guid(8bcb087656ddcb049989c4f745a293f2) Importer(815301076,1909f56bfc062723c751e8b465ee728b)  -> (artifact id: '9158692cb23f1199afd45ad7ac4b2abe') in 0.133329 seconds 
========================================================================
Received Prepare
Registering precompiled user dll's ...
Registered in 0.007344 seconds.
Begin MonoManager ReloadAssembly
Symbol file LoadedFromMemory doesn't match image D:\Unity Projects\BattleshipBrickBreaker\BattleshipBrickBreaker\Battleship Brick Breaker\Library\PackageCache\com.unity.visualscripting@1.7.8\Editor\VisualScripting.Core\Dependencies\YamlDotNet\Unity.VisualScripting.YamlDotNet.dll
Symbol file LoadedFromMemory doesn't match image D:\Unity Projects\BattleshipBrickBreaker\BattleshipBrickBreaker\Battleship Brick Breaker\Library\PackageCache\com.unity.visualscripting@1.7.8\Editor\VisualScripting.Core\Dependencies\DotNetZip\Unity.VisualScripting.IonicZip.dll
Native extension for WindowsStandalone target not found
Native extension for Android target not found
Refreshing native plugins compatible for Editor in 0.96 ms, found 3 plugins.
Preloading 0 native plugins for Editor in 0.00 ms.
Mono: successfully reloaded assembly
- Completed reload, in  1.198 seconds
Domain Reload Profiling:
	ReloadAssembly (1199ms)
		BeginReloadAssembly (175ms)
			ExecutionOrderSort (0ms)
			DisableScriptedObjects (5ms)
			BackupInstance (0ms)
			ReleaseScriptingObjects (0ms)
			CreateAndSetChildDomain (46ms)
		EndReloadAssembly (926ms)
			LoadAssemblies (138ms)
			RebuildTransferFunctionScriptingTraits (0ms)
			SetupTypeCache (321ms)
			ReleaseScriptCaches (2ms)
			RebuildScriptCaches (51ms)
			SetupLoadedEditorAssemblies (385ms)
				LogAssemblyErrors (0ms)
				InitializePlatformSupportModulesInManaged (24ms)
				SetLoadedEditorAssemblies (1ms)
				RefreshPlugins (1ms)
				BeforeProcessingInitializeOnLoad (86ms)
				ProcessInitializeOnLoadAttributes (240ms)
				ProcessInitializeOnLoadMethodAttributes (29ms)
				AfterProcessingInitializeOnLoad (4ms)
				EditorAssembliesLoaded (0ms)
			ExecutionOrderSort2 (0ms)
			AwakeInstancesAfterBackupRestoration (13ms)
Platform modules already initialized, skipping
Shader 'WFX/Transparent Specular': fallback shader 'Particles/Alpha Blended' not found
Shader 'WFX/Transparent Diffuse': fallback shader 'Particles/Alpha Blended' not found
Refreshing native plugins compatible for Editor in 3.39 ms, found 3 plugins.
Preloading 0 native plugins for Editor in 0.00 ms.
Unloading 3652 Unused Serialized files (Serialized files now loaded: 0)
Unloading 35 unused Assets / (315.3 KB). Loaded Objects now: 4186.
Memory consumption went from 213.1 MB to 212.8 MB.
Total: 5.364300 ms (FindLiveObjects: 1.414800 ms CreateObjectMapping: 0.331700 ms MarkObjects: 3.425300 ms  DeleteObjects: 0.190200 ms)

AssetImportParameters requested are different than current active one (requested -> active):
  custom:video-decoder-ogg-theora: a1e56fd34408186e4bbccfd4996cb3dc -> 
  custom:container-muxer-webm: aa71ff27fc2769a1b78a27578f13a17b -> 
  custom:container-demuxer-webm: 4f35f7cbe854078d1ac9338744f61a02 -> 
  custom:video-encoder-webm-vp8: eb34c28f22e8b96e1ab97ce403110664 -> 
  custom:video-codec-MediaFoundation-h265: 746d11721c4dcdbdad8f713fa42b33f4 -> 
  custom:audio-encoder-webm-vorbis: bf7c407c2cedff20999df2af8eb42d56 -> 
  custom:framework-win-MediaFoundation: 216162199b28c13a410421893ffa2e32 -> 
  custom:container-demuxer-ogg: 62fdf1f143b41e24485cea50d1cbac27 -> 
  custom:video-decoder-webm-vp8: 9c59270c3fd7afecdb556c50c9e8de78 -> 
  custom:audio-decoder-ogg-vorbis: bf7c407c2cedff20999df2af8eb42d56 -> 
========================================================================
Received Prepare
Registering precompiled user dll's ...
Registered in 0.006126 seconds.
Begin MonoManager ReloadAssembly
Symbol file LoadedFromMemory doesn't match image D:\Unity Projects\BattleshipBrickBreaker\BattleshipBrickBreaker\Battleship Brick Breaker\Library\PackageCache\com.unity.visualscripting@1.7.8\Editor\VisualScripting.Core\Dependencies\YamlDotNet\Unity.VisualScripting.YamlDotNet.dll
Symbol file LoadedFromMemory doesn't match image D:\Unity Projects\BattleshipBrickBreaker\BattleshipBrickBreaker\Battleship Brick Breaker\Library\PackageCache\com.unity.visualscripting@1.7.8\Editor\VisualScripting.Core\Dependencies\DotNetZip\Unity.VisualScripting.IonicZip.dll
Native extension for WindowsStandalone target not found
Native extension for Android target not found
Refreshing native plugins compatible for Editor in 0.79 ms, found 3 plugins.
Preloading 0 native plugins for Editor in 0.00 ms.
Mono: successfully reloaded assembly
- Completed reload, in  1.126 seconds
Domain Reload Profiling:
	ReloadAssembly (1126ms)
		BeginReloadAssembly (194ms)
			ExecutionOrderSort (0ms)
			DisableScriptedObjects (6ms)
			BackupInstance (0ms)
			ReleaseScriptingObjects (0ms)
			CreateAndSetChildDomain (46ms)
		EndReloadAssembly (820ms)
			LoadAssemblies (151ms)
			RebuildTransferFunctionScriptingTraits (0ms)
			SetupTypeCache (296ms)
			ReleaseScriptCaches (1ms)
			RebuildScriptCaches (38ms)
			SetupLoadedEditorAssemblies (336ms)
				LogAssemblyErrors (0ms)
				InitializePlatformSupportModulesInManaged (25ms)
				SetLoadedEditorAssemblies (0ms)
				RefreshPlugins (1ms)
				BeforeProcessingInitializeOnLoad (67ms)
				ProcessInitializeOnLoadAttributes (210ms)
				ProcessInitializeOnLoadMethodAttributes (30ms)
				AfterProcessingInitializeOnLoad (3ms)
				EditorAssembliesLoaded (0ms)
			ExecutionOrderSort2 (0ms)
			AwakeInstancesAfterBackupRestoration (9ms)
Platform modules already initialized, skipping
Shader 'WFX/Transparent Specular': fallback shader 'Particles/Alpha Blended' not found
Shader 'WFX/Transparent Diffuse': fallback shader 'Particles/Alpha Blended' not found
Refreshing native plugins compatible for Editor in 1.91 ms, found 3 plugins.
Preloading 0 native plugins for Editor in 0.00 ms.
Unloading 3652 Unused Serialized files (Serialized files now loaded: 0)
Unloading 34 unused Assets / (314.4 KB). Loaded Objects now: 4189.
Memory consumption went from 213.1 MB to 212.8 MB.
Total: 3.585700 ms (FindLiveObjects: 0.281700 ms CreateObjectMapping: 0.176100 ms MarkObjects: 2.967300 ms  DeleteObjects: 0.159600 ms)

AssetImportParameters requested are different than current active one (requested -> active):
  custom:video-decoder-ogg-theora: a1e56fd34408186e4bbccfd4996cb3dc -> 
  custom:container-muxer-webm: aa71ff27fc2769a1b78a27578f13a17b -> 
  custom:container-demuxer-webm: 4f35f7cbe854078d1ac9338744f61a02 -> 
  custom:video-encoder-webm-vp8: eb34c28f22e8b96e1ab97ce403110664 -> 
  custom:video-codec-MediaFoundation-h265: 746d11721c4dcdbdad8f713fa42b33f4 -> 
  custom:audio-encoder-webm-vorbis: bf7c407c2cedff20999df2af8eb42d56 -> 
  custom:framework-win-MediaFoundation: 216162199b28c13a410421893ffa2e32 -> 
  custom:container-demuxer-ogg: 62fdf1f143b41e24485cea50d1cbac27 -> 
  custom:video-decoder-webm-vp8: 9c59270c3fd7afecdb556c50c9e8de78 -> 
  custom:audio-decoder-ogg-vorbis: bf7c407c2cedff20999df2af8eb42d56 -> 
========================================================================
Received Prepare
Registering precompiled user dll's ...
Registered in 0.006151 seconds.
Begin MonoManager ReloadAssembly
Symbol file LoadedFromMemory doesn't match image D:\Unity Projects\BattleshipBrickBreaker\BattleshipBrickBreaker\Battleship Brick Breaker\Library\PackageCache\com.unity.visualscripting@1.7.8\Editor\VisualScripting.Core\Dependencies\YamlDotNet\Unity.VisualScripting.YamlDotNet.dll
Symbol file LoadedFromMemory doesn't match image D:\Unity Projects\BattleshipBrickBreaker\BattleshipBrickBreaker\Battleship Brick Breaker\Library\PackageCache\com.unity.visualscripting@1.7.8\Editor\VisualScripting.Core\Dependencies\DotNetZip\Unity.VisualScripting.IonicZip.dll
Native extension for WindowsStandalone target not found
Native extension for Android target not found
Refreshing native plugins compatible for Editor in 0.80 ms, found 3 plugins.
Preloading 0 native plugins for Editor in 0.00 ms.
Mono: successfully reloaded assembly
- Completed reload, in  1.133 seconds
Domain Reload Profiling:
	ReloadAssembly (1133ms)
		BeginReloadAssembly (166ms)
			ExecutionOrderSort (0ms)
			DisableScriptedObjects (5ms)
			BackupInstance (0ms)
			ReleaseScriptingObjects (0ms)
			CreateAndSetChildDomain (42ms)
		EndReloadAssembly (869ms)
			LoadAssemblies (123ms)
			RebuildTransferFunctionScriptingTraits (0ms)
			SetupTypeCache (310ms)
			ReleaseScriptCaches (4ms)
			RebuildScriptCaches (62ms)
			SetupLoadedEditorAssemblies (351ms)
				LogAssemblyErrors (0ms)
				InitializePlatformSupportModulesInManaged (20ms)
				SetLoadedEditorAssemblies (0ms)
				RefreshPlugins (1ms)
				BeforeProcessingInitializeOnLoad (75ms)
				ProcessInitializeOnLoadAttributes (217ms)
				ProcessInitializeOnLoadMethodAttributes (35ms)
				AfterProcessingInitializeOnLoad (3ms)
				EditorAssembliesLoaded (0ms)
			ExecutionOrderSort2 (0ms)
			AwakeInstancesAfterBackupRestoration (9ms)
Platform modules already initialized, skipping
Shader 'WFX/Transparent Specular': fallback shader 'Particles/Alpha Blended' not found
Shader 'WFX/Transparent Diffuse': fallback shader 'Particles/Alpha Blended' not found
Refreshing native plugins compatible for Editor in 2.47 ms, found 3 plugins.
Preloading 0 native plugins for Editor in 0.00 ms.
Unloading 3652 Unused Serialized files (Serialized files now loaded: 0)
Unloading 34 unused Assets / (314.5 KB). Loaded Objects now: 4192.
Memory consumption went from 213.1 MB to 212.8 MB.
Total: 3.339800 ms (FindLiveObjects: 0.279700 ms CreateObjectMapping: 0.161400 ms MarkObjects: 2.740600 ms  DeleteObjects: 0.157500 ms)

AssetImportParameters requested are different than current active one (requested -> active):
  custom:video-decoder-ogg-theora: a1e56fd34408186e4bbccfd4996cb3dc -> 
  custom:container-muxer-webm: aa71ff27fc2769a1b78a27578f13a17b -> 
  custom:container-demuxer-webm: 4f35f7cbe854078d1ac9338744f61a02 -> 
  custom:video-encoder-webm-vp8: eb34c28f22e8b96e1ab97ce403110664 -> 
  custom:video-codec-MediaFoundation-h265: 746d11721c4dcdbdad8f713fa42b33f4 -> 
  custom:audio-encoder-webm-vorbis: bf7c407c2cedff20999df2af8eb42d56 -> 
  custom:framework-win-MediaFoundation: 216162199b28c13a410421893ffa2e32 -> 
  custom:container-demuxer-ogg: 62fdf1f143b41e24485cea50d1cbac27 -> 
  custom:video-decoder-webm-vp8: 9c59270c3fd7afecdb556c50c9e8de78 -> 
  custom:audio-decoder-ogg-vorbis: bf7c407c2cedff20999df2af8eb42d56 -> 
========================================================================
Received Prepare
Registering precompiled user dll's ...
Registered in 0.006770 seconds.
Begin MonoManager ReloadAssembly
Symbol file LoadedFromMemory doesn't match image D:\Unity Projects\BattleshipBrickBreaker\BattleshipBrickBreaker\Battleship Brick Breaker\Library\PackageCache\com.unity.visualscripting@1.7.8\Editor\VisualScripting.Core\Dependencies\YamlDotNet\Unity.VisualScripting.YamlDotNet.dll
Symbol file LoadedFromMemory doesn't match image D:\Unity Projects\BattleshipBrickBreaker\BattleshipBrickBreaker\Battleship Brick Breaker\Library\PackageCache\com.unity.visualscripting@1.7.8\Editor\VisualScripting.Core\Dependencies\DotNetZip\Unity.VisualScripting.IonicZip.dll
Native extension for WindowsStandalone target not found
Native extension for Android target not found
Refreshing native plugins compatible for Editor in 0.88 ms, found 3 plugins.
Preloading 0 native plugins for Editor in 0.00 ms.
Mono: successfully reloaded assembly
- Completed reload, in  1.047 seconds
Domain Reload Profiling:
	ReloadAssembly (1048ms)
		BeginReloadAssembly (161ms)
			ExecutionOrderSort (0ms)
			DisableScriptedObjects (6ms)
			BackupInstance (0ms)
			ReleaseScriptingObjects (0ms)
			CreateAndSetChildDomain (37ms)
		EndReloadAssembly (794ms)
			LoadAssemblies (132ms)
			RebuildTransferFunctionScriptingTraits (0ms)
			SetupTypeCache (274ms)
			ReleaseScriptCaches (2ms)
			RebuildScriptCaches (41ms)
			SetupLoadedEditorAssemblies (331ms)
				LogAssemblyErrors (0ms)
				InitializePlatformSupportModulesInManaged (20ms)
				SetLoadedEditorAssemblies (0ms)
				RefreshPlugins (1ms)
				BeforeProcessingInitializeOnLoad (72ms)
				ProcessInitializeOnLoadAttributes (206ms)
				ProcessInitializeOnLoadMethodAttributes (29ms)
				AfterProcessingInitializeOnLoad (3ms)
				EditorAssembliesLoaded (0ms)
			ExecutionOrderSort2 (0ms)
			AwakeInstancesAfterBackupRestoration (11ms)
Platform modules already initialized, skipping
Shader 'WFX/Transparent Specular': fallback shader 'Particles/Alpha Blended' not found
Shader 'WFX/Transparent Diffuse': fallback shader 'Particles/Alpha Blended' not found
Refreshing native plugins compatible for Editor in 2.15 ms, found 3 plugins.
Preloading 0 native plugins for Editor in 0.00 ms.
Unloading 3652 Unused Serialized files (Serialized files now loaded: 0)
Unloading 34 unused Assets / (314.5 KB). Loaded Objects now: 4195.
Memory consumption went from 213.1 MB to 212.8 MB.
Total: 5.764000 ms (FindLiveObjects: 0.513600 ms CreateObjectMapping: 0.576000 ms MarkObjects: 3.648800 ms  DeleteObjects: 1.023600 ms)

AssetImportParameters requested are different than current active one (requested -> active):
  custom:video-decoder-ogg-theora: a1e56fd34408186e4bbccfd4996cb3dc -> 
  custom:container-muxer-webm: aa71ff27fc2769a1b78a27578f13a17b -> 
  custom:container-demuxer-webm: 4f35f7cbe854078d1ac9338744f61a02 -> 
  custom:video-encoder-webm-vp8: eb34c28f22e8b96e1ab97ce403110664 -> 
  custom:video-codec-MediaFoundation-h265: 746d11721c4dcdbdad8f713fa42b33f4 -> 
  custom:audio-encoder-webm-vorbis: bf7c407c2cedff20999df2af8eb42d56 -> 
  custom:framework-win-MediaFoundation: 216162199b28c13a410421893ffa2e32 -> 
  custom:container-demuxer-ogg: 62fdf1f143b41e24485cea50d1cbac27 -> 
  custom:video-decoder-webm-vp8: 9c59270c3fd7afecdb556c50c9e8de78 -> 
  custom:audio-decoder-ogg-vorbis: bf7c407c2cedff20999df2af8eb42d56 -> 
========================================================================
Received Import Request.
  Time since last request: 448.214669 seconds.
  path: Assets/MyPrefabs/Bricks/Basic Brick (Small Square) [1] Variant.prefab
  artifactKey: Guid(39b837627a235634c882139082bdffee) Importer(815301076,1909f56bfc062723c751e8b465ee728b)
Start importing Assets/MyPrefabs/Bricks/Basic Brick (Small Square) [1] Variant.prefab using Guid(39b837627a235634c882139082bdffee) Importer(815301076,1909f56bfc062723c751e8b465ee728b)  -> (artifact id: 'b5aa9471b280dd93a4631f2beb7f9f73') in 0.313483 seconds 
========================================================================
Received Import Request.
  Time since last request: 0.000026 seconds.
  path: Assets/MyPrefabs/Bricks/Powerup Brick Variant.prefab
  artifactKey: Guid(0ee3ab5b00e63e247ae20649f36d6608) Importer(815301076,1909f56bfc062723c751e8b465ee728b)
Start importing Assets/MyPrefabs/Bricks/Powerup Brick Variant.prefab using Guid(0ee3ab5b00e63e247ae20649f36d6608) Importer(815301076,1909f56bfc062723c751e8b465ee728b)  -> (artifact id: 'f92b42c60fa80e246d30719e9b3c3d2d') in 0.197559 seconds 
========================================================================
Received Import Request.
  Time since last request: 0.000032 seconds.
  path: Assets/MyPrefabs/Bricks/Basic Brick [1].prefab
  artifactKey: Guid(6cb226225a379bb4a9d4d14d15edfee5) Importer(815301076,1909f56bfc062723c751e8b465ee728b)
Start importing Assets/MyPrefabs/Bricks/Basic Brick [1].prefab using Guid(6cb226225a379bb4a9d4d14d15edfee5) Importer(815301076,1909f56bfc062723c751e8b465ee728b)  -> (artifact id: '1494e26a44a74eb60b71317b9701be8f') in 0.146597 seconds 
========================================================================
Received Import Request.
  Time since last request: 0.000026 seconds.
  path: Assets/MyPrefabs/Bricks/Basic Brick [3] Variant.prefab
  artifactKey: Guid(30b5215efaf75994e9c6e981e4aab438) Importer(815301076,1909f56bfc062723c751e8b465ee728b)
Start importing Assets/MyPrefabs/Bricks/Basic Brick [3] Variant.prefab using Guid(30b5215efaf75994e9c6e981e4aab438) Importer(815301076,1909f56bfc062723c751e8b465ee728b)  -> (artifact id: 'cef51aa915c7f3dbeba85856a636aa4f') in 0.152031 seconds 
========================================================================
Received Import Request.
  Time since last request: 0.000027 seconds.
  path: Assets/MyPrefabs/Bricks/Explosion Brick Variant.prefab
  artifactKey: Guid(661fa8077b6fb644d9f2b760b2babddd) Importer(815301076,1909f56bfc062723c751e8b465ee728b)
Start importing Assets/MyPrefabs/Bricks/Explosion Brick Variant.prefab using Guid(661fa8077b6fb644d9f2b760b2babddd) Importer(815301076,1909f56bfc062723c751e8b465ee728b)  -> (artifact id: '45333661b940378d39832448ccf06621') in 0.169508 seconds 
========================================================================
Received Import Request.
  Time since last request: 0.000047 seconds.
  path: Assets/MyPrefabs/Bricks/Basic Brick [2] Square Variant.prefab
  artifactKey: Guid(4684c8077a0150c479bbc1cdbf1327e5) Importer(815301076,1909f56bfc062723c751e8b465ee728b)
Start importing Assets/MyPrefabs/Bricks/Basic Brick [2] Square Variant.prefab using Guid(4684c8077a0150c479bbc1cdbf1327e5) Importer(815301076,1909f56bfc062723c751e8b465ee728b)  -> (artifact id: 'e24330cc69ca22b91f9d574d541d331a') in 0.173730 seconds 
========================================================================
Received Import Request.
  Time since last request: 15.604598 seconds.
  path: Assets/MyPrefabs/Bricks/Basic Brick (Small Square) [1] Variant.prefab
  artifactKey: Guid(39b837627a235634c882139082bdffee) Importer(815301076,1909f56bfc062723c751e8b465ee728b)
Start importing Assets/MyPrefabs/Bricks/Basic Brick (Small Square) [1] Variant.prefab using Guid(39b837627a235634c882139082bdffee) Importer(815301076,1909f56bfc062723c751e8b465ee728b)  -> (artifact id: 'a587e5fda339d510d7f19e5cda90f93c') in 0.219172 seconds 
========================================================================
Received Import Request.
  Time since last request: 0.000054 seconds.
  path: Assets/MyPrefabs/Bricks/Basic Brick [2] (Small Square) Variant.prefab
  artifactKey: Guid(54012e7ac0a169547a8703428e3b86cd) Importer(815301076,1909f56bfc062723c751e8b465ee728b)
Start importing Assets/MyPrefabs/Bricks/Basic Brick [2] (Small Square) Variant.prefab using Guid(54012e7ac0a169547a8703428e3b86cd) Importer(815301076,1909f56bfc062723c751e8b465ee728b)  -> (artifact id: '495fbe7a41c68962a177e3cb4996db60') in 0.220278 seconds 
========================================================================
Received Import Request.
  Time since last request: 0.000031 seconds.
  path: Assets/MyPrefabs/Bricks/Basic Brick [3] Variant.prefab
  artifactKey: Guid(30b5215efaf75994e9c6e981e4aab438) Importer(815301076,1909f56bfc062723c751e8b465ee728b)
Start importing Assets/MyPrefabs/Bricks/Basic Brick [3] Variant.prefab using Guid(30b5215efaf75994e9c6e981e4aab438) Importer(815301076,1909f56bfc062723c751e8b465ee728b)  -> (artifact id: '0f47ec913d84390f78bea73c1b619510') in 0.162835 seconds 
========================================================================
Received Import Request.
  Time since last request: 0.000025 seconds.
  path: Assets/MyPrefabs/Bricks/Basic Brick [2] Square Variant.prefab
  artifactKey: Guid(4684c8077a0150c479bbc1cdbf1327e5) Importer(815301076,1909f56bfc062723c751e8b465ee728b)
Start importing Assets/MyPrefabs/Bricks/Basic Brick [2] Square Variant.prefab using Guid(4684c8077a0150c479bbc1cdbf1327e5) Importer(815301076,1909f56bfc062723c751e8b465ee728b)  -> (artifact id: 'be02828753dd204cc0725dd79f1fd019') in 0.165857 seconds 
========================================================================
Received Prepare
Registering precompiled user dll's ...
Registered in 0.006183 seconds.
Begin MonoManager ReloadAssembly
Symbol file LoadedFromMemory doesn't match image D:\Unity Projects\BattleshipBrickBreaker\BattleshipBrickBreaker\Battleship Brick Breaker\Library\PackageCache\com.unity.visualscripting@1.7.8\Editor\VisualScripting.Core\Dependencies\YamlDotNet\Unity.VisualScripting.YamlDotNet.dll
Symbol file LoadedFromMemory doesn't match image D:\Unity Projects\BattleshipBrickBreaker\BattleshipBrickBreaker\Battleship Brick Breaker\Library\PackageCache\com.unity.visualscripting@1.7.8\Editor\VisualScripting.Core\Dependencies\DotNetZip\Unity.VisualScripting.IonicZip.dll
Native extension for WindowsStandalone target not found
Native extension for Android target not found
Refreshing native plugins compatible for Editor in 0.74 ms, found 3 plugins.
Preloading 0 native plugins for Editor in 0.00 ms.
Mono: successfully reloaded assembly
- Completed reload, in  1.079 seconds
Domain Reload Profiling:
	ReloadAssembly (1079ms)
		BeginReloadAssembly (160ms)
			ExecutionOrderSort (0ms)
			DisableScriptedObjects (5ms)
			BackupInstance (0ms)
			ReleaseScriptingObjects (0ms)
			CreateAndSetChildDomain (38ms)
		EndReloadAssembly (824ms)
			LoadAssemblies (120ms)
			RebuildTransferFunctionScriptingTraits (0ms)
			SetupTypeCache (293ms)
			ReleaseScriptCaches (1ms)
			RebuildScriptCaches (48ms)
			SetupLoadedEditorAssemblies (339ms)
				LogAssemblyErrors (0ms)
				InitializePlatformSupportModulesInManaged (20ms)
				SetLoadedEditorAssemblies (0ms)
				RefreshPlugins (1ms)
				BeforeProcessingInitializeOnLoad (67ms)
				ProcessInitializeOnLoadAttributes (217ms)
				ProcessInitializeOnLoadMethodAttributes (30ms)
				AfterProcessingInitializeOnLoad (3ms)
				EditorAssembliesLoaded (0ms)
			ExecutionOrderSort2 (0ms)
			AwakeInstancesAfterBackupRestoration (9ms)
Platform modules already initialized, skipping
Shader 'WFX/Transparent Specular': fallback shader 'Particles/Alpha Blended' not found
Shader 'WFX/Transparent Diffuse': fallback shader 'Particles/Alpha Blended' not found
Refreshing native plugins compatible for Editor in 2.45 ms, found 3 plugins.
Preloading 0 native plugins for Editor in 0.00 ms.
Unloading 3652 Unused Serialized files (Serialized files now loaded: 0)
Unloading 34 unused Assets / (314.7 KB). Loaded Objects now: 4198.
Memory consumption went from 213.2 MB to 212.9 MB.
Total: 4.911300 ms (FindLiveObjects: 0.292900 ms CreateObjectMapping: 0.198600 ms MarkObjects: 4.157200 ms  DeleteObjects: 0.261000 ms)

AssetImportParameters requested are different than current active one (requested -> active):
  custom:video-decoder-ogg-theora: a1e56fd34408186e4bbccfd4996cb3dc -> 
  custom:container-muxer-webm: aa71ff27fc2769a1b78a27578f13a17b -> 
  custom:container-demuxer-webm: 4f35f7cbe854078d1ac9338744f61a02 -> 
  custom:video-encoder-webm-vp8: eb34c28f22e8b96e1ab97ce403110664 -> 
  custom:video-codec-MediaFoundation-h265: 746d11721c4dcdbdad8f713fa42b33f4 -> 
  custom:audio-encoder-webm-vorbis: bf7c407c2cedff20999df2af8eb42d56 -> 
  custom:framework-win-MediaFoundation: 216162199b28c13a410421893ffa2e32 -> 
  custom:container-demuxer-ogg: 62fdf1f143b41e24485cea50d1cbac27 -> 
  custom:video-decoder-webm-vp8: 9c59270c3fd7afecdb556c50c9e8de78 -> 
  custom:audio-decoder-ogg-vorbis: bf7c407c2cedff20999df2af8eb42d56 -> 
========================================================================
Received Prepare
Registering precompiled user dll's ...
Registered in 0.006064 seconds.
Begin MonoManager ReloadAssembly
Symbol file LoadedFromMemory doesn't match image D:\Unity Projects\BattleshipBrickBreaker\BattleshipBrickBreaker\Battleship Brick Breaker\Library\PackageCache\com.unity.visualscripting@1.7.8\Editor\VisualScripting.Core\Dependencies\YamlDotNet\Unity.VisualScripting.YamlDotNet.dll
Symbol file LoadedFromMemory doesn't match image D:\Unity Projects\BattleshipBrickBreaker\BattleshipBrickBreaker\Battleship Brick Breaker\Library\PackageCache\com.unity.visualscripting@1.7.8\Editor\VisualScripting.Core\Dependencies\DotNetZip\Unity.VisualScripting.IonicZip.dll
Native extension for WindowsStandalone target not found
Native extension for Android target not found
Refreshing native plugins compatible for Editor in 0.77 ms, found 3 plugins.
Preloading 0 native plugins for Editor in 0.00 ms.
Mono: successfully reloaded assembly
- Completed reload, in  1.062 seconds
Domain Reload Profiling:
	ReloadAssembly (1063ms)
		BeginReloadAssembly (172ms)
			ExecutionOrderSort (0ms)
			DisableScriptedObjects (6ms)
			BackupInstance (0ms)
			ReleaseScriptingObjects (0ms)
			CreateAndSetChildDomain (46ms)
		EndReloadAssembly (781ms)
			LoadAssemblies (138ms)
			RebuildTransferFunctionScriptingTraits (0ms)
			SetupTypeCache (283ms)
			ReleaseScriptCaches (1ms)
			RebuildScriptCaches (38ms)
			SetupLoadedEditorAssemblies (316ms)
				LogAssemblyErrors (0ms)
				InitializePlatformSupportModulesInManaged (19ms)
				SetLoadedEditorAssemblies (0ms)
				RefreshPlugins (1ms)
				BeforeProcessingInitializeOnLoad (66ms)
				ProcessInitializeOnLoadAttributes (199ms)
				ProcessInitializeOnLoadMethodAttributes (28ms)
				AfterProcessingInitializeOnLoad (3ms)
				EditorAssembliesLoaded (0ms)
			ExecutionOrderSort2 (0ms)
			AwakeInstancesAfterBackupRestoration (9ms)
Platform modules already initialized, skipping
Shader 'WFX/Transparent Specular': fallback shader 'Particles/Alpha Blended' not found
Shader 'WFX/Transparent Diffuse': fallback shader 'Particles/Alpha Blended' not found
Refreshing native plugins compatible for Editor in 1.85 ms, found 3 plugins.
Preloading 0 native plugins for Editor in 0.00 ms.
Unloading 3652 Unused Serialized files (Serialized files now loaded: 0)
Unloading 34 unused Assets / (314.5 KB). Loaded Objects now: 4201.
Memory consumption went from 213.2 MB to 212.9 MB.
Total: 3.634500 ms (FindLiveObjects: 0.282200 ms CreateObjectMapping: 0.191400 ms MarkObjects: 2.996100 ms  DeleteObjects: 0.163800 ms)

AssetImportParameters requested are different than current active one (requested -> active):
  custom:video-decoder-ogg-theora: a1e56fd34408186e4bbccfd4996cb3dc -> 
  custom:container-muxer-webm: aa71ff27fc2769a1b78a27578f13a17b -> 
  custom:container-demuxer-webm: 4f35f7cbe854078d1ac9338744f61a02 -> 
  custom:video-encoder-webm-vp8: eb34c28f22e8b96e1ab97ce403110664 -> 
  custom:video-codec-MediaFoundation-h265: 746d11721c4dcdbdad8f713fa42b33f4 -> 
  custom:audio-encoder-webm-vorbis: bf7c407c2cedff20999df2af8eb42d56 -> 
  custom:framework-win-MediaFoundation: 216162199b28c13a410421893ffa2e32 -> 
  custom:container-demuxer-ogg: 62fdf1f143b41e24485cea50d1cbac27 -> 
  custom:video-decoder-webm-vp8: 9c59270c3fd7afecdb556c50c9e8de78 -> 
  custom:audio-decoder-ogg-vorbis: bf7c407c2cedff20999df2af8eb42d56 -> 
========================================================================
Received Prepare
Registering precompiled user dll's ...
Registered in 0.006948 seconds.
Begin MonoManager ReloadAssembly
Symbol file LoadedFromMemory doesn't match image D:\Unity Projects\BattleshipBrickBreaker\BattleshipBrickBreaker\Battleship Brick Breaker\Library\PackageCache\com.unity.visualscripting@1.7.8\Editor\VisualScripting.Core\Dependencies\YamlDotNet\Unity.VisualScripting.YamlDotNet.dll
Symbol file LoadedFromMemory doesn't match image D:\Unity Projects\BattleshipBrickBreaker\BattleshipBrickBreaker\Battleship Brick Breaker\Library\PackageCache\com.unity.visualscripting@1.7.8\Editor\VisualScripting.Core\Dependencies\DotNetZip\Unity.VisualScripting.IonicZip.dll
Native extension for WindowsStandalone target not found
Native extension for Android target not found
Refreshing native plugins compatible for Editor in 0.83 ms, found 3 plugins.
Preloading 0 native plugins for Editor in 0.00 ms.
Mono: successfully reloaded assembly
- Completed reload, in  1.086 seconds
Domain Reload Profiling:
	ReloadAssembly (1087ms)
		BeginReloadAssembly (155ms)
			ExecutionOrderSort (0ms)
			DisableScriptedObjects (5ms)
			BackupInstance (0ms)
			ReleaseScriptingObjects (0ms)
			CreateAndSetChildDomain (38ms)
		EndReloadAssembly (830ms)
			LoadAssemblies (124ms)
			RebuildTransferFunctionScriptingTraits (0ms)
			SetupTypeCache (297ms)
			ReleaseScriptCaches (2ms)
			RebuildScriptCaches (48ms)
			SetupLoadedEditorAssemblies (339ms)
				LogAssemblyErrors (0ms)
				InitializePlatformSupportModulesInManaged (22ms)
				SetLoadedEditorAssemblies (0ms)
				RefreshPlugins (1ms)
				BeforeProcessingInitializeOnLoad (73ms)
				ProcessInitializeOnLoadAttributes (206ms)
				ProcessInitializeOnLoadMethodAttributes (34ms)
				AfterProcessingInitializeOnLoad (3ms)
				EditorAssembliesLoaded (0ms)
			ExecutionOrderSort2 (0ms)
			AwakeInstancesAfterBackupRestoration (9ms)
Platform modules already initialized, skipping
Shader 'WFX/Transparent Specular': fallback shader 'Particles/Alpha Blended' not found
Shader 'WFX/Transparent Diffuse': fallback shader 'Particles/Alpha Blended' not found
Refreshing native plugins compatible for Editor in 5.69 ms, found 3 plugins.
Preloading 0 native plugins for Editor in 0.00 ms.
Unloading 3652 Unused Serialized files (Serialized files now loaded: 0)
Unloading 34 unused Assets / (314.7 KB). Loaded Objects now: 4204.
Memory consumption went from 213.2 MB to 212.9 MB.
Total: 4.101300 ms (FindLiveObjects: 0.407000 ms CreateObjectMapping: 0.387300 ms MarkObjects: 3.110600 ms  DeleteObjects: 0.193500 ms)

AssetImportParameters requested are different than current active one (requested -> active):
  custom:video-decoder-ogg-theora: a1e56fd34408186e4bbccfd4996cb3dc -> 
  custom:container-muxer-webm: aa71ff27fc2769a1b78a27578f13a17b -> 
  custom:container-demuxer-webm: 4f35f7cbe854078d1ac9338744f61a02 -> 
  custom:video-encoder-webm-vp8: eb34c28f22e8b96e1ab97ce403110664 -> 
  custom:video-codec-MediaFoundation-h265: 746d11721c4dcdbdad8f713fa42b33f4 -> 
  custom:audio-encoder-webm-vorbis: bf7c407c2cedff20999df2af8eb42d56 -> 
  custom:framework-win-MediaFoundation: 216162199b28c13a410421893ffa2e32 -> 
  custom:container-demuxer-ogg: 62fdf1f143b41e24485cea50d1cbac27 -> 
  custom:video-decoder-webm-vp8: 9c59270c3fd7afecdb556c50c9e8de78 -> 
  custom:audio-decoder-ogg-vorbis: bf7c407c2cedff20999df2af8eb42d56 -> 
========================================================================
Received Prepare
Registering precompiled user dll's ...
Registered in 0.007213 seconds.
Begin MonoManager ReloadAssembly
Symbol file LoadedFromMemory doesn't match image D:\Unity Projects\BattleshipBrickBreaker\BattleshipBrickBreaker\Battleship Brick Breaker\Library\PackageCache\com.unity.visualscripting@1.7.8\Editor\VisualScripting.Core\Dependencies\YamlDotNet\Unity.VisualScripting.YamlDotNet.dll
Symbol file LoadedFromMemory doesn't match image D:\Unity Projects\BattleshipBrickBreaker\BattleshipBrickBreaker\Battleship Brick Breaker\Library\PackageCache\com.unity.visualscripting@1.7.8\Editor\VisualScripting.Core\Dependencies\DotNetZip\Unity.VisualScripting.IonicZip.dll
Native extension for WindowsStandalone target not found
Native extension for Android target not found
Refreshing native plugins compatible for Editor in 0.75 ms, found 3 plugins.
Preloading 0 native plugins for Editor in 0.00 ms.
Mono: successfully reloaded assembly
- Completed reload, in  1.056 seconds
Domain Reload Profiling:
	ReloadAssembly (1057ms)
		BeginReloadAssembly (161ms)
			ExecutionOrderSort (0ms)
			DisableScriptedObjects (5ms)
			BackupInstance (0ms)
			ReleaseScriptingObjects (0ms)
			CreateAndSetChildDomain (42ms)
		EndReloadAssembly (795ms)
			LoadAssemblies (117ms)
			RebuildTransferFunctionScriptingTraits (0ms)
			SetupTypeCache (273ms)
			ReleaseScriptCaches (1ms)
			RebuildScriptCaches (45ms)
			SetupLoadedEditorAssemblies (343ms)
				LogAssemblyErrors (0ms)
				InitializePlatformSupportModulesInManaged (19ms)
				SetLoadedEditorAssemblies (0ms)
				RefreshPlugins (1ms)
				BeforeProcessingInitializeOnLoad (77ms)
				ProcessInitializeOnLoadAttributes (209ms)
				ProcessInitializeOnLoadMethodAttributes (33ms)
				AfterProcessingInitializeOnLoad (3ms)
				EditorAssembliesLoaded (0ms)
			ExecutionOrderSort2 (0ms)
			AwakeInstancesAfterBackupRestoration (9ms)
Platform modules already initialized, skipping
Shader 'WFX/Transparent Specular': fallback shader 'Particles/Alpha Blended' not found
Shader 'WFX/Transparent Diffuse': fallback shader 'Particles/Alpha Blended' not found
Refreshing native plugins compatible for Editor in 1.97 ms, found 3 plugins.
Preloading 0 native plugins for Editor in 0.00 ms.
Unloading 3652 Unused Serialized files (Serialized files now loaded: 0)
Unloading 34 unused Assets / (314.6 KB). Loaded Objects now: 4207.
Memory consumption went from 213.2 MB to 212.9 MB.
Total: 3.371700 ms (FindLiveObjects: 0.283600 ms CreateObjectMapping: 0.202600 ms MarkObjects: 2.684900 ms  DeleteObjects: 0.199600 ms)

AssetImportParameters requested are different than current active one (requested -> active):
  custom:video-decoder-ogg-theora: a1e56fd34408186e4bbccfd4996cb3dc -> 
  custom:container-muxer-webm: aa71ff27fc2769a1b78a27578f13a17b -> 
  custom:container-demuxer-webm: 4f35f7cbe854078d1ac9338744f61a02 -> 
  custom:video-encoder-webm-vp8: eb34c28f22e8b96e1ab97ce403110664 -> 
  custom:video-codec-MediaFoundation-h265: 746d11721c4dcdbdad8f713fa42b33f4 -> 
  custom:audio-encoder-webm-vorbis: bf7c407c2cedff20999df2af8eb42d56 -> 
  custom:framework-win-MediaFoundation: 216162199b28c13a410421893ffa2e32 -> 
  custom:container-demuxer-ogg: 62fdf1f143b41e24485cea50d1cbac27 -> 
  custom:video-decoder-webm-vp8: 9c59270c3fd7afecdb556c50c9e8de78 -> 
  custom:audio-decoder-ogg-vorbis: bf7c407c2cedff20999df2af8eb42d56 -> 
========================================================================
Received Import Request.
  Time since last request: 772.839231 seconds.
  path: Assets/MyPrefabs/Bricks/Ammo Brick.prefab
  artifactKey: Guid(bf06a3c79f21abf4986f47edc536c652) Importer(815301076,1909f56bfc062723c751e8b465ee728b)
Start importing Assets/MyPrefabs/Bricks/Ammo Brick.prefab using Guid(bf06a3c79f21abf4986f47edc536c652) Importer(815301076,1909f56bfc062723c751e8b465ee728b)  -> (artifact id: '0f25d4d227d33abcca2b0cb3d04c0b51') in 0.100787 seconds 
========================================================================
Received Import Request.
  Time since last request: 0.000026 seconds.
  path: Assets/MyPrefabs/Bricks/Basic Brick (Square) [1] Variant.prefab
  artifactKey: Guid(3d89e0883409975469e6a137f4102df7) Importer(815301076,1909f56bfc062723c751e8b465ee728b)
Start importing Assets/MyPrefabs/Bricks/Basic Brick (Square) [1] Variant.prefab using Guid(3d89e0883409975469e6a137f4102df7) Importer(815301076,1909f56bfc062723c751e8b465ee728b)  -> (artifact id: '5bd96f531d6f380c45d9deadf4d59fa6') in 0.397838 seconds 
========================================================================
Received Import Request.
  Time since last request: 0.000034 seconds.
  path: Assets/MyPrefabs/Bricks/Powerup Brick Variant.prefab
  artifactKey: Guid(0ee3ab5b00e63e247ae20649f36d6608) Importer(815301076,1909f56bfc062723c751e8b465ee728b)
Start importing Assets/MyPrefabs/Bricks/Powerup Brick Variant.prefab using Guid(0ee3ab5b00e63e247ae20649f36d6608) Importer(815301076,1909f56bfc062723c751e8b465ee728b)  -> (artifact id: 'f3daec04a3b1daf20277e9c3b140246a') in 0.166995 seconds 
========================================================================
Received Import Request.
  Time since last request: 0.000029 seconds.
  path: Assets/MyPrefabs/Bricks/Basic Brick [1].prefab
  artifactKey: Guid(6cb226225a379bb4a9d4d14d15edfee5) Importer(815301076,1909f56bfc062723c751e8b465ee728b)
Start importing Assets/MyPrefabs/Bricks/Basic Brick [1].prefab using Guid(6cb226225a379bb4a9d4d14d15edfee5) Importer(815301076,1909f56bfc062723c751e8b465ee728b)  -> (artifact id: 'cfe5ad82a3541d21fae5b5d5a59923d5') in 0.203274 seconds 
========================================================================
Received Import Request.
  Time since last request: 0.000030 seconds.
  path: Assets/MyPrefabs/Bricks/Basic Brick [3] Variant.prefab
  artifactKey: Guid(30b5215efaf75994e9c6e981e4aab438) Importer(815301076,1909f56bfc062723c751e8b465ee728b)
Start importing Assets/MyPrefabs/Bricks/Basic Brick [3] Variant.prefab using Guid(30b5215efaf75994e9c6e981e4aab438) Importer(815301076,1909f56bfc062723c751e8b465ee728b)  -> (artifact id: 'c90513380c21909cf7cf1f3ed4731170') in 0.172668 seconds 
========================================================================
Received Import Request.
  Time since last request: 0.000047 seconds.
  path: Assets/MyPrefabs/Bricks/Explosion Brick Variant 2.prefab
  artifactKey: Guid(df0d82aec765ff54490f52f07cc43437) Importer(815301076,1909f56bfc062723c751e8b465ee728b)
Start importing Assets/MyPrefabs/Bricks/Explosion Brick Variant 2.prefab using Guid(df0d82aec765ff54490f52f07cc43437) Importer(815301076,1909f56bfc062723c751e8b465ee728b)  -> (artifact id: '886173ab6493f25c05c09746a12ba32f') in 0.164920 seconds 
========================================================================
Received Import Request.
  Time since last request: 0.000023 seconds.
  path: Assets/MyPrefabs/Bricks/Basic Brick [2] Square Variant.prefab
  artifactKey: Guid(4684c8077a0150c479bbc1cdbf1327e5) Importer(815301076,1909f56bfc062723c751e8b465ee728b)
Start importing Assets/MyPrefabs/Bricks/Basic Brick [2] Square Variant.prefab using Guid(4684c8077a0150c479bbc1cdbf1327e5) Importer(815301076,1909f56bfc062723c751e8b465ee728b)  -> (artifact id: 'ae3ce10b16b45baf5d71b99dd0bd5d5a') in 0.186511 seconds 
========================================================================
Received Import Request.
  Time since last request: 11.974958 seconds.
  path: Assets/MyPrefabs/Bricks/Basic Brick (Small Square) [1] Variant.prefab
  artifactKey: Guid(39b837627a235634c882139082bdffee) Importer(815301076,1909f56bfc062723c751e8b465ee728b)
Start importing Assets/MyPrefabs/Bricks/Basic Brick (Small Square) [1] Variant.prefab using Guid(39b837627a235634c882139082bdffee) Importer(815301076,1909f56bfc062723c751e8b465ee728b)  -> (artifact id: '22416a43be8b1fe089c03aa4f1fb64ae') in 0.249209 seconds 
========================================================================
Received Import Request.
  Time since last request: 0.000022 seconds.
  path: Assets/MyPrefabs/Bricks/Basic Brick [2] (Small Square) Variant.prefab
  artifactKey: Guid(54012e7ac0a169547a8703428e3b86cd) Importer(815301076,1909f56bfc062723c751e8b465ee728b)
Start importing Assets/MyPrefabs/Bricks/Basic Brick [2] (Small Square) Variant.prefab using Guid(54012e7ac0a169547a8703428e3b86cd) Importer(815301076,1909f56bfc062723c751e8b465ee728b)  -> (artifact id: '32ab3a4f20e4c7fda4899ba02c87c470') in 0.170590 seconds 
========================================================================
Received Import Request.
  Time since last request: 0.000039 seconds.
  path: Assets/MyPrefabs/Bricks/Basic Brick [3] Variant.prefab
  artifactKey: Guid(30b5215efaf75994e9c6e981e4aab438) Importer(815301076,1909f56bfc062723c751e8b465ee728b)
Start importing Assets/MyPrefabs/Bricks/Basic Brick [3] Variant.prefab using Guid(30b5215efaf75994e9c6e981e4aab438) Importer(815301076,1909f56bfc062723c751e8b465ee728b)  -> (artifact id: '8a801318aa7535ebe3871049c19b4386') in 0.170556 seconds 
========================================================================
Received Import Request.
  Time since last request: 0.000032 seconds.
  path: Assets/MyPrefabs/Bricks/Basic Brick [2] Square Variant.prefab
  artifactKey: Guid(4684c8077a0150c479bbc1cdbf1327e5) Importer(815301076,1909f56bfc062723c751e8b465ee728b)
Start importing Assets/MyPrefabs/Bricks/Basic Brick [2] Square Variant.prefab using Guid(4684c8077a0150c479bbc1cdbf1327e5) Importer(815301076,1909f56bfc062723c751e8b465ee728b)  -> (artifact id: 'a2bdf45eaa3cc919d42217b3ad85d69c') in 0.162713 seconds 
========================================================================
Received Import Request.
  Time since last request: 2.789019 seconds.
  path: Assets/MyPrefabs/Bricks/Basic Brick (Small Square) [1] Variant.prefab
  artifactKey: Guid(39b837627a235634c882139082bdffee) Importer(815301076,1909f56bfc062723c751e8b465ee728b)
Start importing Assets/MyPrefabs/Bricks/Basic Brick (Small Square) [1] Variant.prefab using Guid(39b837627a235634c882139082bdffee) Importer(815301076,1909f56bfc062723c751e8b465ee728b)  -> (artifact id: '6d38bc2fedecc859d02df608f472803c') in 0.256715 seconds 
========================================================================
Received Import Request.
  Time since last request: 0.000044 seconds.
  path: Assets/MyPrefabs/Bricks/Basic Brick [2] (Small Square) Variant.prefab
  artifactKey: Guid(54012e7ac0a169547a8703428e3b86cd) Importer(815301076,1909f56bfc062723c751e8b465ee728b)
Start importing Assets/MyPrefabs/Bricks/Basic Brick [2] (Small Square) Variant.prefab using Guid(54012e7ac0a169547a8703428e3b86cd) Importer(815301076,1909f56bfc062723c751e8b465ee728b)  -> (artifact id: '8b82a3b0ecfbc0a4dbacbfe4ec71ef8b') in 0.210813 seconds 
========================================================================
Received Import Request.
  Time since last request: 0.000043 seconds.
  path: Assets/MyPrefabs/Bricks/Basic Brick [3] Variant.prefab
  artifactKey: Guid(30b5215efaf75994e9c6e981e4aab438) Importer(815301076,1909f56bfc062723c751e8b465ee728b)
Start importing Assets/MyPrefabs/Bricks/Basic Brick [3] Variant.prefab using Guid(30b5215efaf75994e9c6e981e4aab438) Importer(815301076,1909f56bfc062723c751e8b465ee728b)  -> (artifact id: '77bac12235b4acaef83b85dcab774441') in 0.183788 seconds 
========================================================================
Received Import Request.
  Time since last request: 0.000070 seconds.
  path: Assets/MyPrefabs/Bricks/Basic Brick [2] Square Variant.prefab
  artifactKey: Guid(4684c8077a0150c479bbc1cdbf1327e5) Importer(815301076,1909f56bfc062723c751e8b465ee728b)
Start importing Assets/MyPrefabs/Bricks/Basic Brick [2] Square Variant.prefab using Guid(4684c8077a0150c479bbc1cdbf1327e5) Importer(815301076,1909f56bfc062723c751e8b465ee728b)  -> (artifact id: '5fd3b00939b3eaa916e996d89ac07a63') in 0.169410 seconds 
========================================================================
Received Import Request.
  Time since last request: 5.408326 seconds.
  path: Assets/MyPrefabs/Bricks/Basic Brick (Small Square) [1] Variant.prefab
  artifactKey: Guid(39b837627a235634c882139082bdffee) Importer(815301076,1909f56bfc062723c751e8b465ee728b)
Start importing Assets/MyPrefabs/Bricks/Basic Brick (Small Square) [1] Variant.prefab using Guid(39b837627a235634c882139082bdffee) Importer(815301076,1909f56bfc062723c751e8b465ee728b)  -> (artifact id: '2b10999ca6187092627e59ac984f2167') in 0.175385 seconds 
========================================================================
Received Import Request.
  Time since last request: 0.000023 seconds.
  path: Assets/MyPrefabs/Bricks/Split Brick.prefab
  artifactKey: Guid(981538c2608aa0c4b976d798c3e5701b) Importer(815301076,1909f56bfc062723c751e8b465ee728b)
Start importing Assets/MyPrefabs/Bricks/Split Brick.prefab using Guid(981538c2608aa0c4b976d798c3e5701b) Importer(815301076,1909f56bfc062723c751e8b465ee728b)  -> (artifact id: '00fe5e08f61ba1111b1ee17f86d1997b') in 0.156429 seconds 
========================================================================
Received Import Request.
  Time since last request: 0.000048 seconds.
  path: Assets/MyPrefabs/Bricks/Explosion Brick Variant.prefab
  artifactKey: Guid(661fa8077b6fb644d9f2b760b2babddd) Importer(815301076,1909f56bfc062723c751e8b465ee728b)
Start importing Assets/MyPrefabs/Bricks/Explosion Brick Variant.prefab using Guid(661fa8077b6fb644d9f2b760b2babddd) Importer(815301076,1909f56bfc062723c751e8b465ee728b)  -> (artifact id: '7c2b504c755d0e0fa9ac2e35185ea718') in 0.187588 seconds 
========================================================================
Received Import Request.
  Time since last request: 0.000027 seconds.
  path: Assets/MyPrefabs/Bricks/Basic Brick [3] (Small Square) Variant.prefab
  artifactKey: Guid(8f48e9a960a8fac478efda8cfc29d4c9) Importer(815301076,1909f56bfc062723c751e8b465ee728b)
Start importing Assets/MyPrefabs/Bricks/Basic Brick [3] (Small Square) Variant.prefab using Guid(8f48e9a960a8fac478efda8cfc29d4c9) Importer(815301076,1909f56bfc062723c751e8b465ee728b)  -> (artifact id: '058194a6b8feb80304f8fd20ea4f424e') in 0.180162 seconds 
========================================================================
Received Import Request.
  Time since last request: 4.102074 seconds.
  path: Assets/MyPrefabs/Bricks/Basic Brick (Small Square) [1] Variant.prefab
  artifactKey: Guid(39b837627a235634c882139082bdffee) Importer(815301076,1909f56bfc062723c751e8b465ee728b)
Start importing Assets/MyPrefabs/Bricks/Basic Brick (Small Square) [1] Variant.prefab using Guid(39b837627a235634c882139082bdffee) Importer(815301076,1909f56bfc062723c751e8b465ee728b)  -> (artifact id: 'be6cb1287fe924c2569233c46a0cff3b') in 1.071745 seconds 
========================================================================
Received Import Request.
  Time since last request: 0.000022 seconds.
  path: Assets/MyPrefabs/Bricks/Powerup Brick Variant.prefab
  artifactKey: Guid(0ee3ab5b00e63e247ae20649f36d6608) Importer(815301076,1909f56bfc062723c751e8b465ee728b)
Start importing Assets/MyPrefabs/Bricks/Powerup Brick Variant.prefab using Guid(0ee3ab5b00e63e247ae20649f36d6608) Importer(815301076,1909f56bfc062723c751e8b465ee728b)  -> (artifact id: 'efba0479008ac66c9db7f4e1787a02b8') in 0.152313 seconds 
========================================================================
Received Import Request.
  Time since last request: 0.000067 seconds.
  path: Assets/MyPrefabs/Bricks/Basic Brick [3] Variant.prefab
  artifactKey: Guid(30b5215efaf75994e9c6e981e4aab438) Importer(815301076,1909f56bfc062723c751e8b465ee728b)
Start importing Assets/MyPrefabs/Bricks/Basic Brick [3] Variant.prefab using Guid(30b5215efaf75994e9c6e981e4aab438) Importer(815301076,1909f56bfc062723c751e8b465ee728b)  -> (artifact id: '04d8ff431d51850dfa9e5a7e6aac0d8d') in 0.146431 seconds 
========================================================================
Received Import Request.
  Time since last request: 0.000017 seconds.
  path: Assets/MyPrefabs/Bricks/Basic Brick [2] Square Variant.prefab
  artifactKey: Guid(4684c8077a0150c479bbc1cdbf1327e5) Importer(815301076,1909f56bfc062723c751e8b465ee728b)
Start importing Assets/MyPrefabs/Bricks/Basic Brick [2] Square Variant.prefab using Guid(4684c8077a0150c479bbc1cdbf1327e5) Importer(815301076,1909f56bfc062723c751e8b465ee728b)  -> (artifact id: '70791c1a62a823d005868d89613c4edd') in 0.178139 seconds 
========================================================================
Received Import Request.
  Time since last request: 10.931536 seconds.
  path: Assets/MyPrefabs/Bricks/Basic Brick (Small Square) [1] Variant.prefab
  artifactKey: Guid(39b837627a235634c882139082bdffee) Importer(815301076,1909f56bfc062723c751e8b465ee728b)
Start importing Assets/MyPrefabs/Bricks/Basic Brick (Small Square) [1] Variant.prefab using Guid(39b837627a235634c882139082bdffee) Importer(815301076,1909f56bfc062723c751e8b465ee728b)  -> (artifact id: 'bc4668e1d9e9e7631603c51ca8993583') in 1.599922 seconds 
========================================================================
Received Import Request.
  Time since last request: 0.000035 seconds.
  path: Assets/MyPrefabs/Bricks/Split Brick.prefab
  artifactKey: Guid(981538c2608aa0c4b976d798c3e5701b) Importer(815301076,1909f56bfc062723c751e8b465ee728b)
Start importing Assets/MyPrefabs/Bricks/Split Brick.prefab using Guid(981538c2608aa0c4b976d798c3e5701b) Importer(815301076,1909f56bfc062723c751e8b465ee728b)  -> (artifact id: 'c8c70f44879548d76b713c3b5ff12b9a') in 0.140563 seconds 
========================================================================
Received Import Request.
  Time since last request: 0.000084 seconds.
  path: Assets/MyPrefabs/Bricks/Explosion Brick Variant.prefab
  artifactKey: Guid(661fa8077b6fb644d9f2b760b2babddd) Importer(815301076,1909f56bfc062723c751e8b465ee728b)
Start importing Assets/MyPrefabs/Bricks/Explosion Brick Variant.prefab using Guid(661fa8077b6fb644d9f2b760b2babddd) Importer(815301076,1909f56bfc062723c751e8b465ee728b)  -> (artifact id: 'a68efa83472f110c9c75a7f8149eafc7') in 0.173255 seconds 
========================================================================
Received Import Request.
  Time since last request: 17.052249 seconds.
  path: Assets/MyPrefabs/Bricks/Basic Brick (Small Square) [1] Variant.prefab
  artifactKey: Guid(39b837627a235634c882139082bdffee) Importer(815301076,1909f56bfc062723c751e8b465ee728b)
Start importing Assets/MyPrefabs/Bricks/Basic Brick (Small Square) [1] Variant.prefab using Guid(39b837627a235634c882139082bdffee) Importer(815301076,1909f56bfc062723c751e8b465ee728b)  -> (artifact id: 'da54927f27a86822121cc01b29f35571') in 0.961581 seconds 
========================================================================
Received Import Request.
  Time since last request: 0.000030 seconds.
  path: Assets/MyPrefabs/Bricks/Split Brick.prefab
  artifactKey: Guid(981538c2608aa0c4b976d798c3e5701b) Importer(815301076,1909f56bfc062723c751e8b465ee728b)
Start importing Assets/MyPrefabs/Bricks/Split Brick.prefab using Guid(981538c2608aa0c4b976d798c3e5701b) Importer(815301076,1909f56bfc062723c751e8b465ee728b)  -> (artifact id: '42762cc9a2fae599837ec3b8857aa9b5') in 0.220171 seconds 
========================================================================
Received Import Request.
  Time since last request: 0.000036 seconds.
  path: Assets/MyPrefabs/Bricks/Basic Brick [2] Variant.prefab
  artifactKey: Guid(e52fbc2591a14a14c94545396b386be8) Importer(815301076,1909f56bfc062723c751e8b465ee728b)
Start importing Assets/MyPrefabs/Bricks/Basic Brick [2] Variant.prefab using Guid(e52fbc2591a14a14c94545396b386be8) Importer(815301076,1909f56bfc062723c751e8b465ee728b)  -> (artifact id: 'ea577e0fe98e51a4544aab7ff3a839b8') in 0.168597 seconds 
========================================================================
Received Import Request.
  Time since last request: 0.000030 seconds.
  path: Assets/MyPrefabs/Bricks/Explosion Brick Variant 2.prefab
  artifactKey: Guid(df0d82aec765ff54490f52f07cc43437) Importer(815301076,1909f56bfc062723c751e8b465ee728b)
Start importing Assets/MyPrefabs/Bricks/Explosion Brick Variant 2.prefab using Guid(df0d82aec765ff54490f52f07cc43437) Importer(815301076,1909f56bfc062723c751e8b465ee728b)  -> (artifact id: '69f12d4f95a7c511b459553d9be0e02d') in 0.166238 seconds 
========================================================================
Received Import Request.
  Time since last request: 15.745678 seconds.
  path: Assets/MyPrefabs/Bricks/Explosion Brick Variant 2.prefab
  artifactKey: Guid(df0d82aec765ff54490f52f07cc43437) Importer(815301076,1909f56bfc062723c751e8b465ee728b)
Start importing Assets/MyPrefabs/Bricks/Explosion Brick Variant 2.prefab using Guid(df0d82aec765ff54490f52f07cc43437) Importer(815301076,1909f56bfc062723c751e8b465ee728b)  -> (artifact id: '6ee074056a663e83bea8b18701bb557e') in 0.826618 seconds 
========================================================================
Received Import Request.
  Time since last request: 15.430822 seconds.
  path: Assets/MyPrefabs/Bricks/Objective Brick.prefab
  artifactKey: Guid(8bcb087656ddcb049989c4f745a293f2) Importer(815301076,1909f56bfc062723c751e8b465ee728b)
Start importing Assets/MyPrefabs/Bricks/Objective Brick.prefab using Guid(8bcb087656ddcb049989c4f745a293f2) Importer(815301076,1909f56bfc062723c751e8b465ee728b)  -> (artifact id: 'bd966e5814f162d3382582508f775d4e') in 0.121667 seconds 
========================================================================
Received Import Request.
  Time since last request: 5.623986 seconds.
  path: Assets/MyPrefabs/Bricks/Objective Brick.prefab
  artifactKey: Guid(8bcb087656ddcb049989c4f745a293f2) Importer(815301076,1909f56bfc062723c751e8b465ee728b)
Start importing Assets/MyPrefabs/Bricks/Objective Brick.prefab using Guid(8bcb087656ddcb049989c4f745a293f2) Importer(815301076,1909f56bfc062723c751e8b465ee728b)  -> (artifact id: '184c8271bb0882090c4390d809b21f94') in 0.127615 seconds 
========================================================================
Received Import Request.
  Time since last request: 18.172913 seconds.
  path: Assets/MyPrefabs/Bricks/Objective Brick.prefab
  artifactKey: Guid(8bcb087656ddcb049989c4f745a293f2) Importer(815301076,1909f56bfc062723c751e8b465ee728b)
Start importing Assets/MyPrefabs/Bricks/Objective Brick.prefab using Guid(8bcb087656ddcb049989c4f745a293f2) Importer(815301076,1909f56bfc062723c751e8b465ee728b)  -> (artifact id: 'd07ad4aee17b8845b8ee2a4ef385db23') in 0.117161 seconds 
========================================================================
Received Import Request.
  Time since last request: 20.306975 seconds.
  path: Assets/MyPrefabs/Bricks/Objective Brick.prefab
  artifactKey: Guid(8bcb087656ddcb049989c4f745a293f2) Importer(815301076,1909f56bfc062723c751e8b465ee728b)
Start importing Assets/MyPrefabs/Bricks/Objective Brick.prefab using Guid(8bcb087656ddcb049989c4f745a293f2) Importer(815301076,1909f56bfc062723c751e8b465ee728b)  -> (artifact id: '16d301f779e847217adf9d657325967c') in 0.128792 seconds 
========================================================================
Received Import Request.
  Time since last request: 13.733664 seconds.
  path: Assets/MyPrefabs/Bricks/Objective Brick.prefab
  artifactKey: Guid(8bcb087656ddcb049989c4f745a293f2) Importer(815301076,1909f56bfc062723c751e8b465ee728b)
Start importing Assets/MyPrefabs/Bricks/Objective Brick.prefab using Guid(8bcb087656ddcb049989c4f745a293f2) Importer(815301076,1909f56bfc062723c751e8b465ee728b)  -> (artifact id: '75341889190292b593fb4ed3f19f7f8e') in 0.128903 seconds 
========================================================================
Received Import Request.
  Time since last request: 10.336846 seconds.
  path: Assets/MyPrefabs/Bricks/Objective Brick.prefab
  artifactKey: Guid(8bcb087656ddcb049989c4f745a293f2) Importer(815301076,1909f56bfc062723c751e8b465ee728b)
Start importing Assets/MyPrefabs/Bricks/Objective Brick.prefab using Guid(8bcb087656ddcb049989c4f745a293f2) Importer(815301076,1909f56bfc062723c751e8b465ee728b)  -> (artifact id: 'e1789e33731beb043c9e513b9943ef83') in 0.253182 seconds 
========================================================================
Received Import Request.
  Time since last request: 8.583967 seconds.
  path: Assets/MyPrefabs/Bricks/Objective Brick.prefab
  artifactKey: Guid(8bcb087656ddcb049989c4f745a293f2) Importer(815301076,1909f56bfc062723c751e8b465ee728b)
Start importing Assets/MyPrefabs/Bricks/Objective Brick.prefab using Guid(8bcb087656ddcb049989c4f745a293f2) Importer(815301076,1909f56bfc062723c751e8b465ee728b)  -> (artifact id: 'eb917595cace547ff285c52ef5d51354') in 0.142585 seconds 
========================================================================
Received Prepare
Registering precompiled user dll's ...
Registered in 0.006155 seconds.
Begin MonoManager ReloadAssembly
Symbol file LoadedFromMemory doesn't match image D:\Unity Projects\BattleshipBrickBreaker\BattleshipBrickBreaker\Battleship Brick Breaker\Library\PackageCache\com.unity.visualscripting@1.7.8\Editor\VisualScripting.Core\Dependencies\YamlDotNet\Unity.VisualScripting.YamlDotNet.dll
Symbol file LoadedFromMemory doesn't match image D:\Unity Projects\BattleshipBrickBreaker\BattleshipBrickBreaker\Battleship Brick Breaker\Library\PackageCache\com.unity.visualscripting@1.7.8\Editor\VisualScripting.Core\Dependencies\DotNetZip\Unity.VisualScripting.IonicZip.dll
Native extension for WindowsStandalone target not found
Native extension for Android target not found
Refreshing native plugins compatible for Editor in 0.82 ms, found 3 plugins.
Preloading 0 native plugins for Editor in 0.00 ms.
Mono: successfully reloaded assembly
- Completed reload, in  1.085 seconds
Domain Reload Profiling:
	ReloadAssembly (1086ms)
		BeginReloadAssembly (173ms)
			ExecutionOrderSort (0ms)
			DisableScriptedObjects (6ms)
			BackupInstance (0ms)
			ReleaseScriptingObjects (0ms)
			CreateAndSetChildDomain (42ms)
		EndReloadAssembly (817ms)
			LoadAssemblies (136ms)
			RebuildTransferFunctionScriptingTraits (0ms)
			SetupTypeCache (290ms)
			ReleaseScriptCaches (1ms)
			RebuildScriptCaches (45ms)
			SetupLoadedEditorAssemblies (333ms)
				LogAssemblyErrors (0ms)
				InitializePlatformSupportModulesInManaged (19ms)
				SetLoadedEditorAssemblies (0ms)
				RefreshPlugins (1ms)
				BeforeProcessingInitializeOnLoad (71ms)
				ProcessInitializeOnLoadAttributes (205ms)
				ProcessInitializeOnLoadMethodAttributes (33ms)
				AfterProcessingInitializeOnLoad (3ms)
				EditorAssembliesLoaded (0ms)
			ExecutionOrderSort2 (0ms)
			AwakeInstancesAfterBackupRestoration (11ms)
Platform modules already initialized, skipping
Shader 'WFX/Transparent Specular': fallback shader 'Particles/Alpha Blended' not found
Shader 'WFX/Transparent Diffuse': fallback shader 'Particles/Alpha Blended' not found
Refreshing native plugins compatible for Editor in 2.64 ms, found 3 plugins.
Preloading 0 native plugins for Editor in 0.00 ms.
Unloading 3652 Unused Serialized files (Serialized files now loaded: 0)
Unloading 35 unused Assets / (315.2 KB). Loaded Objects now: 4210.
Memory consumption went from 213.3 MB to 213.0 MB.
Total: 4.763000 ms (FindLiveObjects: 0.358600 ms CreateObjectMapping: 0.206700 ms MarkObjects: 3.821200 ms  DeleteObjects: 0.374300 ms)

AssetImportParameters requested are different than current active one (requested -> active):
  custom:video-decoder-ogg-theora: a1e56fd34408186e4bbccfd4996cb3dc -> 
  custom:container-muxer-webm: aa71ff27fc2769a1b78a27578f13a17b -> 
  custom:container-demuxer-webm: 4f35f7cbe854078d1ac9338744f61a02 -> 
  custom:video-encoder-webm-vp8: eb34c28f22e8b96e1ab97ce403110664 -> 
  custom:video-codec-MediaFoundation-h265: 746d11721c4dcdbdad8f713fa42b33f4 -> 
  custom:audio-encoder-webm-vorbis: bf7c407c2cedff20999df2af8eb42d56 -> 
  custom:framework-win-MediaFoundation: 216162199b28c13a410421893ffa2e32 -> 
  custom:container-demuxer-ogg: 62fdf1f143b41e24485cea50d1cbac27 -> 
  custom:video-decoder-webm-vp8: 9c59270c3fd7afecdb556c50c9e8de78 -> 
  custom:audio-decoder-ogg-vorbis: bf7c407c2cedff20999df2af8eb42d56 -> 
========================================================================
Received Import Request.
  Time since last request: 164.344493 seconds.
  path: Assets/MyPrefabs/Bricks/Basic Brick (Small Square) [1] Variant.prefab
  artifactKey: Guid(39b837627a235634c882139082bdffee) Importer(815301076,1909f56bfc062723c751e8b465ee728b)
Start importing Assets/MyPrefabs/Bricks/Basic Brick (Small Square) [1] Variant.prefab using Guid(39b837627a235634c882139082bdffee) Importer(815301076,1909f56bfc062723c751e8b465ee728b)  -> (artifact id: 'da9f31c3ba8716b92bac0c70ef7f4905') in 0.643960 seconds 
========================================================================
Received Import Request.
  Time since last request: 0.000028 seconds.
  path: Assets/MyPrefabs/Bricks/Powerup Brick Variant.prefab
  artifactKey: Guid(0ee3ab5b00e63e247ae20649f36d6608) Importer(815301076,1909f56bfc062723c751e8b465ee728b)
Start importing Assets/MyPrefabs/Bricks/Powerup Brick Variant.prefab using Guid(0ee3ab5b00e63e247ae20649f36d6608) Importer(815301076,1909f56bfc062723c751e8b465ee728b)  -> (artifact id: 'a1dd02813a493a9a40484a185a631f68') in 0.155122 seconds 
========================================================================
Received Prepare
Registering precompiled user dll's ...
Registered in 0.005987 seconds.
Begin MonoManager ReloadAssembly
Symbol file LoadedFromMemory doesn't match image D:\Unity Projects\BattleshipBrickBreaker\BattleshipBrickBreaker\Battleship Brick Breaker\Library\PackageCache\com.unity.visualscripting@1.7.8\Editor\VisualScripting.Core\Dependencies\YamlDotNet\Unity.VisualScripting.YamlDotNet.dll
Symbol file LoadedFromMemory doesn't match image D:\Unity Projects\BattleshipBrickBreaker\BattleshipBrickBreaker\Battleship Brick Breaker\Library\PackageCache\com.unity.visualscripting@1.7.8\Editor\VisualScripting.Core\Dependencies\DotNetZip\Unity.VisualScripting.IonicZip.dll
Native extension for WindowsStandalone target not found
Native extension for Android target not found
Refreshing native plugins compatible for Editor in 0.88 ms, found 3 plugins.
Preloading 0 native plugins for Editor in 0.00 ms.
Mono: successfully reloaded assembly
- Completed reload, in  1.193 seconds
Domain Reload Profiling:
	ReloadAssembly (1194ms)
		BeginReloadAssembly (173ms)
			ExecutionOrderSort (0ms)
			DisableScriptedObjects (7ms)
			BackupInstance (0ms)
			ReleaseScriptingObjects (0ms)
			CreateAndSetChildDomain (45ms)
		EndReloadAssembly (902ms)
			LoadAssemblies (143ms)
			RebuildTransferFunctionScriptingTraits (0ms)
			SetupTypeCache (305ms)
			ReleaseScriptCaches (1ms)
			RebuildScriptCaches (46ms)
			SetupLoadedEditorAssemblies (387ms)
				LogAssemblyErrors (0ms)
				InitializePlatformSupportModulesInManaged (25ms)
				SetLoadedEditorAssemblies (1ms)
				RefreshPlugins (1ms)
				BeforeProcessingInitializeOnLoad (77ms)
				ProcessInitializeOnLoadAttributes (238ms)
				ProcessInitializeOnLoadMethodAttributes (40ms)
				AfterProcessingInitializeOnLoad (4ms)
				EditorAssembliesLoaded (0ms)
			ExecutionOrderSort2 (0ms)
			AwakeInstancesAfterBackupRestoration (12ms)
Platform modules already initialized, skipping
Shader 'WFX/Transparent Specular': fallback shader 'Particles/Alpha Blended' not found
Shader 'WFX/Transparent Diffuse': fallback shader 'Particles/Alpha Blended' not found
Refreshing native plugins compatible for Editor in 2.24 ms, found 3 plugins.
Preloading 0 native plugins for Editor in 0.00 ms.
Unloading 3652 Unused Serialized files (Serialized files now loaded: 0)
Unloading 34 unused Assets / (314.5 KB). Loaded Objects now: 4213.
Memory consumption went from 213.3 MB to 213.0 MB.
Total: 4.759400 ms (FindLiveObjects: 0.469000 ms CreateObjectMapping: 0.282300 ms MarkObjects: 3.597000 ms  DeleteObjects: 0.409400 ms)

AssetImportParameters requested are different than current active one (requested -> active):
  custom:video-decoder-ogg-theora: a1e56fd34408186e4bbccfd4996cb3dc -> 
  custom:container-muxer-webm: aa71ff27fc2769a1b78a27578f13a17b -> 
  custom:container-demuxer-webm: 4f35f7cbe854078d1ac9338744f61a02 -> 
  custom:video-encoder-webm-vp8: eb34c28f22e8b96e1ab97ce403110664 -> 
  custom:video-codec-MediaFoundation-h265: 746d11721c4dcdbdad8f713fa42b33f4 -> 
  custom:audio-encoder-webm-vorbis: bf7c407c2cedff20999df2af8eb42d56 -> 
  custom:framework-win-MediaFoundation: 216162199b28c13a410421893ffa2e32 -> 
  custom:container-demuxer-ogg: 62fdf1f143b41e24485cea50d1cbac27 -> 
  custom:video-decoder-webm-vp8: 9c59270c3fd7afecdb556c50c9e8de78 -> 
  custom:audio-decoder-ogg-vorbis: bf7c407c2cedff20999df2af8eb42d56 -> 
========================================================================
Received Import Request.
  Time since last request: 4.835635 seconds.
  path: Assets/MyPrefabs/Bricks/Split Brick.prefab
  artifactKey: Guid(981538c2608aa0c4b976d798c3e5701b) Importer(815301076,1909f56bfc062723c751e8b465ee728b)
Start importing Assets/MyPrefabs/Bricks/Split Brick.prefab using Guid(981538c2608aa0c4b976d798c3e5701b) Importer(815301076,1909f56bfc062723c751e8b465ee728b)  -> (artifact id: 'f11fc326e86961ef32aa084b1092641e') in 0.301767 seconds 
========================================================================
Received Import Request.
  Time since last request: 0.000030 seconds.
  path: Assets/MyPrefabs/Bricks/Basic Brick [3] Variant.prefab
  artifactKey: Guid(30b5215efaf75994e9c6e981e4aab438) Importer(815301076,1909f56bfc062723c751e8b465ee728b)
Start importing Assets/MyPrefabs/Bricks/Basic Brick [3] Variant.prefab using Guid(30b5215efaf75994e9c6e981e4aab438) Importer(815301076,1909f56bfc062723c751e8b465ee728b)  -> (artifact id: '7b58bff3c85a2cec3e0a01b5148b6984') in 0.184107 seconds 
========================================================================
Received Import Request.
  Time since last request: 0.000027 seconds.
  path: Assets/MyPrefabs/Bricks/Explosion Brick Variant 2.prefab
  artifactKey: Guid(df0d82aec765ff54490f52f07cc43437) Importer(815301076,1909f56bfc062723c751e8b465ee728b)
Start importing Assets/MyPrefabs/Bricks/Explosion Brick Variant 2.prefab using Guid(df0d82aec765ff54490f52f07cc43437) Importer(815301076,1909f56bfc062723c751e8b465ee728b)  -> (artifact id: 'f731a352d6f26b9472b9f3134c9974d4') in 0.149360 seconds 
========================================================================
Received Prepare
Registering precompiled user dll's ...
Registered in 0.007956 seconds.
Begin MonoManager ReloadAssembly
Symbol file LoadedFromMemory doesn't match image D:\Unity Projects\BattleshipBrickBreaker\BattleshipBrickBreaker\Battleship Brick Breaker\Library\PackageCache\com.unity.visualscripting@1.7.8\Editor\VisualScripting.Core\Dependencies\YamlDotNet\Unity.VisualScripting.YamlDotNet.dll
Symbol file LoadedFromMemory doesn't match image D:\Unity Projects\BattleshipBrickBreaker\BattleshipBrickBreaker\Battleship Brick Breaker\Library\PackageCache\com.unity.visualscripting@1.7.8\Editor\VisualScripting.Core\Dependencies\DotNetZip\Unity.VisualScripting.IonicZip.dll
Native extension for WindowsStandalone target not found
Native extension for Android target not found
Refreshing native plugins compatible for Editor in 0.78 ms, found 3 plugins.
Preloading 0 native plugins for Editor in 0.00 ms.
Mono: successfully reloaded assembly
- Completed reload, in  1.201 seconds
Domain Reload Profiling:
	ReloadAssembly (1202ms)
		BeginReloadAssembly (183ms)
			ExecutionOrderSort (0ms)
			DisableScriptedObjects (5ms)
			BackupInstance (0ms)
			ReleaseScriptingObjects (0ms)
			CreateAndSetChildDomain (42ms)
		EndReloadAssembly (908ms)
			LoadAssemblies (143ms)
			RebuildTransferFunctionScriptingTraits (0ms)
			SetupTypeCache (319ms)
			ReleaseScriptCaches (1ms)
			RebuildScriptCaches (57ms)
			SetupLoadedEditorAssemblies (379ms)
				LogAssemblyErrors (0ms)
				InitializePlatformSupportModulesInManaged (21ms)
				SetLoadedEditorAssemblies (0ms)
				RefreshPlugins (1ms)
				BeforeProcessingInitializeOnLoad (87ms)
				ProcessInitializeOnLoadAttributes (234ms)
				ProcessInitializeOnLoadMethodAttributes (33ms)
				AfterProcessingInitializeOnLoad (3ms)
				EditorAssembliesLoaded (0ms)
			ExecutionOrderSort2 (0ms)
			AwakeInstancesAfterBackupRestoration (9ms)
Platform modules already initialized, skipping
Shader 'WFX/Transparent Specular': fallback shader 'Particles/Alpha Blended' not found
Shader 'WFX/Transparent Diffuse': fallback shader 'Particles/Alpha Blended' not found
Refreshing native plugins compatible for Editor in 3.48 ms, found 3 plugins.
Preloading 0 native plugins for Editor in 0.00 ms.
Unloading 3652 Unused Serialized files (Serialized files now loaded: 0)
Unloading 34 unused Assets / (314.4 KB). Loaded Objects now: 4216.
Memory consumption went from 213.7 MB to 213.4 MB.
Total: 4.725600 ms (FindLiveObjects: 0.560500 ms CreateObjectMapping: 0.876400 ms MarkObjects: 3.112000 ms  DeleteObjects: 0.175800 ms)

AssetImportParameters requested are different than current active one (requested -> active):
  custom:video-decoder-ogg-theora: a1e56fd34408186e4bbccfd4996cb3dc -> 
  custom:container-muxer-webm: aa71ff27fc2769a1b78a27578f13a17b -> 
  custom:container-demuxer-webm: 4f35f7cbe854078d1ac9338744f61a02 -> 
  custom:video-encoder-webm-vp8: eb34c28f22e8b96e1ab97ce403110664 -> 
  custom:video-codec-MediaFoundation-h265: 746d11721c4dcdbdad8f713fa42b33f4 -> 
  custom:audio-encoder-webm-vorbis: bf7c407c2cedff20999df2af8eb42d56 -> 
  custom:framework-win-MediaFoundation: 216162199b28c13a410421893ffa2e32 -> 
  custom:container-demuxer-ogg: 62fdf1f143b41e24485cea50d1cbac27 -> 
  custom:video-decoder-webm-vp8: 9c59270c3fd7afecdb556c50c9e8de78 -> 
  custom:audio-decoder-ogg-vorbis: bf7c407c2cedff20999df2af8eb42d56 -> 
Editor requested this worker to shutdown with reason: Scaling down because of idle timeout
AssetImportWorker is now disconnected from the server
Process exiting
Exiting without the bug reporter. Application will terminate with return code 0