Using pre-set license
Built from '2021.3/staging' branch; Version is '2021.3.6f1 (7da38d85baf6) revision 8233869'; Using compiler version '192829333'; Build Type 'Release'
OS: 'Windows 11  (10.0.22000) 64bit Core' Language: 'en' Physical Memory: 16236 MB
BatchMode: 1, IsHumanControllingUs: 0, StartBugReporterOnCrash: 0, Is64bit: 1, IsPro: 1

COMMAND LINE ARGUMENTS:
C:\Program Files\Unity\Hub\Editor\2021.3.6f1\Editor\Unity.exe
-adb2
-batchMode
-noUpm
-name
AssetImportWorker4
-projectPath
D:/Unity Projects/BattleShipBRickBreaker - copy/BattleshipBrickBreaker/Battleship Brick Breaker
-logFile
Logs/AssetImportWorker4.log
-srvPort
6171
Successfully changed project path to: D:/Unity Projects/BattleShipBRickBreaker - copy/BattleshipBrickBreaker/Battleship Brick Breaker
D:/Unity Projects/BattleShipBRickBreaker - copy/BattleshipBrickBreaker/Battleship Brick Breaker
[UnityMemory] Configuration Parameters - Can be set up in boot.config
    "memorysetup-bucket-allocator-granularity=16"
    "memorysetup-bucket-allocator-bucket-count=8"
    "memorysetup-bucket-allocator-block-size=33554432"
    "memorysetup-bucket-allocator-block-count=8"
    "memorysetup-main-allocator-block-size=16777216"
    "memorysetup-thread-allocator-block-size=16777216"
    "memorysetup-gfx-main-allocator-block-size=16777216"
    "memorysetup-gfx-thread-allocator-block-size=16777216"
    "memorysetup-cache-allocator-block-size=4194304"
    "memorysetup-typetree-allocator-block-size=2097152"
    "memorysetup-profiler-bucket-allocator-granularity=16"
    "memorysetup-profiler-bucket-allocator-bucket-count=8"
    "memorysetup-profiler-bucket-allocator-block-size=33554432"
    "memorysetup-profiler-bucket-allocator-block-count=8"
    "memorysetup-profiler-allocator-block-size=16777216"
    "memorysetup-profiler-editor-allocator-block-size=1048576"
    "memorysetup-temp-allocator-size-main=16777216"
    "memorysetup-job-temp-allocator-block-size=2097152"
    "memorysetup-job-temp-allocator-block-size-background=1048576"
    "memorysetup-job-temp-allocator-reduction-small-platforms=262144"
    "memorysetup-temp-allocator-size-background-worker=32768"
    "memorysetup-temp-allocator-size-job-worker=262144"
    "memorysetup-temp-allocator-size-preload-manager=33554432"
    "memorysetup-temp-allocator-size-nav-mesh-worker=65536"
    "memorysetup-temp-allocator-size-audio-worker=65536"
    "memorysetup-temp-allocator-size-cloud-worker=32768"
    "memorysetup-temp-allocator-size-gi-baking-worker=262144"
    "memorysetup-temp-allocator-size-gfx=262144"
Refreshing native plugins compatible for Editor in 85.46 ms, found 3 plugins.
Preloading 0 native plugins for Editor in 0.00 ms.
Initialize engine version: 2021.3.6f1 (7da38d85baf6)
[Subsystems] Discovering subsystems at path C:/Program Files/Unity/Hub/Editor/2021.3.6f1/Editor/Data/Resources/UnitySubsystems
[Subsystems] Discovering subsystems at path D:/Unity Projects/BattleShipBRickBreaker - copy/BattleshipBrickBreaker/Battleship Brick Breaker/Assets
GfxDevice: creating device client; threaded=0; jobified=0
Direct3D:
    Version:  Direct3D 11.0 [level 11.1]
    Renderer: NVIDIA GeForce RTX 3060 Laptop GPU (ID=0x2560)
    Vendor:   NVIDIA
    VRAM:     6023 MB
    Driver:   30.0.15.1236
Shader 'WFX/Transparent Diffuse': fallback shader 'Particles/Alpha Blended' not found
Shader 'WFX/Transparent Specular': fallback shader 'Particles/Alpha Blended' not found
Initialize mono
Mono path[0] = 'C:/Program Files/Unity/Hub/Editor/2021.3.6f1/Editor/Data/Managed'
Mono path[1] = 'C:/Program Files/Unity/Hub/Editor/2021.3.6f1/Editor/Data/MonoBleedingEdge/lib/mono/unityjit-win32'
Mono config path = 'C:/Program Files/Unity/Hub/Editor/2021.3.6f1/Editor/Data/MonoBleedingEdge/etc'
Using monoOptions --debugger-agent=transport=dt_socket,embedding=1,server=y,suspend=n,address=127.0.0.1:56704
Begin MonoManager ReloadAssembly
Registering precompiled unity dll's ...
Register platform support module: C:/Program Files/Unity/Hub/Editor/2021.3.6f1/Editor/Data/PlaybackEngines/AndroidPlayer/UnityEditor.Android.Extensions.dll
Register platform support module: C:/Program Files/Unity/Hub/Editor/2021.3.6f1/Editor/Data/PlaybackEngines/WindowsStandaloneSupport/UnityEditor.WindowsStandalone.Extensions.dll
Registered in 0.007103 seconds.
Native extension for WindowsStandalone target not found
Native extension for Android target not found
Refreshing native plugins compatible for Editor in 81.78 ms, found 3 plugins.
Preloading 0 native plugins for Editor in 0.00 ms.
Mono: successfully reloaded assembly
- Completed reload, in  0.532 seconds
Domain Reload Profiling:
	ReloadAssembly (532ms)
		BeginReloadAssembly (58ms)
			ExecutionOrderSort (0ms)
			DisableScriptedObjects (0ms)
			BackupInstance (0ms)
			ReleaseScriptingObjects (0ms)
			CreateAndSetChildDomain (1ms)
		EndReloadAssembly (384ms)
			LoadAssemblies (57ms)
			RebuildTransferFunctionScriptingTraits (0ms)
			SetupTypeCache (82ms)
			ReleaseScriptCaches (0ms)
			RebuildScriptCaches (20ms)
			SetupLoadedEditorAssemblies (237ms)
				LogAssemblyErrors (0ms)
				InitializePlatformSupportModulesInManaged (47ms)
				SetLoadedEditorAssemblies (0ms)
				RefreshPlugins (82ms)
				BeforeProcessingInitializeOnLoad (1ms)
				ProcessInitializeOnLoadAttributes (73ms)
				ProcessInitializeOnLoadMethodAttributes (34ms)
				AfterProcessingInitializeOnLoad (0ms)
				EditorAssembliesLoaded (0ms)
			ExecutionOrderSort2 (0ms)
			AwakeInstancesAfterBackupRestoration (0ms)
Platform modules already initialized, skipping
Registering precompiled user dll's ...
Registered in 0.005937 seconds.
Begin MonoManager ReloadAssembly
Symbol file LoadedFromMemory doesn't match image D:\Unity Projects\BattleShipBRickBreaker - copy\BattleshipBrickBreaker\Battleship Brick Breaker\Library\PackageCache\com.unity.visualscripting@1.7.8\Editor\VisualScripting.Core\Dependencies\YamlDotNet\Unity.VisualScripting.YamlDotNet.dll
Symbol file LoadedFromMemory doesn't match image D:\Unity Projects\BattleShipBRickBreaker - copy\BattleshipBrickBreaker\Battleship Brick Breaker\Library\PackageCache\com.unity.visualscripting@1.7.8\Editor\VisualScripting.Core\Dependencies\DotNetZip\Unity.VisualScripting.IonicZip.dll
Native extension for WindowsStandalone target not found
Native extension for Android target not found
Refreshing native plugins compatible for Editor in 1.01 ms, found 3 plugins.
Preloading 0 native plugins for Editor in 0.00 ms.
Mono: successfully reloaded assembly
- Completed reload, in  0.953 seconds
Domain Reload Profiling:
	ReloadAssembly (954ms)
		BeginReloadAssembly (193ms)
			ExecutionOrderSort (0ms)
			DisableScriptedObjects (5ms)
			BackupInstance (0ms)
			ReleaseScriptingObjects (0ms)
			CreateAndSetChildDomain (120ms)
		EndReloadAssembly (669ms)
			LoadAssemblies (70ms)
			RebuildTransferFunctionScriptingTraits (0ms)
			SetupTypeCache (196ms)
			ReleaseScriptCaches (1ms)
			RebuildScriptCaches (40ms)
			SetupLoadedEditorAssemblies (333ms)
				LogAssemblyErrors (0ms)
				InitializePlatformSupportModulesInManaged (16ms)
				SetLoadedEditorAssemblies (0ms)
				RefreshPlugins (1ms)
				BeforeProcessingInitializeOnLoad (79ms)
				ProcessInitializeOnLoadAttributes (195ms)
				ProcessInitializeOnLoadMethodAttributes (34ms)
				AfterProcessingInitializeOnLoad (7ms)
				EditorAssembliesLoaded (0ms)
			ExecutionOrderSort2 (0ms)
			AwakeInstancesAfterBackupRestoration (5ms)
Platform modules already initialized, skipping
========================================================================
Worker process is ready to serve import requests
Shader 'WFX/Transparent Diffuse': fallback shader 'Particles/Alpha Blended' not found
Shader 'WFX/Transparent Specular': fallback shader 'Particles/Alpha Blended' not found
Launched and connected shader compiler UnityShaderCompiler.exe after 0.04 seconds
Refreshing native plugins compatible for Editor in 0.81 ms, found 3 plugins.
Preloading 0 native plugins for Editor in 0.00 ms.
Unloading 3736 Unused Serialized files (Serialized files now loaded: 0)
Unloading 43 unused Assets / (293.3 KB). Loaded Objects now: 4191.
Memory consumption went from 214.1 MB to 213.8 MB.
Total: 3.069000 ms (FindLiveObjects: 0.246900 ms CreateObjectMapping: 0.101500 ms MarkObjects: 2.576100 ms  DeleteObjects: 0.143500 ms)

AssetImportParameters requested are different than current active one (requested -> active):
  custom:video-decoder-ogg-theora: a1e56fd34408186e4bbccfd4996cb3dc -> 
  custom:container-muxer-webm: aa71ff27fc2769a1b78a27578f13a17b -> 
  custom:container-demuxer-webm: 4f35f7cbe854078d1ac9338744f61a02 -> 
  custom:video-encoder-webm-vp8: eb34c28f22e8b96e1ab97ce403110664 -> 
  custom:video-codec-MediaFoundation-h265: 746d11721c4dcdbdad8f713fa42b33f4 -> 
  custom:audio-encoder-webm-vorbis: bf7c407c2cedff20999df2af8eb42d56 -> 
  custom:framework-win-MediaFoundation: 216162199b28c13a410421893ffa2e32 -> 
  custom:container-demuxer-ogg: 62fdf1f143b41e24485cea50d1cbac27 -> 
  custom:video-decoder-webm-vp8: 9c59270c3fd7afecdb556c50c9e8de78 -> 
  custom:audio-decoder-ogg-vorbis: bf7c407c2cedff20999df2af8eb42d56 -> 
========================================================================
Received Import Request.
  Time since last request: 322788.784304 seconds.
  path: Assets/Sprites/Brick Sprites/Ammo brick_cracked.png
  artifactKey: Guid(97c1e5fda80b1814bb7b5735cf3bb0be) Importer(815301076,1909f56bfc062723c751e8b465ee728b)
Start importing Assets/Sprites/Brick Sprites/Ammo brick_cracked.png using Guid(97c1e5fda80b1814bb7b5735cf3bb0be) Importer(815301076,1909f56bfc062723c751e8b465ee728b)  -> (artifact id: '8501938be9680fa45d9b8a34669c3036') in 0.065971 seconds 
========================================================================
Received Import Request.
  Time since last request: 12.122799 seconds.
  path: Assets/Scenes/Rules/Lightmap-0_comp_dir.png
  artifactKey: Guid(40d010d93bdf8ec42b45d63882429955) Importer(815301076,1909f56bfc062723c751e8b465ee728b)
Start importing Assets/Scenes/Rules/Lightmap-0_comp_dir.png using Guid(40d010d93bdf8ec42b45d63882429955) Importer(815301076,1909f56bfc062723c751e8b465ee728b)  -> (artifact id: '9f0f599163058df5e943c2c0296aed53') in 0.134139 seconds 
========================================================================
Received Import Request.
  Time since last request: 0.000029 seconds.
  path: Assets/Scenes/Level 1/Lightmap-2_comp_dir.png
  artifactKey: Guid(e04e011bf8142d140b3d4539f2ad8d9e) Importer(815301076,1909f56bfc062723c751e8b465ee728b)
Start importing Assets/Scenes/Level 1/Lightmap-2_comp_dir.png using Guid(e04e011bf8142d140b3d4539f2ad8d9e) Importer(815301076,1909f56bfc062723c751e8b465ee728b)  -> (artifact id: 'ed252deeaacec53910a16d4eb58c8496') in 0.036280 seconds 
========================================================================
Received Import Request.
  Time since last request: 0.000028 seconds.
  path: Assets/Scenes/Level 1/Lightmap-1_comp_dir.png
  artifactKey: Guid(43ae54dec183dcf45929747df8d40c37) Importer(815301076,1909f56bfc062723c751e8b465ee728b)
Start importing Assets/Scenes/Level 1/Lightmap-1_comp_dir.png using Guid(43ae54dec183dcf45929747df8d40c37) Importer(815301076,1909f56bfc062723c751e8b465ee728b)  -> (artifact id: '21e446e34c133d5c3180f25bd71ea0f0') in 0.039542 seconds 
========================================================================
Received Import Request.
  Time since last request: 0.000017 seconds.
  path: Assets/Scenes/Main/Lightmap-1_comp_light.exr
  artifactKey: Guid(5c2abfa81b784154abbfcfd22f2e73a1) Importer(815301076,1909f56bfc062723c751e8b465ee728b)
Start importing Assets/Scenes/Main/Lightmap-1_comp_light.exr using Guid(5c2abfa81b784154abbfcfd22f2e73a1) Importer(815301076,1909f56bfc062723c751e8b465ee728b)  -> (artifact id: '162eb702347ac9095ebeff7114b398dd') in 0.157512 seconds 
========================================================================
Received Import Request.
  Time since last request: 0.000021 seconds.
  path: Assets/Scenes/Level 1/Lightmap-0_comp_light.exr
  artifactKey: Guid(a52a74ccc19a42c49b1d0898563a78ed) Importer(815301076,1909f56bfc062723c751e8b465ee728b)
Start importing Assets/Scenes/Level 1/Lightmap-0_comp_light.exr using Guid(a52a74ccc19a42c49b1d0898563a78ed) Importer(815301076,1909f56bfc062723c751e8b465ee728b)  -> (artifact id: '48975e51773865ac1573116af2cee31e') in 0.033020 seconds 
========================================================================
Received Import Request.
  Time since last request: 0.000033 seconds.
  path: Assets/Scenes/Level 1/Lightmap-4_comp_dir.png
  artifactKey: Guid(10622de58dd12454cba65f2516d5fc5e) Importer(815301076,1909f56bfc062723c751e8b465ee728b)
Start importing Assets/Scenes/Level 1/Lightmap-4_comp_dir.png using Guid(10622de58dd12454cba65f2516d5fc5e) Importer(815301076,1909f56bfc062723c751e8b465ee728b)  -> (artifact id: 'e8e5e765431d66594acb7c424879dfde') in 0.032964 seconds 
========================================================================
Received Import Request.
  Time since last request: 0.000020 seconds.
  path: Assets/Scenes/Level 1/Lightmap-3_comp_light.exr
  artifactKey: Guid(aaa7ce1c14f8e614dad9eca2f55e0199) Importer(815301076,1909f56bfc062723c751e8b465ee728b)
Start importing Assets/Scenes/Level 1/Lightmap-3_comp_light.exr using Guid(aaa7ce1c14f8e614dad9eca2f55e0199) Importer(815301076,1909f56bfc062723c751e8b465ee728b)  -> (artifact id: 'ac949fa136e2679b1f10701249f01349') in 0.032251 seconds 
========================================================================
Received Import Request.
  Time since last request: 0.170928 seconds.
  path: Assets/Scenes/Level 1/Lightmap-5_comp_dir.png
  artifactKey: Guid(7eadc138db0e0fb4299a15349b687eb2) Importer(815301076,1909f56bfc062723c751e8b465ee728b)
Start importing Assets/Scenes/Level 1/Lightmap-5_comp_dir.png using Guid(7eadc138db0e0fb4299a15349b687eb2) Importer(815301076,1909f56bfc062723c751e8b465ee728b)  -> (artifact id: '54027d1294c8a89e15470799b0e3f94b') in 0.045434 seconds 
========================================================================
Received Import Request.
  Time since last request: 0.000021 seconds.
  path: Assets/Scenes/Level 1/Lightmap-6_comp_light.exr
  artifactKey: Guid(9ae0db4044495d54890f0d3af04a22c6) Importer(815301076,1909f56bfc062723c751e8b465ee728b)
Start importing Assets/Scenes/Level 1/Lightmap-6_comp_light.exr using Guid(9ae0db4044495d54890f0d3af04a22c6) Importer(815301076,1909f56bfc062723c751e8b465ee728b)  -> (artifact id: '2bf01f53595fe164e8e0d3dbe54151b3') in 0.029086 seconds 
========================================================================
Received Import Request.
  Time since last request: 0.000023 seconds.
  path: Assets/Sprites/Legacy/Long_Text.png
  artifactKey: Guid(60e01a70655f6724397c69c29563d4df) Importer(815301076,1909f56bfc062723c751e8b465ee728b)
Start importing Assets/Sprites/Legacy/Long_Text.png using Guid(60e01a70655f6724397c69c29563d4df) Importer(815301076,1909f56bfc062723c751e8b465ee728b)  -> (artifact id: '32aef0f12074239958b9e9eaa44d711c') in 0.034841 seconds 
========================================================================
Received Import Request.
  Time since last request: 0.000019 seconds.
  path: Assets/EffectExamples/Fire & Explosion Effects/Textures/LightningTrail.tif
  artifactKey: Guid(06e4a78c75e10c145a9156e32089ec9c) Importer(815301076,1909f56bfc062723c751e8b465ee728b)
Start importing Assets/EffectExamples/Fire & Explosion Effects/Textures/LightningTrail.tif using Guid(06e4a78c75e10c145a9156e32089ec9c) Importer(815301076,1909f56bfc062723c751e8b465ee728b)  -> (artifact id: '59387bdc7daf9554d6a0adf882537e98') in 0.055385 seconds 
========================================================================
Received Import Request.
  Time since last request: 0.000020 seconds.
  path: Assets/Scenes/Level 1/Lightmap-7_comp_light.exr
  artifactKey: Guid(6f768403cce878b4b9c80e652036c8d0) Importer(815301076,1909f56bfc062723c751e8b465ee728b)
Start importing Assets/Scenes/Level 1/Lightmap-7_comp_light.exr using Guid(6f768403cce878b4b9c80e652036c8d0) Importer(815301076,1909f56bfc062723c751e8b465ee728b)  -> (artifact id: '31d8368a1b161bf8946c49ba4a64b0a1') in 0.040857 seconds 
========================================================================
Received Import Request.
  Time since last request: 0.000024 seconds.
  path: Assets/EffectExamples/Fire & Explosion Effects/Textures/MediumFlame01.tif
  artifactKey: Guid(1b9340725602e9d40a4e86d4b9dfcb78) Importer(815301076,1909f56bfc062723c751e8b465ee728b)
Start importing Assets/EffectExamples/Fire & Explosion Effects/Textures/MediumFlame01.tif using Guid(1b9340725602e9d40a4e86d4b9dfcb78) Importer(815301076,1909f56bfc062723c751e8b465ee728b)  -> (artifact id: '60782eea9b2f85413c79df47e8dcf98d') in 0.434077 seconds 
========================================================================
Received Import Request.
  Time since last request: 19.599540 seconds.
  path: Assets/MyTextures/New_Coral_Textured_Bricks
  artifactKey: Guid(62f1615935140a54f8e977ad35ef0ad2) Importer(815301076,1909f56bfc062723c751e8b465ee728b)
Start importing Assets/MyTextures/New_Coral_Textured_Bricks using Guid(62f1615935140a54f8e977ad35ef0ad2) Importer(815301076,1909f56bfc062723c751e8b465ee728b)  -> (artifact id: '27c67e719f2665d1c26dd0e51373ad09') in 0.007964 seconds 
========================================================================
Received Import Request.
  Time since last request: 0.046492 seconds.
  path: Assets/MyTextures/New_Coral_Textured_Bricks/Orange_brick.png
  artifactKey: Guid(6db087227d5f6e543a7d8ae52a540cab) Importer(815301076,1909f56bfc062723c751e8b465ee728b)
Start importing Assets/MyTextures/New_Coral_Textured_Bricks/Orange_brick.png using Guid(6db087227d5f6e543a7d8ae52a540cab) Importer(815301076,1909f56bfc062723c751e8b465ee728b)  -> (artifact id: '7dc967bf484fc79149ccd0ffe6ded353') in 0.041283 seconds 
========================================================================
Received Import Request.
  Time since last request: 8.704437 seconds.
  path: Assets/MyTextures/New_Coral_Textured_Bricks/Crack.png
  artifactKey: Guid(e84581823d460604a8a8a8a48fcb7ee3) Importer(815301076,1909f56bfc062723c751e8b465ee728b)
Start importing Assets/MyTextures/New_Coral_Textured_Bricks/Crack.png using Guid(e84581823d460604a8a8a8a48fcb7ee3) Importer(815301076,1909f56bfc062723c751e8b465ee728b)  -> (artifact id: 'a1f534b103d10c47e5b5a6230df72147') in 0.061776 seconds 
========================================================================
Received Import Request.
  Time since last request: 6.263854 seconds.
  path: Assets/MyTextures/New_Coral_Textured_Bricks/Crack.png
  artifactKey: Guid(e84581823d460604a8a8a8a48fcb7ee3) Importer(815301076,1909f56bfc062723c751e8b465ee728b)
Start importing Assets/MyTextures/New_Coral_Textured_Bricks/Crack.png using Guid(e84581823d460604a8a8a8a48fcb7ee3) Importer(815301076,1909f56bfc062723c751e8b465ee728b)  -> (artifact id: 'f8d1053dbaf27fb6e9e2aa17301328ea') in 0.154109 seconds 
========================================================================
Received Import Request.
  Time since last request: 37.290487 seconds.
  path: Assets/Materials/Brick Materials/Feedback/Basic Brick Feedback [2].mat
  artifactKey: Guid(83aa801ee2021ba43a7bb06a10801891) Importer(815301076,1909f56bfc062723c751e8b465ee728b)
Start importing Assets/Materials/Brick Materials/Feedback/Basic Brick Feedback [2].mat using Guid(83aa801ee2021ba43a7bb06a10801891) Importer(815301076,1909f56bfc062723c751e8b465ee728b)  -> (artifact id: '94515dce88d782bffedc221b6dace817') in 0.433332 seconds 
========================================================================
Received Import Request.
  Time since last request: 0.000024 seconds.
  path: Assets/Materials/Brick Materials/Feedback/Objective Brick.mat
  artifactKey: Guid(2523b19c4d81009489b271780e577bdc) Importer(815301076,1909f56bfc062723c751e8b465ee728b)
Start importing Assets/Materials/Brick Materials/Feedback/Objective Brick.mat using Guid(2523b19c4d81009489b271780e577bdc) Importer(815301076,1909f56bfc062723c751e8b465ee728b)  -> (artifact id: '903853b8a90b8a4fcbe32f2b7f6de73c') in 0.043765 seconds 
========================================================================
Received Import Request.
  Time since last request: 0.000029 seconds.
  path: Assets/Materials/Brick Materials/Feedback/Basic Brick Feedback.mat
  artifactKey: Guid(6f695e0205a108c46923c2116cd0ac40) Importer(815301076,1909f56bfc062723c751e8b465ee728b)
Start importing Assets/Materials/Brick Materials/Feedback/Basic Brick Feedback.mat using Guid(6f695e0205a108c46923c2116cd0ac40) Importer(815301076,1909f56bfc062723c751e8b465ee728b)  -> (artifact id: '1b5f659290301fc750c005b771ce4b64') in 0.065200 seconds 
========================================================================
Received Import Request.
  Time since last request: 18.216283 seconds.
  path: Assets/MyPrefabs/Bricks/Powerup Brick Variant.prefab
  artifactKey: Guid(0ee3ab5b00e63e247ae20649f36d6608) Importer(815301076,1909f56bfc062723c751e8b465ee728b)
Start importing Assets/MyPrefabs/Bricks/Powerup Brick Variant.prefab using Guid(0ee3ab5b00e63e247ae20649f36d6608) Importer(815301076,1909f56bfc062723c751e8b465ee728b)  -> (artifact id: 'dd00b5f194f0aec9af05b1f2ef923c35') in 0.232707 seconds 
========================================================================
Received Import Request.
  Time since last request: 29.008647 seconds.
  path: Assets/MyPrefabs/Bricks/Powerup Brick Variant.prefab
  artifactKey: Guid(0ee3ab5b00e63e247ae20649f36d6608) Importer(815301076,1909f56bfc062723c751e8b465ee728b)
Start importing Assets/MyPrefabs/Bricks/Powerup Brick Variant.prefab using Guid(0ee3ab5b00e63e247ae20649f36d6608) Importer(815301076,1909f56bfc062723c751e8b465ee728b)  -> (artifact id: 'b7d914b48546f83f3913fa56cd5049a0') in 0.122824 seconds 
========================================================================
Received Import Request.
  Time since last request: 9.618379 seconds.
  path: Assets/MyPrefabs/Bricks/Powerup Brick Variant.prefab
  artifactKey: Guid(0ee3ab5b00e63e247ae20649f36d6608) Importer(815301076,1909f56bfc062723c751e8b465ee728b)
Start importing Assets/MyPrefabs/Bricks/Powerup Brick Variant.prefab using Guid(0ee3ab5b00e63e247ae20649f36d6608) Importer(815301076,1909f56bfc062723c751e8b465ee728b)  -> (artifact id: 'b2d3e043ae252a2dd5ccb7e6fa05a658') in 0.135177 seconds 
========================================================================
Received Import Request.
  Time since last request: 28.502779 seconds.
  path: Assets/MyPrefabs/Bricks/Powerup Brick Variant.prefab
  artifactKey: Guid(0ee3ab5b00e63e247ae20649f36d6608) Importer(815301076,1909f56bfc062723c751e8b465ee728b)
Start importing Assets/MyPrefabs/Bricks/Powerup Brick Variant.prefab using Guid(0ee3ab5b00e63e247ae20649f36d6608) Importer(815301076,1909f56bfc062723c751e8b465ee728b)  -> (artifact id: '0c028d101931329ac66028f7d375014a') in 0.135124 seconds 
========================================================================
Received Import Request.
  Time since last request: 11.318960 seconds.
  path: Assets/MyPrefabs/Bricks/Powerup Brick Variant.prefab
  artifactKey: Guid(0ee3ab5b00e63e247ae20649f36d6608) Importer(815301076,1909f56bfc062723c751e8b465ee728b)
Start importing Assets/MyPrefabs/Bricks/Powerup Brick Variant.prefab using Guid(0ee3ab5b00e63e247ae20649f36d6608) Importer(815301076,1909f56bfc062723c751e8b465ee728b)  -> (artifact id: '65ddac7b82328adc0b01ad1c2a0be7f7') in 0.373240 seconds 
========================================================================
Received Import Request.
  Time since last request: 105.481459 seconds.
  path: Assets/Cartoon_Texture_Pack/GRASS/GRASS_Flower/GRASS_Flower_Tint_02/Material/Grass_Flower_Tint_02_FlowerRed_B.mat
  artifactKey: Guid(d1264135f8ef85d4c8e48104847adcb2) Importer(815301076,1909f56bfc062723c751e8b465ee728b)
Start importing Assets/Cartoon_Texture_Pack/GRASS/GRASS_Flower/GRASS_Flower_Tint_02/Material/Grass_Flower_Tint_02_FlowerRed_B.mat using Guid(d1264135f8ef85d4c8e48104847adcb2) Importer(815301076,1909f56bfc062723c751e8b465ee728b)  -> (artifact id: '12fa50ed08d8181ee088f66f8799b813') in 1.158561 seconds 
========================================================================
Received Import Request.
  Time since last request: 0.000064 seconds.
  path: Assets/Cartoon_Texture_Pack/GRASS/GRASS_Flower/GRASS_Flower_Tint_02/Material/Grass_Flower_Tint_02_FlowerYellow_B.mat
  artifactKey: Guid(c147ff3bd0c44734ab1d726ec8c6a28d) Importer(815301076,1909f56bfc062723c751e8b465ee728b)
Start importing Assets/Cartoon_Texture_Pack/GRASS/GRASS_Flower/GRASS_Flower_Tint_02/Material/Grass_Flower_Tint_02_FlowerYellow_B.mat using Guid(c147ff3bd0c44734ab1d726ec8c6a28d) Importer(815301076,1909f56bfc062723c751e8b465ee728b)  -> (artifact id: '14824d82727c7cf062300e4bdf263190') in 1.436385 seconds 
========================================================================
Received Import Request.
  Time since last request: 0.000025 seconds.
  path: Assets/EffectExamples/Magic Effects/Materials/EarthCrack.mat
  artifactKey: Guid(1f6abb4fa65207247b856825feae3e68) Importer(815301076,1909f56bfc062723c751e8b465ee728b)
Start importing Assets/EffectExamples/Magic Effects/Materials/EarthCrack.mat using Guid(1f6abb4fa65207247b856825feae3e68) Importer(815301076,1909f56bfc062723c751e8b465ee728b)  -> (artifact id: '3a43de9f691e3366b4d75ed7f6b8337e') in 1.785719 seconds 
========================================================================
Received Import Request.
  Time since last request: 0.000030 seconds.
  path: Assets/EffectExamples/Smoke & Steam Effects/Materials/HeatDistortion.mat
  artifactKey: Guid(3c90f41c7ad75cd4db41faa565660d18) Importer(815301076,1909f56bfc062723c751e8b465ee728b)
Start importing Assets/EffectExamples/Smoke & Steam Effects/Materials/HeatDistortion.mat using Guid(3c90f41c7ad75cd4db41faa565660d18) Importer(815301076,1909f56bfc062723c751e8b465ee728b)  -> (artifact id: '4228569a7bc7b38f21158607d6d28840') in 0.751085 seconds 
========================================================================
Received Import Request.
  Time since last request: 0.000044 seconds.
  path: Assets/EffectExamples/Magic Effects/Materials/IceTrail.mat
  artifactKey: Guid(d4c406b5d941319458ddccf4b6f76be3) Importer(815301076,1909f56bfc062723c751e8b465ee728b)
Start importing Assets/EffectExamples/Magic Effects/Materials/IceTrail.mat using Guid(d4c406b5d941319458ddccf4b6f76be3) Importer(815301076,1909f56bfc062723c751e8b465ee728b)  -> (artifact id: 'a20780f798348a7d466434dfdf1a6f62') in 0.351040 seconds 
========================================================================
Received Import Request.
  Time since last request: 6.024811 seconds.
  path: Assets/Shared/Environment/Textures/ConcreteWall_AmbientOcclusion.tif
  artifactKey: Guid(45e11ca837ab9e64c8cb8a9ae58fc6f3) Importer(815301076,1909f56bfc062723c751e8b465ee728b)
Start importing Assets/Shared/Environment/Textures/ConcreteWall_AmbientOcclusion.tif using Guid(45e11ca837ab9e64c8cb8a9ae58fc6f3) Importer(815301076,1909f56bfc062723c751e8b465ee728b)  -> (artifact id: '834a67702b34b79fe4320f2c0605d1e6') in 0.293329 seconds 
========================================================================
Received Import Request.
  Time since last request: 0.000024 seconds.
  path: Assets/Cartoon_Texture_Pack/DIRT/Dirt_Path/Textures/Dirt_Path_Basecolor.png
  artifactKey: Guid(c2e975e8a074dff45aee75e580a54344) Importer(815301076,1909f56bfc062723c751e8b465ee728b)
Start importing Assets/Cartoon_Texture_Pack/DIRT/Dirt_Path/Textures/Dirt_Path_Basecolor.png using Guid(c2e975e8a074dff45aee75e580a54344) Importer(815301076,1909f56bfc062723c751e8b465ee728b)  -> (artifact id: 'c3b454db052e1e15affbde5c07785d2c') in 0.322413 seconds 
========================================================================
Received Import Request.
  Time since last request: 0.000024 seconds.
  path: Assets/Cartoon_Texture_Pack/DIRT/Dirt_Path/Textures/Dirt_Path_Normal.png
  artifactKey: Guid(48c3f9bf0c6c95b4e8a00c6b9a8162be) Importer(815301076,1909f56bfc062723c751e8b465ee728b)
Start importing Assets/Cartoon_Texture_Pack/DIRT/Dirt_Path/Textures/Dirt_Path_Normal.png using Guid(48c3f9bf0c6c95b4e8a00c6b9a8162be) Importer(815301076,1909f56bfc062723c751e8b465ee728b)  -> (artifact id: '60a077da3c1fe3b5c234ab6367fd62e1') in 0.740686 seconds 
========================================================================
Received Import Request.
  Time since last request: 0.000025 seconds.
  path: Assets/EffectExamples/Weapon Effects/Textures/DustPuffSmallParticleSheet.png
  artifactKey: Guid(32dde075fa5f86d458327a2ac0c4593b) Importer(815301076,1909f56bfc062723c751e8b465ee728b)
Start importing Assets/EffectExamples/Weapon Effects/Textures/DustPuffSmallParticleSheet.png using Guid(32dde075fa5f86d458327a2ac0c4593b) Importer(815301076,1909f56bfc062723c751e8b465ee728b)  -> (artifact id: 'f523e8a7fee82d8ee25bfde9ad2e5942') in 0.410282 seconds 
========================================================================
Received Import Request.
  Time since last request: 0.000029 seconds.
  path: Assets/Cartoon_Texture_Pack/DIRT/Dirt_Path/Textures/Dirt_Path_Metallic.png
  artifactKey: Guid(ae87662110a99a64d80a0cb0171f7d5e) Importer(815301076,1909f56bfc062723c751e8b465ee728b)
Start importing Assets/Cartoon_Texture_Pack/DIRT/Dirt_Path/Textures/Dirt_Path_Metallic.png using Guid(ae87662110a99a64d80a0cb0171f7d5e) Importer(815301076,1909f56bfc062723c751e8b465ee728b)  -> (artifact id: 'a06337b40150e0cc641698ec967868a7') in 0.303551 seconds 
========================================================================
Received Import Request.
  Time since last request: 166.620747 seconds.
  path: Assets/Sprites/Textures/Player1_Ball.png
  artifactKey: Guid(db88f1039a818384780e16e6fb31e722) Importer(815301076,1909f56bfc062723c751e8b465ee728b)
Start importing Assets/Sprites/Textures/Player1_Ball.png using Guid(db88f1039a818384780e16e6fb31e722) Importer(815301076,1909f56bfc062723c751e8b465ee728b)  -> (artifact id: 'd5a8ed051846a70d3f8005c5dac6546a') in 0.151808 seconds 
========================================================================
Received Import Request.
  Time since last request: 0.000023 seconds.
  path: Assets/Sprites/Brick Sprites/Purple Coral.png
  artifactKey: Guid(7799d4b853862194ebb015b8dd3e95ef) Importer(815301076,1909f56bfc062723c751e8b465ee728b)
Start importing Assets/Sprites/Brick Sprites/Purple Coral.png using Guid(7799d4b853862194ebb015b8dd3e95ef) Importer(815301076,1909f56bfc062723c751e8b465ee728b)  -> (artifact id: '60db2f034c52ca9f8e66f9c5b08caa4b') in 0.086398 seconds 
========================================================================
Received Import Request.
  Time since last request: 1.044804 seconds.
  path: Assets/Cartoon_Texture_Pack/ROCKS/ROCKS_Cliff/Textures/Rocks_Cliff_A_Height.png
  artifactKey: Guid(4b4007d4480d3084f93c26751da1edf3) Importer(815301076,1909f56bfc062723c751e8b465ee728b)
Start importing Assets/Cartoon_Texture_Pack/ROCKS/ROCKS_Cliff/Textures/Rocks_Cliff_A_Height.png using Guid(4b4007d4480d3084f93c26751da1edf3) Importer(815301076,1909f56bfc062723c751e8b465ee728b)  -> (artifact id: 'c8ccc034557f82d607f1f2c7577530a0') in 0.100298 seconds 
========================================================================
Received Import Request.
  Time since last request: 0.650492 seconds.
  path: Assets/Sprites/Brick Sprites/Yellow_coral.png
  artifactKey: Guid(3148ad052b57e614d8a3cac308ad401f) Importer(815301076,1909f56bfc062723c751e8b465ee728b)
Start importing Assets/Sprites/Brick Sprites/Yellow_coral.png using Guid(3148ad052b57e614d8a3cac308ad401f) Importer(815301076,1909f56bfc062723c751e8b465ee728b)  -> (artifact id: 'a48f39fa8f623e58f22e63e4ebcb2b16') in 0.029955 seconds 
========================================================================
Received Import Request.
  Time since last request: 0.268767 seconds.
  path: Assets/MyTextures/New_Coral_Textured_Bricks/Cracked/new_Orange_Cracked.png
  artifactKey: Guid(804be66683dbbcc479af504eb7121981) Importer(815301076,1909f56bfc062723c751e8b465ee728b)
Start importing Assets/MyTextures/New_Coral_Textured_Bricks/Cracked/new_Orange_Cracked.png using Guid(804be66683dbbcc479af504eb7121981) Importer(815301076,1909f56bfc062723c751e8b465ee728b)  -> (artifact id: '1aa40d5429bb8ec7f434174872bdc562') in 0.022901 seconds 
========================================================================
Received Import Request.
  Time since last request: 5.745357 seconds.
  path: Assets/Scenes/Main/ReflectionProbe-2.exr
  artifactKey: Guid(5c1be5c0a92e945418a09e0b4b56cd15) Importer(815301076,1909f56bfc062723c751e8b465ee728b)
Start importing Assets/Scenes/Main/ReflectionProbe-2.exr using Guid(5c1be5c0a92e945418a09e0b4b56cd15) Importer(815301076,1909f56bfc062723c751e8b465ee728b)  -> (artifact id: 'f192e2b438ed973f1c4f865b071df87c') in 0.594221 seconds 
========================================================================
Received Import Request.
  Time since last request: 18.656072 seconds.
  path: Assets/MyTextures/New_Coral_Textured_Bricks/Cracked/new_Red_Cracked.png
  artifactKey: Guid(9a1c0e7e223fd5d4a9a3e4eb74efd492) Importer(815301076,1909f56bfc062723c751e8b465ee728b)
Start importing Assets/MyTextures/New_Coral_Textured_Bricks/Cracked/new_Red_Cracked.png using Guid(9a1c0e7e223fd5d4a9a3e4eb74efd492) Importer(815301076,1909f56bfc062723c751e8b465ee728b)  -> (artifact id: '8b3261069786cc870de6823abb6c4db0') in 0.029997 seconds 
========================================================================
Received Import Request.
  Time since last request: 0.343184 seconds.
  path: Assets/Cartoon_Texture_Pack/GRASS/GRASS_Flower/GRASS_Flower_Tint_01/Texture/Grass_Flower_Tint_01_FlowerRed_B_AO.png
  artifactKey: Guid(2aa4eef297cc86c4685c2158d82efd7b) Importer(815301076,1909f56bfc062723c751e8b465ee728b)
Start importing Assets/Cartoon_Texture_Pack/GRASS/GRASS_Flower/GRASS_Flower_Tint_01/Texture/Grass_Flower_Tint_01_FlowerRed_B_AO.png using Guid(2aa4eef297cc86c4685c2158d82efd7b) Importer(815301076,1909f56bfc062723c751e8b465ee728b)  -> (artifact id: '3ed8f7a489efb6d98452135ad14166bd') in 0.271986 seconds 
========================================================================
Received Import Request.
  Time since last request: 0.043378 seconds.
  path: Assets/Cartoon_Texture_Pack/GRASS/GRASS_Flower/GRASS_Flower_Tint_01/Texture/Grass_Flower_Tint_01_FlowerRed_A_Basecolor.png
  artifactKey: Guid(07f44d4cc88d7a14e9ef3821380ae9c6) Importer(815301076,1909f56bfc062723c751e8b465ee728b)
Start importing Assets/Cartoon_Texture_Pack/GRASS/GRASS_Flower/GRASS_Flower_Tint_01/Texture/Grass_Flower_Tint_01_FlowerRed_A_Basecolor.png using Guid(07f44d4cc88d7a14e9ef3821380ae9c6) Importer(815301076,1909f56bfc062723c751e8b465ee728b)  -> (artifact id: 'aff6e3d0a72338cc7496e266cc92e9d3') in 0.153918 seconds 
========================================================================
Received Import Request.
  Time since last request: 0.000024 seconds.
  path: Assets/Cartoon_Texture_Pack/GRASS/GRASS_Flower/GRASS_Flower_Tint_01/Texture/Grass_Flower_Tint_01_FlowerRed_A_metallic.png
  artifactKey: Guid(566b12d8fd087bd4c8a2392f49e876f2) Importer(815301076,1909f56bfc062723c751e8b465ee728b)
Start importing Assets/Cartoon_Texture_Pack/GRASS/GRASS_Flower/GRASS_Flower_Tint_01/Texture/Grass_Flower_Tint_01_FlowerRed_A_metallic.png using Guid(566b12d8fd087bd4c8a2392f49e876f2) Importer(815301076,1909f56bfc062723c751e8b465ee728b)  -> (artifact id: '7381864ee4aea6d591c2585226472f0b') in 0.142667 seconds 
========================================================================
Received Import Request.
  Time since last request: 4.715868 seconds.
  path: Assets/Sprites/Textures/ball_purple_red_texture.png
  artifactKey: Guid(aa5de5dcc07fa2a47bebfdf2ff0abfab) Importer(815301076,1909f56bfc062723c751e8b465ee728b)
Start importing Assets/Sprites/Textures/ball_purple_red_texture.png using Guid(aa5de5dcc07fa2a47bebfdf2ff0abfab) Importer(815301076,1909f56bfc062723c751e8b465ee728b)  -> (artifact id: '14d29795de3c595c5b3b70200b2c7f49') in 0.117540 seconds 
========================================================================
Received Import Request.
  Time since last request: 0.000017 seconds.
  path: Assets/Sprites/UI/cannon_fire.png
  artifactKey: Guid(12d7a4505fb7ddd44be2bea3ca11dac9) Importer(815301076,1909f56bfc062723c751e8b465ee728b)
Start importing Assets/Sprites/UI/cannon_fire.png using Guid(12d7a4505fb7ddd44be2bea3ca11dac9) Importer(815301076,1909f56bfc062723c751e8b465ee728b)  -> (artifact id: '9f918306d28f48b7ff92cfdb234330d8') in 0.144433 seconds 
========================================================================
Received Import Request.
  Time since last request: 0.000027 seconds.
  path: Assets/Sprites/Legacy/Fire_Text.png
  artifactKey: Guid(82b4d493afd821648848c2feb7e80e9a) Importer(815301076,1909f56bfc062723c751e8b465ee728b)
Start importing Assets/Sprites/Legacy/Fire_Text.png using Guid(82b4d493afd821648848c2feb7e80e9a) Importer(815301076,1909f56bfc062723c751e8b465ee728b)  -> (artifact id: '4d3bf97d5a6d6b731ec5a2e69e8a7d0c') in 0.087042 seconds 
========================================================================
Received Import Request.
  Time since last request: 0.000025 seconds.
  path: Assets/Shared/Environment/Textures/ConcreteWall_Albedo.tif
  artifactKey: Guid(dd79a67bb902a074da2a53f94862061d) Importer(815301076,1909f56bfc062723c751e8b465ee728b)
Start importing Assets/Shared/Environment/Textures/ConcreteWall_Albedo.tif using Guid(dd79a67bb902a074da2a53f94862061d) Importer(815301076,1909f56bfc062723c751e8b465ee728b)  -> (artifact id: 'aa9391b23ae8d979cd5da0ff197d63f8') in 0.241255 seconds 
========================================================================
Received Import Request.
  Time since last request: 353.689126 seconds.
  path: Assets/MyTextures/New_Coral_Textured_Bricks/Transparent_Masked
  artifactKey: Guid(ec78ddd5e95583543affac24a20f9c29) Importer(815301076,1909f56bfc062723c751e8b465ee728b)
Start importing Assets/MyTextures/New_Coral_Textured_Bricks/Transparent_Masked using Guid(ec78ddd5e95583543affac24a20f9c29) Importer(815301076,1909f56bfc062723c751e8b465ee728b)  -> (artifact id: 'b22129e9ca8e6660c24dc558acb074aa') in 0.008542 seconds 
========================================================================
Received Import Request.
  Time since last request: 0.046749 seconds.
  path: Assets/MyTextures/New_Coral_Textured_Bricks/Transparent_Masked/Green_Sink.png
  artifactKey: Guid(a8a96e26b4c5db94b9850db26f900263) Importer(815301076,1909f56bfc062723c751e8b465ee728b)
Start importing Assets/MyTextures/New_Coral_Textured_Bricks/Transparent_Masked/Green_Sink.png using Guid(a8a96e26b4c5db94b9850db26f900263) Importer(815301076,1909f56bfc062723c751e8b465ee728b)  -> (artifact id: '27769ca2afb8b862ae47473835a45351') in 0.026787 seconds 
========================================================================
Received Import Request.
  Time since last request: 0.000022 seconds.
  path: Assets/MyTextures/New_Coral_Textured_Bricks/Transparent_Masked/Red_Sink.png
  artifactKey: Guid(3db54bf99dc40b64a97af44a4bf142b5) Importer(815301076,1909f56bfc062723c751e8b465ee728b)
Start importing Assets/MyTextures/New_Coral_Textured_Bricks/Transparent_Masked/Red_Sink.png using Guid(3db54bf99dc40b64a97af44a4bf142b5) Importer(815301076,1909f56bfc062723c751e8b465ee728b)  -> (artifact id: 'ac286a81463f79b1109fc1f422f2ab61') in 0.031249 seconds 
========================================================================
Received Import Request.
  Time since last request: 8.405113 seconds.
  path: Assets/MyTextures/New_Coral_Textured_Bricks/Transparent_Masked/Green_Sink.png
  artifactKey: Guid(a8a96e26b4c5db94b9850db26f900263) Importer(815301076,1909f56bfc062723c751e8b465ee728b)
Start importing Assets/MyTextures/New_Coral_Textured_Bricks/Transparent_Masked/Green_Sink.png using Guid(a8a96e26b4c5db94b9850db26f900263) Importer(815301076,1909f56bfc062723c751e8b465ee728b)  -> (artifact id: '87782c3f67f058f92f379cb957810945') in 0.056016 seconds 
========================================================================
Received Import Request.
  Time since last request: 24.013999 seconds.
  path: Assets/Materials/Brick Materials/Sink/Ammo.mat
  artifactKey: Guid(cfe018171e7f8e749a5b50ca2d20aa6f) Importer(815301076,1909f56bfc062723c751e8b465ee728b)
Start importing Assets/Materials/Brick Materials/Sink/Ammo.mat using Guid(cfe018171e7f8e749a5b50ca2d20aa6f) Importer(815301076,1909f56bfc062723c751e8b465ee728b)  -> (artifact id: 'd7614b0d91243151fe50c1dfd2c75fc6') in 0.567167 seconds 
========================================================================
Received Import Request.
  Time since last request: 0.000026 seconds.
  path: Assets/Materials/Brick Materials/Sink/Red_Coral.mat
  artifactKey: Guid(fde6670ab72dda94a956bccd036c0376) Importer(815301076,1909f56bfc062723c751e8b465ee728b)
Start importing Assets/Materials/Brick Materials/Sink/Red_Coral.mat using Guid(fde6670ab72dda94a956bccd036c0376) Importer(815301076,1909f56bfc062723c751e8b465ee728b)  -> (artifact id: 'e89dcef0d0dec2738f537a492a812d13') in 0.118414 seconds 
========================================================================
Received Import Request.
  Time since last request: 0.000026 seconds.
  path: Assets/Materials/Brick Materials/Sink/Wood.mat
  artifactKey: Guid(537b6113464d7d84faebf83fbce86752) Importer(815301076,1909f56bfc062723c751e8b465ee728b)
Start importing Assets/Materials/Brick Materials/Sink/Wood.mat using Guid(537b6113464d7d84faebf83fbce86752) Importer(815301076,1909f56bfc062723c751e8b465ee728b)  -> (artifact id: 'a8c783641a2eaf392e649d1069d6eaac') in 0.107615 seconds 
========================================================================
Received Import Request.
  Time since last request: 3.537638 seconds.
  path: Assets/Cartoon_Texture_Pack/SAND/SAND_Beach/Textures/Sand_Beach_Shell_AO.png
  artifactKey: Guid(c7f3b0a1d7418cd43a89f5e90130b805) Importer(815301076,1909f56bfc062723c751e8b465ee728b)
Start importing Assets/Cartoon_Texture_Pack/SAND/SAND_Beach/Textures/Sand_Beach_Shell_AO.png using Guid(c7f3b0a1d7418cd43a89f5e90130b805) Importer(815301076,1909f56bfc062723c751e8b465ee728b)  -> (artifact id: '227b648faf9d37561d341d4ff455f33d') in 0.258084 seconds 
========================================================================
Received Import Request.
  Time since last request: 0.000020 seconds.
  path: Assets/Cartoon_Texture_Pack/SAND/SAND_Underwater/Textures/Sand_Underwater_Shell_Normal.png
  artifactKey: Guid(30b25325c708fc342ab5de0df5b1fff3) Importer(815301076,1909f56bfc062723c751e8b465ee728b)
Start importing Assets/Cartoon_Texture_Pack/SAND/SAND_Underwater/Textures/Sand_Underwater_Shell_Normal.png using Guid(30b25325c708fc342ab5de0df5b1fff3) Importer(815301076,1909f56bfc062723c751e8b465ee728b)  -> (artifact id: 'f3b37fa0d03abf5803674245a3b54cff') in 0.347956 seconds 
========================================================================
Received Import Request.
  Time since last request: 0.000030 seconds.
  path: Assets/Props_3D/Textures/texture_lamp_Emission.png
  artifactKey: Guid(0d9206e290a93458d86c1e06056b3c27) Importer(815301076,1909f56bfc062723c751e8b465ee728b)
Start importing Assets/Props_3D/Textures/texture_lamp_Emission.png using Guid(0d9206e290a93458d86c1e06056b3c27) Importer(815301076,1909f56bfc062723c751e8b465ee728b)  -> (artifact id: '5a3a0701db3f7df9f192cb9683f14708') in 0.139931 seconds 
========================================================================
Received Import Request.
  Time since last request: 0.000018 seconds.
  path: Assets/Free Assets/Stylized_Pirate_Ship/StylShip_MatTextures/StylShip_ShipHull_AmbientOcclusion.png
  artifactKey: Guid(203bf98a8199dd84999b47619e17724b) Importer(815301076,1909f56bfc062723c751e8b465ee728b)
Start importing Assets/Free Assets/Stylized_Pirate_Ship/StylShip_MatTextures/StylShip_ShipHull_AmbientOcclusion.png using Guid(203bf98a8199dd84999b47619e17724b) Importer(815301076,1909f56bfc062723c751e8b465ee728b)  -> (artifact id: '970556c0d14d98212f12da33009b284d') in 0.066338 seconds 
========================================================================
Received Import Request.
  Time since last request: 0.000029 seconds.
  path: Assets/EffectExamples/Weapon Effects/Textures/WoodOcclusion.tif
  artifactKey: Guid(3f61242b237377e4590f4e6d1c869079) Importer(815301076,1909f56bfc062723c751e8b465ee728b)
Start importing Assets/EffectExamples/Weapon Effects/Textures/WoodOcclusion.tif using Guid(3f61242b237377e4590f4e6d1c869079) Importer(815301076,1909f56bfc062723c751e8b465ee728b)  -> (artifact id: '0b6481598a53c0fe6f265d08bbc16e1e') in 0.333361 seconds 
========================================================================
Received Import Request.
  Time since last request: 0.000025 seconds.
  path: Assets/Cartoon_Texture_Pack/SAND/SAND_Underwater/Textures/Sand_Underwater_Shell_height.png
  artifactKey: Guid(2b0c96194bde5894daac68b584fbed55) Importer(815301076,1909f56bfc062723c751e8b465ee728b)
Start importing Assets/Cartoon_Texture_Pack/SAND/SAND_Underwater/Textures/Sand_Underwater_Shell_height.png using Guid(2b0c96194bde5894daac68b584fbed55) Importer(815301076,1909f56bfc062723c751e8b465ee728b)  -> (artifact id: '2251730918b7ce3f0f529d302dfcd855') in 0.462936 seconds 
========================================================================
Received Import Request.
  Time since last request: 0.000020 seconds.
  path: Assets/Free Assets/JMO Assets/WarFX/Desktop/Textures/MuzzleFlashes/WFX_T_MF Side RIFLE3 A8.png
  artifactKey: Guid(0c536cd41eb26c84880ad44b182415fd) Importer(815301076,1909f56bfc062723c751e8b465ee728b)
Start importing Assets/Free Assets/JMO Assets/WarFX/Desktop/Textures/MuzzleFlashes/WFX_T_MF Side RIFLE3 A8.png using Guid(0c536cd41eb26c84880ad44b182415fd) Importer(815301076,1909f56bfc062723c751e8b465ee728b)  -> (artifact id: '74e592ab2aa48f4c0518096cb20f6d86') in 0.157712 seconds 
========================================================================
Received Import Request.
  Time since last request: 0.000026 seconds.
  path: Assets/Cartoon_Texture_Pack/SAND/SAND_Underwater/Textures/Sand_Underwater_Base_height.png
  artifactKey: Guid(59f512951b3979d498aea3bb88d8806d) Importer(815301076,1909f56bfc062723c751e8b465ee728b)
Start importing Assets/Cartoon_Texture_Pack/SAND/SAND_Underwater/Textures/Sand_Underwater_Base_height.png using Guid(59f512951b3979d498aea3bb88d8806d) Importer(815301076,1909f56bfc062723c751e8b465ee728b)  -> (artifact id: '6326191245b907bad01605f11a4e0f5f') in 0.262083 seconds 
========================================================================
Received Import Request.
  Time since last request: 8.908575 seconds.
  path: Assets/Free Assets/Stylized_Pirate_Ship/StylShip_MatTextures/StylShip_Decks_MetallicSmoothness.png
  artifactKey: Guid(110e83d84f65b3a44a5cd72a6b86e91d) Importer(815301076,1909f56bfc062723c751e8b465ee728b)
Start importing Assets/Free Assets/Stylized_Pirate_Ship/StylShip_MatTextures/StylShip_Decks_MetallicSmoothness.png using Guid(110e83d84f65b3a44a5cd72a6b86e91d) Importer(815301076,1909f56bfc062723c751e8b465ee728b)  -> (artifact id: 'c787704ae1c6b8f146a98e262159e709') in 0.184609 seconds 
========================================================================
Received Import Request.
  Time since last request: 0.000024 seconds.
  path: Assets/Free Assets/Stylized_Pirate_Ship/StylShip_MatTextures/StylShip_Masts_MetallicSmoothness.png
  artifactKey: Guid(f1470148ee0919d4fba6794a79dbc5bb) Importer(815301076,1909f56bfc062723c751e8b465ee728b)
Start importing Assets/Free Assets/Stylized_Pirate_Ship/StylShip_MatTextures/StylShip_Masts_MetallicSmoothness.png using Guid(f1470148ee0919d4fba6794a79dbc5bb) Importer(815301076,1909f56bfc062723c751e8b465ee728b)  -> (artifact id: '4359bbd119886a73c7cdf2c55d7cbf12') in 0.093411 seconds 
========================================================================
Received Import Request.
  Time since last request: 0.000045 seconds.
  path: Assets/Free Assets/Stylized_Pirate_Ship/StylShip_MatTextures/StylShip_Masts_AmbientOcclusion.png
  artifactKey: Guid(9793c29d278aeb945bb9123be4b9b639) Importer(815301076,1909f56bfc062723c751e8b465ee728b)
Start importing Assets/Free Assets/Stylized_Pirate_Ship/StylShip_MatTextures/StylShip_Masts_AmbientOcclusion.png using Guid(9793c29d278aeb945bb9123be4b9b639) Importer(815301076,1909f56bfc062723c751e8b465ee728b)  -> (artifact id: '548c2c1fcf6d1c3fd0f9165c910a2e97') in 0.121405 seconds 
========================================================================
Received Import Request.
  Time since last request: 0.000021 seconds.
  path: Assets/Free Assets/Stylized_Pirate_Ship/StylShip_MatTextures/StylShip_SailsRope_AmbientOcclusion.png
  artifactKey: Guid(6365d8f3a78ccf0459a546bdd296dae0) Importer(815301076,1909f56bfc062723c751e8b465ee728b)
Start importing Assets/Free Assets/Stylized_Pirate_Ship/StylShip_MatTextures/StylShip_SailsRope_AmbientOcclusion.png using Guid(6365d8f3a78ccf0459a546bdd296dae0) Importer(815301076,1909f56bfc062723c751e8b465ee728b)  -> (artifact id: 'e8fcc0e76d88925eda82a91c648dd359') in 0.080543 seconds 
========================================================================
Received Import Request.
  Time since last request: 0.000032 seconds.
  path: Assets/Free Assets/Stylized_Pirate_Ship/StylShip_MatTextures/StylShip_Masts_AlbedoTransparency.png
  artifactKey: Guid(c5901344ad7bfce4898186d513501d39) Importer(815301076,1909f56bfc062723c751e8b465ee728b)
Start importing Assets/Free Assets/Stylized_Pirate_Ship/StylShip_MatTextures/StylShip_Masts_AlbedoTransparency.png using Guid(c5901344ad7bfce4898186d513501d39) Importer(815301076,1909f56bfc062723c751e8b465ee728b)  -> (artifact id: '2495fd49dccfd331170ee54d7201390c') in 0.095207 seconds 
========================================================================
Received Import Request.
  Time since last request: 0.000029 seconds.
  path: Assets/Free Assets/Stylized_Pirate_Ship/StylShip_MatTextures/StylShip_Elements_MetallicSmoothness.png
  artifactKey: Guid(61309830952249c4cbcaaf1094ea0904) Importer(815301076,1909f56bfc062723c751e8b465ee728b)
Start importing Assets/Free Assets/Stylized_Pirate_Ship/StylShip_MatTextures/StylShip_Elements_MetallicSmoothness.png using Guid(61309830952249c4cbcaaf1094ea0904) Importer(815301076,1909f56bfc062723c751e8b465ee728b)  -> (artifact id: 'ad53d1ca20143ee8466f9750472fe92f') in 0.082147 seconds 
========================================================================
Received Import Request.
  Time since last request: 17.394323 seconds.
  path: Assets/EffectExamples/Magic Effects/Textures/Ramp02.png
  artifactKey: Guid(26534f2d5894add499249fc1b8373a24) Importer(815301076,1909f56bfc062723c751e8b465ee728b)
Start importing Assets/EffectExamples/Magic Effects/Textures/Ramp02.png using Guid(26534f2d5894add499249fc1b8373a24) Importer(815301076,1909f56bfc062723c751e8b465ee728b)  -> (artifact id: '0d51c4dd7fb37a555a550db1c3a7a04d') in 0.100872 seconds 
========================================================================
Received Import Request.
  Time since last request: 1.425815 seconds.
  path: Assets/Props_3D/Textures/texture_bag_MaskMap.png
  artifactKey: Guid(62a32cd2a9d8142f8a20179732325a98) Importer(815301076,1909f56bfc062723c751e8b465ee728b)
Start importing Assets/Props_3D/Textures/texture_bag_MaskMap.png using Guid(62a32cd2a9d8142f8a20179732325a98) Importer(815301076,1909f56bfc062723c751e8b465ee728b)  -> (artifact id: 'dd8c9cf1b7dbf89a356692a14c4d2760') in 0.165130 seconds 
========================================================================
Received Import Request.
  Time since last request: 0.000023 seconds.
  path: Assets/Props_3D/Textures/texture_bottle2_MaskMap.png
  artifactKey: Guid(c367a81cc00584d24ad951610498660f) Importer(815301076,1909f56bfc062723c751e8b465ee728b)
Start importing Assets/Props_3D/Textures/texture_bottle2_MaskMap.png using Guid(c367a81cc00584d24ad951610498660f) Importer(815301076,1909f56bfc062723c751e8b465ee728b)  -> (artifact id: '472764821f5b04588d3395038abccfe8') in 0.114066 seconds 
========================================================================
Received Import Request.
  Time since last request: 0.000026 seconds.
  path: Assets/Props_3D/Textures/texture_barrel_MaskMap.png
  artifactKey: Guid(6f85553e439ce487a9a977a1680d3076) Importer(815301076,1909f56bfc062723c751e8b465ee728b)
Start importing Assets/Props_3D/Textures/texture_barrel_MaskMap.png using Guid(6f85553e439ce487a9a977a1680d3076) Importer(815301076,1909f56bfc062723c751e8b465ee728b)  -> (artifact id: '8f42f029676e0014c225f49ff351d63b') in 0.146651 seconds 
========================================================================
Received Import Request.
  Time since last request: 0.000016 seconds.
  path: Assets/Props_3D/Textures/texture_bomb_BaseMap.png
  artifactKey: Guid(3795f184c97164ef0b8511149479061b) Importer(815301076,1909f56bfc062723c751e8b465ee728b)
Start importing Assets/Props_3D/Textures/texture_bomb_BaseMap.png using Guid(3795f184c97164ef0b8511149479061b) Importer(815301076,1909f56bfc062723c751e8b465ee728b)  -> (artifact id: '7620c686a5ffad7af4607e26a8787ca6') in 0.109679 seconds 
========================================================================
Received Import Request.
  Time since last request: 0.000022 seconds.
  path: Assets/Props_3D/Textures/texture_candle_MaskMap.png
  artifactKey: Guid(2c12e32cb9b5b494da2e9c7006758365) Importer(815301076,1909f56bfc062723c751e8b465ee728b)
Start importing Assets/Props_3D/Textures/texture_candle_MaskMap.png using Guid(2c12e32cb9b5b494da2e9c7006758365) Importer(815301076,1909f56bfc062723c751e8b465ee728b)  -> (artifact id: 'dd2d5f1d2080ce30007e56541c7642eb') in 0.111887 seconds 
========================================================================
Received Import Request.
  Time since last request: 19.444514 seconds.
  path: Assets/EffectExamples/Water Effects/Materials/Splash.mat
  artifactKey: Guid(0491051b82b09be4eaa3b2224971acc7) Importer(815301076,1909f56bfc062723c751e8b465ee728b)
Start importing Assets/EffectExamples/Water Effects/Materials/Splash.mat using Guid(0491051b82b09be4eaa3b2224971acc7) Importer(815301076,1909f56bfc062723c751e8b465ee728b)  -> (artifact id: '0b1c9278884604afcdee9f84a381bbf9') in 0.100176 seconds 
========================================================================
Received Import Request.
  Time since last request: 12.674445 seconds.
  path: Assets/Materials/Brick Materials/Sink/Green_Coral.mat
  artifactKey: Guid(07d5c944bf0b02542972358b5d7f4319) Importer(815301076,1909f56bfc062723c751e8b465ee728b)
Start importing Assets/Materials/Brick Materials/Sink/Green_Coral.mat using Guid(07d5c944bf0b02542972358b5d7f4319) Importer(815301076,1909f56bfc062723c751e8b465ee728b)  -> (artifact id: '350be486df2e607812101cc0d17185b2') in 0.740333 seconds 
========================================================================
Received Prepare
Registering precompiled user dll's ...
Registered in 0.006484 seconds.
Begin MonoManager ReloadAssembly
Symbol file LoadedFromMemory doesn't match image D:\Unity Projects\BattleShipBRickBreaker - copy\BattleshipBrickBreaker\Battleship Brick Breaker\Library\PackageCache\com.unity.visualscripting@1.7.8\Editor\VisualScripting.Core\Dependencies\YamlDotNet\Unity.VisualScripting.YamlDotNet.dll
Symbol file LoadedFromMemory doesn't match image D:\Unity Projects\BattleShipBRickBreaker - copy\BattleshipBrickBreaker\Battleship Brick Breaker\Library\PackageCache\com.unity.visualscripting@1.7.8\Editor\VisualScripting.Core\Dependencies\DotNetZip\Unity.VisualScripting.IonicZip.dll
Native extension for WindowsStandalone target not found
Native extension for Android target not found
Refreshing native plugins compatible for Editor in 0.86 ms, found 3 plugins.
Preloading 0 native plugins for Editor in 0.00 ms.
Mono: successfully reloaded assembly
- Completed reload, in  0.846 seconds
Domain Reload Profiling:
	ReloadAssembly (847ms)
		BeginReloadAssembly (131ms)
			ExecutionOrderSort (0ms)
			DisableScriptedObjects (4ms)
			BackupInstance (0ms)
			ReleaseScriptingObjects (0ms)
			CreateAndSetChildDomain (41ms)
		EndReloadAssembly (634ms)
			LoadAssemblies (78ms)
			RebuildTransferFunctionScriptingTraits (0ms)
			SetupTypeCache (220ms)
			ReleaseScriptCaches (1ms)
			RebuildScriptCaches (30ms)
			SetupLoadedEditorAssemblies (279ms)
				LogAssemblyErrors (0ms)
				InitializePlatformSupportModulesInManaged (18ms)
				SetLoadedEditorAssemblies (0ms)
				RefreshPlugins (1ms)
				BeforeProcessingInitializeOnLoad (67ms)
				ProcessInitializeOnLoadAttributes (159ms)
				ProcessInitializeOnLoadMethodAttributes (27ms)
				AfterProcessingInitializeOnLoad (7ms)
				EditorAssembliesLoaded (0ms)
			ExecutionOrderSort2 (0ms)
			AwakeInstancesAfterBackupRestoration (6ms)
Platform modules already initialized, skipping
Shader 'WFX/Transparent Diffuse': fallback shader 'Particles/Alpha Blended' not found
Shader 'WFX/Transparent Specular': fallback shader 'Particles/Alpha Blended' not found
Refreshing native plugins compatible for Editor in 2.71 ms, found 3 plugins.
Preloading 0 native plugins for Editor in 0.00 ms.
Unloading 3675 Unused Serialized files (Serialized files now loaded: 0)
Unloading 32 unused Assets / (260.4 KB). Loaded Objects now: 4254.
Memory consumption went from 213.4 MB to 213.2 MB.
Total: 2.984800 ms (FindLiveObjects: 0.247900 ms CreateObjectMapping: 0.091900 ms MarkObjects: 2.511200 ms  DeleteObjects: 0.132600 ms)

AssetImportParameters requested are different than current active one (requested -> active):
  custom:video-decoder-ogg-theora: a1e56fd34408186e4bbccfd4996cb3dc -> 
  custom:container-muxer-webm: aa71ff27fc2769a1b78a27578f13a17b -> 
  custom:container-demuxer-webm: 4f35f7cbe854078d1ac9338744f61a02 -> 
  custom:video-encoder-webm-vp8: eb34c28f22e8b96e1ab97ce403110664 -> 
  custom:video-codec-MediaFoundation-h265: 746d11721c4dcdbdad8f713fa42b33f4 -> 
  custom:audio-encoder-webm-vorbis: bf7c407c2cedff20999df2af8eb42d56 -> 
  custom:framework-win-MediaFoundation: 216162199b28c13a410421893ffa2e32 -> 
  custom:container-demuxer-ogg: 62fdf1f143b41e24485cea50d1cbac27 -> 
  custom:video-decoder-webm-vp8: 9c59270c3fd7afecdb556c50c9e8de78 -> 
  custom:audio-decoder-ogg-vorbis: bf7c407c2cedff20999df2af8eb42d56 -> 
========================================================================
Received Import Request.
  Time since last request: 2190.116317 seconds.
  path: Assets/Scenes/Rules.unity
  artifactKey: Guid(eb34d7e8e256e7b4eaba4789956447c1) Importer(815301076,1909f56bfc062723c751e8b465ee728b)
Start importing Assets/Scenes/Rules.unity using Guid(eb34d7e8e256e7b4eaba4789956447c1) Importer(815301076,1909f56bfc062723c751e8b465ee728b)  -> (artifact id: '849e7a7146c791a95f46ebbc63e43de9') in 0.014249 seconds 
========================================================================
Received Prepare
Registering precompiled user dll's ...
Registered in 0.005443 seconds.
Begin MonoManager ReloadAssembly
Symbol file LoadedFromMemory doesn't match image D:\Unity Projects\BattleShipBRickBreaker - copy\BattleshipBrickBreaker\Battleship Brick Breaker\Library\PackageCache\com.unity.visualscripting@1.7.8\Editor\VisualScripting.Core\Dependencies\YamlDotNet\Unity.VisualScripting.YamlDotNet.dll
Symbol file LoadedFromMemory doesn't match image D:\Unity Projects\BattleShipBRickBreaker - copy\BattleshipBrickBreaker\Battleship Brick Breaker\Library\PackageCache\com.unity.visualscripting@1.7.8\Editor\VisualScripting.Core\Dependencies\DotNetZip\Unity.VisualScripting.IonicZip.dll
Native extension for WindowsStandalone target not found
Native extension for Android target not found
Refreshing native plugins compatible for Editor in 1.49 ms, found 3 plugins.
Preloading 0 native plugins for Editor in 0.00 ms.
Mono: successfully reloaded assembly
- Completed reload, in  0.880 seconds
Domain Reload Profiling:
	ReloadAssembly (881ms)
		BeginReloadAssembly (118ms)
			ExecutionOrderSort (0ms)
			DisableScriptedObjects (5ms)
			BackupInstance (0ms)
			ReleaseScriptingObjects (0ms)
			CreateAndSetChildDomain (33ms)
		EndReloadAssembly (671ms)
			LoadAssemblies (77ms)
			RebuildTransferFunctionScriptingTraits (0ms)
			SetupTypeCache (215ms)
			ReleaseScriptCaches (2ms)
			RebuildScriptCaches (35ms)
			SetupLoadedEditorAssemblies (305ms)
				LogAssemblyErrors (0ms)
				InitializePlatformSupportModulesInManaged (24ms)
				SetLoadedEditorAssemblies (1ms)
				RefreshPlugins (2ms)
				BeforeProcessingInitializeOnLoad (66ms)
				ProcessInitializeOnLoadAttributes (171ms)
				ProcessInitializeOnLoadMethodAttributes (34ms)
				AfterProcessingInitializeOnLoad (8ms)
				EditorAssembliesLoaded (0ms)
			ExecutionOrderSort2 (0ms)
			AwakeInstancesAfterBackupRestoration (7ms)
Platform modules already initialized, skipping
Shader 'WFX/Transparent Diffuse': fallback shader 'Particles/Alpha Blended' not found
Shader 'WFX/Transparent Specular': fallback shader 'Particles/Alpha Blended' not found
Refreshing native plugins compatible for Editor in 2.43 ms, found 3 plugins.
Preloading 0 native plugins for Editor in 0.00 ms.
Unloading 3675 Unused Serialized files (Serialized files now loaded: 0)
Unloading 32 unused Assets / (260.4 KB). Loaded Objects now: 4257.
Memory consumption went from 213.4 MB to 213.2 MB.
Total: 3.636900 ms (FindLiveObjects: 0.282100 ms CreateObjectMapping: 0.226200 ms MarkObjects: 2.952500 ms  DeleteObjects: 0.175000 ms)

AssetImportParameters requested are different than current active one (requested -> active):
  custom:video-decoder-ogg-theora: a1e56fd34408186e4bbccfd4996cb3dc -> 
  custom:container-muxer-webm: aa71ff27fc2769a1b78a27578f13a17b -> 
  custom:container-demuxer-webm: 4f35f7cbe854078d1ac9338744f61a02 -> 
  custom:video-encoder-webm-vp8: eb34c28f22e8b96e1ab97ce403110664 -> 
  custom:video-codec-MediaFoundation-h265: 746d11721c4dcdbdad8f713fa42b33f4 -> 
  custom:audio-encoder-webm-vorbis: bf7c407c2cedff20999df2af8eb42d56 -> 
  custom:framework-win-MediaFoundation: 216162199b28c13a410421893ffa2e32 -> 
  custom:container-demuxer-ogg: 62fdf1f143b41e24485cea50d1cbac27 -> 
  custom:video-decoder-webm-vp8: 9c59270c3fd7afecdb556c50c9e8de78 -> 
  custom:audio-decoder-ogg-vorbis: bf7c407c2cedff20999df2af8eb42d56 -> 
========================================================================
Received Import Request.
  Time since last request: 315.926186 seconds.
  path: Assets/Sprites/UI/Menu Background.png
  artifactKey: Guid(ac6d1f94344f08d41a91164109e72ef3) Importer(815301076,1909f56bfc062723c751e8b465ee728b)
Start importing Assets/Sprites/UI/Menu Background.png using Guid(ac6d1f94344f08d41a91164109e72ef3) Importer(815301076,1909f56bfc062723c751e8b465ee728b)  -> (artifact id: '94c8da0515b0ed0a082e0100c0a148f2') in 0.433462 seconds 
========================================================================
Received Import Request.
  Time since last request: 2.518158 seconds.
  path: Assets/Sprites/Brick Sprites/Stone Brick.png
  artifactKey: Guid(1b3df38b93a712f418e0166399e7be1f) Importer(815301076,1909f56bfc062723c751e8b465ee728b)
Start importing Assets/Sprites/Brick Sprites/Stone Brick.png using Guid(1b3df38b93a712f418e0166399e7be1f) Importer(815301076,1909f56bfc062723c751e8b465ee728b)  -> (artifact id: '4e0dfcf06429967558547c449998c946') in 0.098301 seconds 
========================================================================
Received Import Request.
  Time since last request: 0.000034 seconds.
  path: Assets/Sprites/Brick Sprites/Transparent Masked Brick Sprites/StoneTexture_new.png
  artifactKey: Guid(59a41d275fbf24244a0fe2b4bde6de08) Importer(815301076,1909f56bfc062723c751e8b465ee728b)
Start importing Assets/Sprites/Brick Sprites/Transparent Masked Brick Sprites/StoneTexture_new.png using Guid(59a41d275fbf24244a0fe2b4bde6de08) Importer(815301076,1909f56bfc062723c751e8b465ee728b)  -> (artifact id: '8711d79fc9e25309f03bcc5da96ecf46') in 0.046984 seconds 
========================================================================
Received Import Request.
  Time since last request: 0.000034 seconds.
  path: Assets/Shared/Sprites/TitleBorder.png
  artifactKey: Guid(0a936ae5d70c6c14ab943882f62e0a7a) Importer(815301076,1909f56bfc062723c751e8b465ee728b)
Start importing Assets/Shared/Sprites/TitleBorder.png using Guid(0a936ae5d70c6c14ab943882f62e0a7a) Importer(815301076,1909f56bfc062723c751e8b465ee728b)  -> (artifact id: 'e0b912d22b1ea888cfe98f8029d3588a') in 0.065767 seconds 
========================================================================
Received Import Request.
  Time since last request: 0.000034 seconds.
  path: Assets/Shared/Sprites/UnityLogo.png
  artifactKey: Guid(e9980ad31e8dba04aa8110ba611c69d8) Importer(815301076,1909f56bfc062723c751e8b465ee728b)
Start importing Assets/Shared/Sprites/UnityLogo.png using Guid(e9980ad31e8dba04aa8110ba611c69d8) Importer(815301076,1909f56bfc062723c751e8b465ee728b)  -> (artifact id: 'a85a766986537d503efa4e67c76c6279') in 0.225814 seconds 
========================================================================
Received Import Request.
  Time since last request: 1.963284 seconds.
  path: Assets/Sprites/Brick Sprites/Blue_Coral_Brick.png
  artifactKey: Guid(1dc827a1d8e3bae41a5ff9275b074ff3) Importer(815301076,1909f56bfc062723c751e8b465ee728b)
Start importing Assets/Sprites/Brick Sprites/Blue_Coral_Brick.png using Guid(1dc827a1d8e3bae41a5ff9275b074ff3) Importer(815301076,1909f56bfc062723c751e8b465ee728b)  -> (artifact id: '58fdd94e540ea54506f79ebe02d000cb') in 0.225920 seconds 
========================================================================
Received Import Request.
  Time since last request: 10.235209 seconds.
  path: Assets/Free Assets/JMO Assets/WarFX/Demo/UI Canvas/CFX Demo Btn Arrow.png
  artifactKey: Guid(6ca93523b0317c242b05932fedb07cb3) Importer(815301076,1909f56bfc062723c751e8b465ee728b)
Start importing Assets/Free Assets/JMO Assets/WarFX/Demo/UI Canvas/CFX Demo Btn Arrow.png using Guid(6ca93523b0317c242b05932fedb07cb3) Importer(815301076,1909f56bfc062723c751e8b465ee728b)  -> (artifact id: 'b9e96ae5646476cec8eb146f55a601eb') in 0.086412 seconds 
========================================================================
Received Import Request.
  Time since last request: 0.000018 seconds.
  path: Assets/Free Assets/JMO Assets/WarFX/Demo/UI Canvas/CFX Demo Btn Ground H.png
  artifactKey: Guid(5cc9c4a6db9a74a40aaed761fc99294c) Importer(815301076,1909f56bfc062723c751e8b465ee728b)
Start importing Assets/Free Assets/JMO Assets/WarFX/Demo/UI Canvas/CFX Demo Btn Ground H.png using Guid(5cc9c4a6db9a74a40aaed761fc99294c) Importer(815301076,1909f56bfc062723c751e8b465ee728b)  -> (artifact id: '65834829a3a027e83cc8fcf72b311c74') in 0.077375 seconds 
========================================================================
Received Import Request.
  Time since last request: 0.000019 seconds.
  path: Assets/Free Assets/JMO Assets/WarFX/Demo/UI Canvas/CFX Demo Btn SlowMo.png
  artifactKey: Guid(5ec8fc5d939ea2244985ca77a114c9d0) Importer(815301076,1909f56bfc062723c751e8b465ee728b)
Start importing Assets/Free Assets/JMO Assets/WarFX/Demo/UI Canvas/CFX Demo Btn SlowMo.png using Guid(5ec8fc5d939ea2244985ca77a114c9d0) Importer(815301076,1909f56bfc062723c751e8b465ee728b)  -> (artifact id: '5c778d67fa2298473bc824b633e435f9') in 0.076067 seconds 
========================================================================
Received Import Request.
  Time since last request: 0.509838 seconds.
  path: Assets/Sprites/Brick Sprites/Transparent Masked Brick Sprites/Ammo brick.png
  artifactKey: Guid(581c7712ea2927b42a8ebf487c777a64) Importer(815301076,1909f56bfc062723c751e8b465ee728b)
Start importing Assets/Sprites/Brick Sprites/Transparent Masked Brick Sprites/Ammo brick.png using Guid(581c7712ea2927b42a8ebf487c777a64) Importer(815301076,1909f56bfc062723c751e8b465ee728b)  -> (artifact id: 'dfc7613823051bc0743e66394242cd48') in 0.053763 seconds 
========================================================================
Received Import Request.
  Time since last request: 0.705201 seconds.
  path: Assets/Sprites/Brick Sprites/explosion brick.png
  artifactKey: Guid(6fa08bdb77d91d64ba896eb66f519f80) Importer(815301076,1909f56bfc062723c751e8b465ee728b)
Start importing Assets/Sprites/Brick Sprites/explosion brick.png using Guid(6fa08bdb77d91d64ba896eb66f519f80) Importer(815301076,1909f56bfc062723c751e8b465ee728b)  -> (artifact id: '099f8cee48f8bb989cc9cfb4a80c0144') in 0.065900 seconds 
========================================================================
Received Import Request.
  Time since last request: 0.000023 seconds.
  path: Assets/Sprites/Brick Sprites/Wooden Brick.png
  artifactKey: Guid(9a407844fcae5354f92c014b6d9376b7) Importer(815301076,1909f56bfc062723c751e8b465ee728b)
Start importing Assets/Sprites/Brick Sprites/Wooden Brick.png using Guid(9a407844fcae5354f92c014b6d9376b7) Importer(815301076,1909f56bfc062723c751e8b465ee728b)  -> (artifact id: '092fb24073adf186445b78ec39ea73a1') in 0.069221 seconds 
========================================================================
Received Import Request.
  Time since last request: 23.297870 seconds.
  path: Assets/MyTextures/New_Coral_Textured_Bricks/Green.png
  artifactKey: Guid(4fb2f4e43a94dc54592e20d7ded4874c) Importer(815301076,1909f56bfc062723c751e8b465ee728b)
Start importing Assets/MyTextures/New_Coral_Textured_Bricks/Green.png using Guid(4fb2f4e43a94dc54592e20d7ded4874c) Importer(815301076,1909f56bfc062723c751e8b465ee728b)  -> (artifact id: 'c0a97fd9e1eeb9e9247d4bce8433d18a') in 0.059650 seconds 
========================================================================
Received Prepare
Registering precompiled user dll's ...
Registered in 0.006540 seconds.
Begin MonoManager ReloadAssembly
Symbol file LoadedFromMemory doesn't match image D:\Unity Projects\BattleShipBRickBreaker - copy\BattleshipBrickBreaker\Battleship Brick Breaker\Library\PackageCache\com.unity.visualscripting@1.7.8\Editor\VisualScripting.Core\Dependencies\YamlDotNet\Unity.VisualScripting.YamlDotNet.dll
Symbol file LoadedFromMemory doesn't match image D:\Unity Projects\BattleShipBRickBreaker - copy\BattleshipBrickBreaker\Battleship Brick Breaker\Library\PackageCache\com.unity.visualscripting@1.7.8\Editor\VisualScripting.Core\Dependencies\DotNetZip\Unity.VisualScripting.IonicZip.dll
Native extension for WindowsStandalone target not found
Native extension for Android target not found
Refreshing native plugins compatible for Editor in 0.87 ms, found 3 plugins.
Preloading 0 native plugins for Editor in 0.00 ms.
Mono: successfully reloaded assembly
- Completed reload, in  0.933 seconds
Domain Reload Profiling:
	ReloadAssembly (933ms)
		BeginReloadAssembly (136ms)
			ExecutionOrderSort (0ms)
			DisableScriptedObjects (6ms)
			BackupInstance (0ms)
			ReleaseScriptingObjects (0ms)
			CreateAndSetChildDomain (43ms)
		EndReloadAssembly (703ms)
			LoadAssemblies (84ms)
			RebuildTransferFunctionScriptingTraits (0ms)
			SetupTypeCache (237ms)
			ReleaseScriptCaches (1ms)
			RebuildScriptCaches (35ms)
			SetupLoadedEditorAssemblies (300ms)
				LogAssemblyErrors (0ms)
				InitializePlatformSupportModulesInManaged (18ms)
				SetLoadedEditorAssemblies (0ms)
				RefreshPlugins (1ms)
				BeforeProcessingInitializeOnLoad (69ms)
				ProcessInitializeOnLoadAttributes (172ms)
				ProcessInitializeOnLoadMethodAttributes (32ms)
				AfterProcessingInitializeOnLoad (7ms)
				EditorAssembliesLoaded (0ms)
			ExecutionOrderSort2 (0ms)
			AwakeInstancesAfterBackupRestoration (7ms)
Platform modules already initialized, skipping
Shader 'WFX/Transparent Diffuse': fallback shader 'Particles/Alpha Blended' not found
Shader 'WFX/Transparent Specular': fallback shader 'Particles/Alpha Blended' not found
Refreshing native plugins compatible for Editor in 4.03 ms, found 3 plugins.
Preloading 0 native plugins for Editor in 0.00 ms.
Unloading 3675 Unused Serialized files (Serialized files now loaded: 0)
Unloading 32 unused Assets / (260.5 KB). Loaded Objects now: 4272.
Memory consumption went from 213.9 MB to 213.6 MB.
Total: 3.011400 ms (FindLiveObjects: 0.258700 ms CreateObjectMapping: 0.101600 ms MarkObjects: 2.527200 ms  DeleteObjects: 0.122900 ms)

AssetImportParameters requested are different than current active one (requested -> active):
  custom:video-decoder-ogg-theora: a1e56fd34408186e4bbccfd4996cb3dc -> 
  custom:container-muxer-webm: aa71ff27fc2769a1b78a27578f13a17b -> 
  custom:container-demuxer-webm: 4f35f7cbe854078d1ac9338744f61a02 -> 
  custom:video-encoder-webm-vp8: eb34c28f22e8b96e1ab97ce403110664 -> 
  custom:video-codec-MediaFoundation-h265: 746d11721c4dcdbdad8f713fa42b33f4 -> 
  custom:audio-encoder-webm-vorbis: bf7c407c2cedff20999df2af8eb42d56 -> 
  custom:framework-win-MediaFoundation: 216162199b28c13a410421893ffa2e32 -> 
  custom:container-demuxer-ogg: 62fdf1f143b41e24485cea50d1cbac27 -> 
  custom:video-decoder-webm-vp8: 9c59270c3fd7afecdb556c50c9e8de78 -> 
  custom:audio-decoder-ogg-vorbis: bf7c407c2cedff20999df2af8eb42d56 -> 
========================================================================
Received Prepare
Registering precompiled user dll's ...
Registered in 0.006656 seconds.
Begin MonoManager ReloadAssembly
Symbol file LoadedFromMemory doesn't match image D:\Unity Projects\BattleShipBRickBreaker - copy\BattleshipBrickBreaker\Battleship Brick Breaker\Library\PackageCache\com.unity.visualscripting@1.7.8\Editor\VisualScripting.Core\Dependencies\YamlDotNet\Unity.VisualScripting.YamlDotNet.dll
Symbol file LoadedFromMemory doesn't match image D:\Unity Projects\BattleShipBRickBreaker - copy\BattleshipBrickBreaker\Battleship Brick Breaker\Library\PackageCache\com.unity.visualscripting@1.7.8\Editor\VisualScripting.Core\Dependencies\DotNetZip\Unity.VisualScripting.IonicZip.dll
Native extension for WindowsStandalone target not found
Native extension for Android target not found
Refreshing native plugins compatible for Editor in 0.87 ms, found 3 plugins.
Preloading 0 native plugins for Editor in 0.00 ms.
Mono: successfully reloaded assembly
- Completed reload, in  0.927 seconds
Domain Reload Profiling:
	ReloadAssembly (928ms)
		BeginReloadAssembly (122ms)
			ExecutionOrderSort (0ms)
			DisableScriptedObjects (6ms)
			BackupInstance (0ms)
			ReleaseScriptingObjects (0ms)
			CreateAndSetChildDomain (37ms)
		EndReloadAssembly (717ms)
			LoadAssemblies (78ms)
			RebuildTransferFunctionScriptingTraits (0ms)
			SetupTypeCache (242ms)
			ReleaseScriptCaches (1ms)
			RebuildScriptCaches (33ms)
			SetupLoadedEditorAssemblies (321ms)
				LogAssemblyErrors (0ms)
				InitializePlatformSupportModulesInManaged (20ms)
				SetLoadedEditorAssemblies (0ms)
				RefreshPlugins (1ms)
				BeforeProcessingInitializeOnLoad (81ms)
				ProcessInitializeOnLoadAttributes (181ms)
				ProcessInitializeOnLoadMethodAttributes (29ms)
				AfterProcessingInitializeOnLoad (8ms)
				EditorAssembliesLoaded (0ms)
			ExecutionOrderSort2 (0ms)
			AwakeInstancesAfterBackupRestoration (7ms)
Platform modules already initialized, skipping
Shader 'WFX/Transparent Diffuse': fallback shader 'Particles/Alpha Blended' not found
Shader 'WFX/Transparent Specular': fallback shader 'Particles/Alpha Blended' not found
Refreshing native plugins compatible for Editor in 2.04 ms, found 3 plugins.
Preloading 0 native plugins for Editor in 0.00 ms.
Unloading 3675 Unused Serialized files (Serialized files now loaded: 0)
Unloading 32 unused Assets / (260.5 KB). Loaded Objects now: 4275.
Memory consumption went from 213.9 MB to 213.6 MB.
Total: 3.036600 ms (FindLiveObjects: 0.244600 ms CreateObjectMapping: 0.166500 ms MarkObjects: 2.500300 ms  DeleteObjects: 0.124400 ms)

AssetImportParameters requested are different than current active one (requested -> active):
  custom:video-decoder-ogg-theora: a1e56fd34408186e4bbccfd4996cb3dc -> 
  custom:container-muxer-webm: aa71ff27fc2769a1b78a27578f13a17b -> 
  custom:container-demuxer-webm: 4f35f7cbe854078d1ac9338744f61a02 -> 
  custom:video-encoder-webm-vp8: eb34c28f22e8b96e1ab97ce403110664 -> 
  custom:video-codec-MediaFoundation-h265: 746d11721c4dcdbdad8f713fa42b33f4 -> 
  custom:audio-encoder-webm-vorbis: bf7c407c2cedff20999df2af8eb42d56 -> 
  custom:framework-win-MediaFoundation: 216162199b28c13a410421893ffa2e32 -> 
  custom:container-demuxer-ogg: 62fdf1f143b41e24485cea50d1cbac27 -> 
  custom:video-decoder-webm-vp8: 9c59270c3fd7afecdb556c50c9e8de78 -> 
  custom:audio-decoder-ogg-vorbis: bf7c407c2cedff20999df2af8eb42d56 -> 
========================================================================
Received Prepare
Registering precompiled user dll's ...
Registered in 0.005740 seconds.
Begin MonoManager ReloadAssembly
Symbol file LoadedFromMemory doesn't match image D:\Unity Projects\BattleShipBRickBreaker - copy\BattleshipBrickBreaker\Battleship Brick Breaker\Library\PackageCache\com.unity.visualscripting@1.7.8\Editor\VisualScripting.Core\Dependencies\YamlDotNet\Unity.VisualScripting.YamlDotNet.dll
Symbol file LoadedFromMemory doesn't match image D:\Unity Projects\BattleShipBRickBreaker - copy\BattleshipBrickBreaker\Battleship Brick Breaker\Library\PackageCache\com.unity.visualscripting@1.7.8\Editor\VisualScripting.Core\Dependencies\DotNetZip\Unity.VisualScripting.IonicZip.dll
Native extension for WindowsStandalone target not found
Native extension for Android target not found
Refreshing native plugins compatible for Editor in 0.87 ms, found 3 plugins.
Preloading 0 native plugins for Editor in 0.00 ms.
Mono: successfully reloaded assembly
- Completed reload, in  0.839 seconds
Domain Reload Profiling:
	ReloadAssembly (839ms)
		BeginReloadAssembly (131ms)
			ExecutionOrderSort (0ms)
			DisableScriptedObjects (7ms)
			BackupInstance (0ms)
			ReleaseScriptingObjects (0ms)
			CreateAndSetChildDomain (35ms)
		EndReloadAssembly (632ms)
			LoadAssemblies (81ms)
			RebuildTransferFunctionScriptingTraits (0ms)
			SetupTypeCache (190ms)
			ReleaseScriptCaches (1ms)
			RebuildScriptCaches (31ms)
			SetupLoadedEditorAssemblies (306ms)
				LogAssemblyErrors (0ms)
				InitializePlatformSupportModulesInManaged (18ms)
				SetLoadedEditorAssemblies (0ms)
				RefreshPlugins (1ms)
				BeforeProcessingInitializeOnLoad (68ms)
				ProcessInitializeOnLoadAttributes (181ms)
				ProcessInitializeOnLoadMethodAttributes (30ms)
				AfterProcessingInitializeOnLoad (8ms)
				EditorAssembliesLoaded (0ms)
			ExecutionOrderSort2 (0ms)
			AwakeInstancesAfterBackupRestoration (7ms)
Platform modules already initialized, skipping
Shader 'WFX/Transparent Diffuse': fallback shader 'Particles/Alpha Blended' not found
Shader 'WFX/Transparent Specular': fallback shader 'Particles/Alpha Blended' not found
Refreshing native plugins compatible for Editor in 2.03 ms, found 3 plugins.
Preloading 0 native plugins for Editor in 0.00 ms.
Unloading 3675 Unused Serialized files (Serialized files now loaded: 0)
Unloading 32 unused Assets / (260.5 KB). Loaded Objects now: 4278.
Memory consumption went from 213.9 MB to 213.6 MB.
Total: 3.129300 ms (FindLiveObjects: 0.247100 ms CreateObjectMapping: 0.087100 ms MarkObjects: 2.669700 ms  DeleteObjects: 0.124600 ms)

AssetImportParameters requested are different than current active one (requested -> active):
  custom:video-decoder-ogg-theora: a1e56fd34408186e4bbccfd4996cb3dc -> 
  custom:container-muxer-webm: aa71ff27fc2769a1b78a27578f13a17b -> 
  custom:container-demuxer-webm: 4f35f7cbe854078d1ac9338744f61a02 -> 
  custom:video-encoder-webm-vp8: eb34c28f22e8b96e1ab97ce403110664 -> 
  custom:video-codec-MediaFoundation-h265: 746d11721c4dcdbdad8f713fa42b33f4 -> 
  custom:audio-encoder-webm-vorbis: bf7c407c2cedff20999df2af8eb42d56 -> 
  custom:framework-win-MediaFoundation: 216162199b28c13a410421893ffa2e32 -> 
  custom:container-demuxer-ogg: 62fdf1f143b41e24485cea50d1cbac27 -> 
  custom:video-decoder-webm-vp8: 9c59270c3fd7afecdb556c50c9e8de78 -> 
  custom:audio-decoder-ogg-vorbis: bf7c407c2cedff20999df2af8eb42d56 -> 
========================================================================
Received Prepare
Shader 'WFX/Transparent Diffuse': fallback shader 'Particles/Alpha Blended' not found
Shader 'WFX/Transparent Specular': fallback shader 'Particles/Alpha Blended' not found
Refreshing native plugins compatible for Editor in 5.13 ms, found 3 plugins.
Preloading 0 native plugins for Editor in 0.00 ms.
Unloading 32 Unused Serialized files (Serialized files now loaded: 0)
Unloading 32 unused Assets / (257.8 KB). Loaded Objects now: 4278.
Memory consumption went from 139.8 MB to 139.5 MB.
Total: 3.553300 ms (FindLiveObjects: 0.283500 ms CreateObjectMapping: 0.091100 ms MarkObjects: 3.050700 ms  DeleteObjects: 0.127100 ms)

AssetImportParameters requested are different than current active one (requested -> active):
  custom:video-decoder-ogg-theora: a1e56fd34408186e4bbccfd4996cb3dc -> 
  custom:container-muxer-webm: aa71ff27fc2769a1b78a27578f13a17b -> 
  custom:container-demuxer-webm: 4f35f7cbe854078d1ac9338744f61a02 -> 
  custom:video-encoder-webm-vp8: eb34c28f22e8b96e1ab97ce403110664 -> 
  custom:video-codec-MediaFoundation-h265: 746d11721c4dcdbdad8f713fa42b33f4 -> 
  custom:audio-encoder-webm-vorbis: bf7c407c2cedff20999df2af8eb42d56 -> 
  custom:framework-win-MediaFoundation: 216162199b28c13a410421893ffa2e32 -> 
  custom:container-demuxer-ogg: 62fdf1f143b41e24485cea50d1cbac27 -> 
  custom:video-decoder-webm-vp8: 9c59270c3fd7afecdb556c50c9e8de78 -> 
  custom:audio-decoder-ogg-vorbis: bf7c407c2cedff20999df2af8eb42d56 -> 
========================================================================
Received Import Request.
  Time since last request: 13660.707079 seconds.
  path: Assets/Fonts/8bitOperatorPlus-Bold.ttf
  artifactKey: Guid(1c7e32a25b4ad2c4b80302e289bb4fe6) Importer(815301076,1909f56bfc062723c751e8b465ee728b)
Start importing Assets/Fonts/8bitOperatorPlus-Bold.ttf using Guid(1c7e32a25b4ad2c4b80302e289bb4fe6) Importer(815301076,1909f56bfc062723c751e8b465ee728b)  -> (artifact id: '039b6d0a23a3487ef47e677b2c8169e7') in 0.218325 seconds 
========================================================================
Received Import Request.
  Time since last request: 0.000067 seconds.
  path: Assets/Fonts/8bitOperatorPlus8-Bold.ttf
  artifactKey: Guid(421e6ff614fc43f469f4c859dee1b94c) Importer(815301076,1909f56bfc062723c751e8b465ee728b)
Start importing Assets/Fonts/8bitOperatorPlus8-Bold.ttf using Guid(421e6ff614fc43f469f4c859dee1b94c) Importer(815301076,1909f56bfc062723c751e8b465ee728b)  -> (artifact id: '611fcca1c1430c53711bdcb409de5dbb') in 0.070247 seconds 
========================================================================
Received Import Request.
  Time since last request: 0.000042 seconds.
  path: Assets/Fonts/Castoro/Castoro-Italic.ttf
  artifactKey: Guid(b4d15e4ad475c104fbe5cded53d7ee09) Importer(815301076,1909f56bfc062723c751e8b465ee728b)
Start importing Assets/Fonts/Castoro/Castoro-Italic.ttf using Guid(b4d15e4ad475c104fbe5cded53d7ee09) Importer(815301076,1909f56bfc062723c751e8b465ee728b)  -> (artifact id: '5ea6f6b66efb7072e21e5939f3a0d1b3') in 0.049775 seconds 
========================================================================
Received Import Request.
  Time since last request: 0.000036 seconds.
  path: Assets/FPSFont/FPS Gaming Font/Square-Black.ttf
  artifactKey: Guid(d7cffddcbc0cc8f4ebe6e28eb9804082) Importer(815301076,1909f56bfc062723c751e8b465ee728b)
Start importing Assets/FPSFont/FPS Gaming Font/Square-Black.ttf using Guid(d7cffddcbc0cc8f4ebe6e28eb9804082) Importer(815301076,1909f56bfc062723c751e8b465ee728b)  -> (artifact id: 'aa4a4676f5ff2e7f38771086aaeb876b') in 0.094238 seconds 
========================================================================
Received Import Request.
  Time since last request: 0.000025 seconds.
  path: Assets/Fonts/Piratekeg.ttf
  artifactKey: Guid(637e8571fcdb2f242bfcf0d3b84949c2) Importer(815301076,1909f56bfc062723c751e8b465ee728b)
Start importing Assets/Fonts/Piratekeg.ttf using Guid(637e8571fcdb2f242bfcf0d3b84949c2) Importer(815301076,1909f56bfc062723c751e8b465ee728b)  -> (artifact id: '345116d6af05f886d0195086dedc3182') in 0.029959 seconds 
========================================================================
Received Import Request.
  Time since last request: 0.000041 seconds.
  path: Assets/TextMesh Pro/Fonts/LiberationSans.ttf
  artifactKey: Guid(e3265ab4bf004d28a9537516768c1c75) Importer(815301076,1909f56bfc062723c751e8b465ee728b)
Start importing Assets/TextMesh Pro/Fonts/LiberationSans.ttf using Guid(e3265ab4bf004d28a9537516768c1c75) Importer(815301076,1909f56bfc062723c751e8b465ee728b)  -> (artifact id: '7c3d2d9bcca93e2f612ecd20afaa883c') in 0.039463 seconds 
========================================================================
Received Import Request.
  Time since last request: 0.000025 seconds.
  path: Assets/Fonts/8bitOperatorPlus8-Regular.ttf
  artifactKey: Guid(c15536fe67852d1459f3a54ccc834cee) Importer(815301076,1909f56bfc062723c751e8b465ee728b)
Start importing Assets/Fonts/8bitOperatorPlus8-Regular.ttf using Guid(c15536fe67852d1459f3a54ccc834cee) Importer(815301076,1909f56bfc062723c751e8b465ee728b)  -> (artifact id: '75b14d14f935929c9d047580d034f14a') in 0.029530 seconds 
Editor requested this worker to shutdown with reason: Scaling down because of idle timeout
AssetImportWorker is now disconnected from the server
Process exiting
Exiting without the bug reporter. Application will terminate with return code 0