Using pre-set license
Built from '2021.3/staging' branch; Version is '2021.3.6f1 (7da38d85baf6) revision 8233869'; Using compiler version '192829333'; Build Type 'Release'
OS: 'Windows 10  (10.0.19044) 64bit Core' Language: 'en' Physical Memory: 16177 MB
BatchMode: 1, IsHumanControllingUs: 0, StartBugReporterOnCrash: 0, Is64bit: 1, IsPro: 1

COMMAND LINE ARGUMENTS:
D:\Unity Editors\2021.3.6f1\Editor\Unity.exe
-adb2
-batchMode
-noUpm
-name
AssetImportWorker2
-projectPath
D:/Unity Projects/BattleshipBrickBreaker/BattleshipBrickBreaker/Battleship Brick Breaker
-logFile
Logs/AssetImportWorker2.log
-srvPort
50119
Successfully changed project path to: D:/Unity Projects/BattleshipBrickBreaker/BattleshipBrickBreaker/Battleship Brick Breaker
D:/Unity Projects/BattleshipBrickBreaker/BattleshipBrickBreaker/Battleship Brick Breaker
[UnityMemory] Configuration Parameters - Can be set up in boot.config
    "memorysetup-bucket-allocator-granularity=16"
    "memorysetup-bucket-allocator-bucket-count=8"
    "memorysetup-bucket-allocator-block-size=33554432"
    "memorysetup-bucket-allocator-block-count=8"
    "memorysetup-main-allocator-block-size=16777216"
    "memorysetup-thread-allocator-block-size=16777216"
    "memorysetup-gfx-main-allocator-block-size=16777216"
    "memorysetup-gfx-thread-allocator-block-size=16777216"
    "memorysetup-cache-allocator-block-size=4194304"
    "memorysetup-typetree-allocator-block-size=2097152"
    "memorysetup-profiler-bucket-allocator-granularity=16"
    "memorysetup-profiler-bucket-allocator-bucket-count=8"
    "memorysetup-profiler-bucket-allocator-block-size=33554432"
    "memorysetup-profiler-bucket-allocator-block-count=8"
    "memorysetup-profiler-allocator-block-size=16777216"
    "memorysetup-profiler-editor-allocator-block-size=1048576"
    "memorysetup-temp-allocator-size-main=16777216"
    "memorysetup-job-temp-allocator-block-size=2097152"
    "memorysetup-job-temp-allocator-block-size-background=1048576"
    "memorysetup-job-temp-allocator-reduction-small-platforms=262144"
    "memorysetup-temp-allocator-size-background-worker=32768"
    "memorysetup-temp-allocator-size-job-worker=262144"
    "memorysetup-temp-allocator-size-preload-manager=33554432"
    "memorysetup-temp-allocator-size-nav-mesh-worker=65536"
    "memorysetup-temp-allocator-size-audio-worker=65536"
    "memorysetup-temp-allocator-size-cloud-worker=32768"
    "memorysetup-temp-allocator-size-gi-baking-worker=262144"
    "memorysetup-temp-allocator-size-gfx=262144"
Refreshing native plugins compatible for Editor in 182.79 ms, found 3 plugins.
Preloading 0 native plugins for Editor in 0.00 ms.
Initialize engine version: 2021.3.6f1 (7da38d85baf6)
[Subsystems] Discovering subsystems at path D:/Unity Editors/2021.3.6f1/Editor/Data/Resources/UnitySubsystems
[Subsystems] Discovering subsystems at path D:/Unity Projects/BattleshipBrickBreaker/BattleshipBrickBreaker/Battleship Brick Breaker/Assets
GfxDevice: creating device client; threaded=0; jobified=0
Direct3D:
    Version:  Direct3D 11.0 [level 11.1]
    Renderer: NVIDIA GeForce GTX 1050 Ti (ID=0x1c8c)
    Vendor:   NVIDIA
    VRAM:     4019 MB
    Driver:   30.0.15.1215
Shader 'WFX/Transparent Diffuse': fallback shader 'Particles/Alpha Blended' not found
Shader 'WFX/Transparent Specular': fallback shader 'Particles/Alpha Blended' not found
Initialize mono
Mono path[0] = 'D:/Unity Editors/2021.3.6f1/Editor/Data/Managed'
Mono path[1] = 'D:/Unity Editors/2021.3.6f1/Editor/Data/MonoBleedingEdge/lib/mono/unityjit-win32'
Mono config path = 'D:/Unity Editors/2021.3.6f1/Editor/Data/MonoBleedingEdge/etc'
Using monoOptions --debugger-agent=transport=dt_socket,embedding=1,server=y,suspend=n,address=127.0.0.1:56432
Begin MonoManager ReloadAssembly
Registering precompiled unity dll's ...
Register platform support module: D:/Unity Editors/2021.3.6f1/Editor/Data/PlaybackEngines/AndroidPlayer/UnityEditor.Android.Extensions.dll
Register platform support module: D:/Unity Editors/2021.3.6f1/Editor/Data/PlaybackEngines/WindowsStandaloneSupport/UnityEditor.WindowsStandalone.Extensions.dll
Registered in 0.003518 seconds.
Native extension for WindowsStandalone target not found
Native extension for Android target not found
Refreshing native plugins compatible for Editor in 159.56 ms, found 3 plugins.
Preloading 0 native plugins for Editor in 0.00 ms.
Mono: successfully reloaded assembly
- Completed reload, in  1.010 seconds
Domain Reload Profiling:
	ReloadAssembly (1011ms)
		BeginReloadAssembly (113ms)
			ExecutionOrderSort (0ms)
			DisableScriptedObjects (0ms)
			BackupInstance (0ms)
			ReleaseScriptingObjects (0ms)
			CreateAndSetChildDomain (1ms)
		EndReloadAssembly (752ms)
			LoadAssemblies (114ms)
			RebuildTransferFunctionScriptingTraits (0ms)
			SetupTypeCache (243ms)
			ReleaseScriptCaches (0ms)
			RebuildScriptCaches (31ms)
			SetupLoadedEditorAssemblies (405ms)
				LogAssemblyErrors (0ms)
				InitializePlatformSupportModulesInManaged (76ms)
				SetLoadedEditorAssemblies (0ms)
				RefreshPlugins (160ms)
				BeforeProcessingInitializeOnLoad (1ms)
				ProcessInitializeOnLoadAttributes (102ms)
				ProcessInitializeOnLoadMethodAttributes (66ms)
				AfterProcessingInitializeOnLoad (0ms)
				EditorAssembliesLoaded (0ms)
			ExecutionOrderSort2 (0ms)
			AwakeInstancesAfterBackupRestoration (0ms)
Platform modules already initialized, skipping
Registering precompiled user dll's ...
Registered in 0.009597 seconds.
Begin MonoManager ReloadAssembly
Symbol file LoadedFromMemory doesn't match image D:\Unity Projects\BattleshipBrickBreaker\BattleshipBrickBreaker\Battleship Brick Breaker\Library\PackageCache\com.unity.visualscripting@1.7.8\Editor\VisualScripting.Core\Dependencies\YamlDotNet\Unity.VisualScripting.YamlDotNet.dll
Symbol file LoadedFromMemory doesn't match image D:\Unity Projects\BattleshipBrickBreaker\BattleshipBrickBreaker\Battleship Brick Breaker\Library\PackageCache\com.unity.visualscripting@1.7.8\Editor\VisualScripting.Core\Dependencies\DotNetZip\Unity.VisualScripting.IonicZip.dll
Native extension for WindowsStandalone target not found
Native extension for Android target not found
Refreshing native plugins compatible for Editor in 0.80 ms, found 3 plugins.
Preloading 0 native plugins for Editor in 0.00 ms.
Mono: successfully reloaded assembly
- Completed reload, in  1.229 seconds
Domain Reload Profiling:
	ReloadAssembly (1230ms)
		BeginReloadAssembly (251ms)
			ExecutionOrderSort (0ms)
			DisableScriptedObjects (5ms)
			BackupInstance (0ms)
			ReleaseScriptingObjects (0ms)
			CreateAndSetChildDomain (129ms)
		EndReloadAssembly (870ms)
			LoadAssemblies (128ms)
			RebuildTransferFunctionScriptingTraits (0ms)
			SetupTypeCache (292ms)
			ReleaseScriptCaches (1ms)
			RebuildScriptCaches (51ms)
			SetupLoadedEditorAssemblies (400ms)
				LogAssemblyErrors (0ms)
				InitializePlatformSupportModulesInManaged (12ms)
				SetLoadedEditorAssemblies (0ms)
				RefreshPlugins (1ms)
				BeforeProcessingInitializeOnLoad (92ms)
				ProcessInitializeOnLoadAttributes (256ms)
				ProcessInitializeOnLoadMethodAttributes (36ms)
				AfterProcessingInitializeOnLoad (3ms)
				EditorAssembliesLoaded (0ms)
			ExecutionOrderSort2 (0ms)
			AwakeInstancesAfterBackupRestoration (8ms)
Platform modules already initialized, skipping
========================================================================
Worker process is ready to serve import requests
Shader 'WFX/Transparent Specular': fallback shader 'Particles/Alpha Blended' not found
Shader 'WFX/Transparent Diffuse': fallback shader 'Particles/Alpha Blended' not found
Launched and connected shader compiler UnityShaderCompiler.exe after 0.05 seconds
Refreshing native plugins compatible for Editor in 0.83 ms, found 3 plugins.
Preloading 0 native plugins for Editor in 0.00 ms.
Unloading 3705 Unused Serialized files (Serialized files now loaded: 0)
Unloading 45 unused Assets / (347.2 KB). Loaded Objects now: 4167.
Memory consumption went from 213.7 MB to 213.4 MB.
Total: 3.979100 ms (FindLiveObjects: 0.314000 ms CreateObjectMapping: 0.254800 ms MarkObjects: 3.207600 ms  DeleteObjects: 0.201800 ms)

AssetImportParameters requested are different than current active one (requested -> active):
  custom:video-decoder-ogg-theora: a1e56fd34408186e4bbccfd4996cb3dc -> 
  custom:container-muxer-webm: aa71ff27fc2769a1b78a27578f13a17b -> 
  custom:container-demuxer-webm: 4f35f7cbe854078d1ac9338744f61a02 -> 
  custom:video-encoder-webm-vp8: eb34c28f22e8b96e1ab97ce403110664 -> 
  custom:video-codec-MediaFoundation-h265: 746d11721c4dcdbdad8f713fa42b33f4 -> 
  custom:audio-encoder-webm-vorbis: bf7c407c2cedff20999df2af8eb42d56 -> 
  custom:framework-win-MediaFoundation: 216162199b28c13a410421893ffa2e32 -> 
  custom:container-demuxer-ogg: 62fdf1f143b41e24485cea50d1cbac27 -> 
  custom:video-decoder-webm-vp8: 9c59270c3fd7afecdb556c50c9e8de78 -> 
  custom:audio-decoder-ogg-vorbis: bf7c407c2cedff20999df2af8eb42d56 -> 
========================================================================
Received Import Request.
  Time since last request: 14635.429392 seconds.
  path: Assets/Sprites/Textures/ball_purple_red_texture.png
  artifactKey: Guid(aa5de5dcc07fa2a47bebfdf2ff0abfab) Importer(815301076,1909f56bfc062723c751e8b465ee728b)
Start importing Assets/Sprites/Textures/ball_purple_red_texture.png using Guid(aa5de5dcc07fa2a47bebfdf2ff0abfab) Importer(815301076,1909f56bfc062723c751e8b465ee728b)  -> (artifact id: 'de3f031718204b011b86db18ecb1c137') in 0.099553 seconds 
========================================================================
Received Import Request.
  Time since last request: 9.548172 seconds.
  path: Assets/Sprites/Textures/ball_purple_texture.png
  artifactKey: Guid(7554d27e42738994f9781160a9c16dc8) Importer(815301076,1909f56bfc062723c751e8b465ee728b)
Start importing Assets/Sprites/Textures/ball_purple_texture.png using Guid(7554d27e42738994f9781160a9c16dc8) Importer(815301076,1909f56bfc062723c751e8b465ee728b)  -> (artifact id: 'dbd9ea71d3a163217b96235b6946d84c') in 0.060021 seconds 
========================================================================
Received Import Request.
  Time since last request: 6.590572 seconds.
  path: Assets/Sprites/Textures/ball_purple_red_texture.png
  artifactKey: Guid(aa5de5dcc07fa2a47bebfdf2ff0abfab) Importer(815301076,1909f56bfc062723c751e8b465ee728b)
Start importing Assets/Sprites/Textures/ball_purple_red_texture.png using Guid(aa5de5dcc07fa2a47bebfdf2ff0abfab) Importer(815301076,1909f56bfc062723c751e8b465ee728b)  -> (artifact id: 'dc0e6fd4d4b25ea789eaa98af95828e3') in 0.020344 seconds 
========================================================================
Received Import Request.
  Time since last request: 20.533035 seconds.
  path: Assets/Materials/ExtraBall_P1.mat
  artifactKey: Guid(ff5fd951295276d45aa198ff766789dc) Importer(815301076,1909f56bfc062723c751e8b465ee728b)
Start importing Assets/Materials/ExtraBall_P1.mat using Guid(ff5fd951295276d45aa198ff766789dc) Importer(815301076,1909f56bfc062723c751e8b465ee728b)  -> (artifact id: 'f8bc99b3c9553c5444f4d96ba2cb8c32') in 0.078459 seconds 
========================================================================
Received Import Request.
  Time since last request: 59.148534 seconds.
  path: Assets/Materials/ExtraBall_P1 1.mat
  artifactKey: Guid(3b24c5a79b749e941a9de824637025bd) Importer(815301076,1909f56bfc062723c751e8b465ee728b)
Start importing Assets/Materials/ExtraBall_P1 1.mat using Guid(3b24c5a79b749e941a9de824637025bd) Importer(815301076,1909f56bfc062723c751e8b465ee728b)  -> (artifact id: '8a28868bb1e167a776d5f34462c81ccc') in 0.018680 seconds 
========================================================================
Received Import Request.
  Time since last request: 114.766308 seconds.
  path: Assets/Materials/ExtraBall_P1.mat
  artifactKey: Guid(ff5fd951295276d45aa198ff766789dc) Importer(815301076,1909f56bfc062723c751e8b465ee728b)
Start importing Assets/Materials/ExtraBall_P1.mat using Guid(ff5fd951295276d45aa198ff766789dc) Importer(815301076,1909f56bfc062723c751e8b465ee728b)  -> (artifact id: '592924ef4e83d363f0c8e2cc4b584600') in 0.960824 seconds 
========================================================================
Received Import Request.
  Time since last request: 217.795897 seconds.
  path: Assets/Materials/ExtraBall_P1.mat
  artifactKey: Guid(ff5fd951295276d45aa198ff766789dc) Importer(815301076,1909f56bfc062723c751e8b465ee728b)
Start importing Assets/Materials/ExtraBall_P1.mat using Guid(ff5fd951295276d45aa198ff766789dc) Importer(815301076,1909f56bfc062723c751e8b465ee728b)  -> (artifact id: '6ef28ca52b3f9961cd965c408b85602b') in 0.021973 seconds 
========================================================================
Received Prepare
Registering precompiled user dll's ...
Registered in 0.006043 seconds.
Begin MonoManager ReloadAssembly
Symbol file LoadedFromMemory doesn't match image D:\Unity Projects\BattleshipBrickBreaker\BattleshipBrickBreaker\Battleship Brick Breaker\Library\PackageCache\com.unity.visualscripting@1.7.8\Editor\VisualScripting.Core\Dependencies\YamlDotNet\Unity.VisualScripting.YamlDotNet.dll
Symbol file LoadedFromMemory doesn't match image D:\Unity Projects\BattleshipBrickBreaker\BattleshipBrickBreaker\Battleship Brick Breaker\Library\PackageCache\com.unity.visualscripting@1.7.8\Editor\VisualScripting.Core\Dependencies\DotNetZip\Unity.VisualScripting.IonicZip.dll
Native extension for WindowsStandalone target not found
Native extension for Android target not found
Refreshing native plugins compatible for Editor in 0.79 ms, found 3 plugins.
Preloading 0 native plugins for Editor in 0.00 ms.
Mono: successfully reloaded assembly
- Completed reload, in  1.177 seconds
Domain Reload Profiling:
	ReloadAssembly (1178ms)
		BeginReloadAssembly (184ms)
			ExecutionOrderSort (0ms)
			DisableScriptedObjects (5ms)
			BackupInstance (0ms)
			ReleaseScriptingObjects (0ms)
			CreateAndSetChildDomain (52ms)
		EndReloadAssembly (899ms)
			LoadAssemblies (123ms)
			RebuildTransferFunctionScriptingTraits (0ms)
			SetupTypeCache (331ms)
			ReleaseScriptCaches (1ms)
			RebuildScriptCaches (50ms)
			SetupLoadedEditorAssemblies (368ms)
				LogAssemblyErrors (0ms)
				InitializePlatformSupportModulesInManaged (19ms)
				SetLoadedEditorAssemblies (1ms)
				RefreshPlugins (1ms)
				BeforeProcessingInitializeOnLoad (71ms)
				ProcessInitializeOnLoadAttributes (231ms)
				ProcessInitializeOnLoadMethodAttributes (43ms)
				AfterProcessingInitializeOnLoad (3ms)
				EditorAssembliesLoaded (0ms)
			ExecutionOrderSort2 (0ms)
			AwakeInstancesAfterBackupRestoration (13ms)
Platform modules already initialized, skipping
Shader 'WFX/Transparent Specular': fallback shader 'Particles/Alpha Blended' not found
Shader 'WFX/Transparent Diffuse': fallback shader 'Particles/Alpha Blended' not found
Refreshing native plugins compatible for Editor in 3.44 ms, found 3 plugins.
Preloading 0 native plugins for Editor in 0.00 ms.
Unloading 3646 Unused Serialized files (Serialized files now loaded: 0)
Unloading 34 unused Assets / (314.3 KB). Loaded Objects now: 4212.
Memory consumption went from 212.9 MB to 212.6 MB.
Total: 8.052100 ms (FindLiveObjects: 0.551400 ms CreateObjectMapping: 0.451800 ms MarkObjects: 6.871700 ms  DeleteObjects: 0.176100 ms)

AssetImportParameters requested are different than current active one (requested -> active):
  custom:video-decoder-ogg-theora: a1e56fd34408186e4bbccfd4996cb3dc -> 
  custom:container-muxer-webm: aa71ff27fc2769a1b78a27578f13a17b -> 
  custom:container-demuxer-webm: 4f35f7cbe854078d1ac9338744f61a02 -> 
  custom:video-encoder-webm-vp8: eb34c28f22e8b96e1ab97ce403110664 -> 
  custom:video-codec-MediaFoundation-h265: 746d11721c4dcdbdad8f713fa42b33f4 -> 
  custom:audio-encoder-webm-vorbis: bf7c407c2cedff20999df2af8eb42d56 -> 
  custom:framework-win-MediaFoundation: 216162199b28c13a410421893ffa2e32 -> 
  custom:container-demuxer-ogg: 62fdf1f143b41e24485cea50d1cbac27 -> 
  custom:video-decoder-webm-vp8: 9c59270c3fd7afecdb556c50c9e8de78 -> 
  custom:audio-decoder-ogg-vorbis: bf7c407c2cedff20999df2af8eb42d56 -> 
========================================================================
Received Import Request.
  Time since last request: 399.206326 seconds.
  path: Assets/Prefabs/Extra Ball.prefab
  artifactKey: Guid(7fa83c815bf14734eaeceade9c58ace2) Importer(815301076,1909f56bfc062723c751e8b465ee728b)
Start importing Assets/Prefabs/Extra Ball.prefab using Guid(7fa83c815bf14734eaeceade9c58ace2) Importer(815301076,1909f56bfc062723c751e8b465ee728b)  -> (artifact id: '6d8e03659b26af26fc4396b775bb8d58') in 0.084227 seconds 
========================================================================
Received Import Request.
  Time since last request: 5.695694 seconds.
  path: Assets/Sprites/Textures/ball_purple_red_texture.png
  artifactKey: Guid(aa5de5dcc07fa2a47bebfdf2ff0abfab) Importer(815301076,1909f56bfc062723c751e8b465ee728b)
Start importing Assets/Sprites/Textures/ball_purple_red_texture.png using Guid(aa5de5dcc07fa2a47bebfdf2ff0abfab) Importer(815301076,1909f56bfc062723c751e8b465ee728b)  -> (artifact id: 'c896864214ea8826b7285479c2c084d5') in 0.037019 seconds 
========================================================================
Received Import Request.
  Time since last request: 3.688552 seconds.
  path: Assets/Sprites/Brick Sprites/Split Brick.png
  artifactKey: Guid(de3b00b621b88084f8a10648aaf89026) Importer(815301076,1909f56bfc062723c751e8b465ee728b)
Start importing Assets/Sprites/Brick Sprites/Split Brick.png using Guid(de3b00b621b88084f8a10648aaf89026) Importer(815301076,1909f56bfc062723c751e8b465ee728b)  -> (artifact id: '377c11fae2b733a3ac44d2debd98207d') in 0.016992 seconds 
========================================================================
Received Import Request.
  Time since last request: 9.476971 seconds.
  path: Assets/Sprites/Brick Sprites/Split Brick.png
  artifactKey: Guid(de3b00b621b88084f8a10648aaf89026) Importer(815301076,1909f56bfc062723c751e8b465ee728b)
Start importing Assets/Sprites/Brick Sprites/Split Brick.png using Guid(de3b00b621b88084f8a10648aaf89026) Importer(815301076,1909f56bfc062723c751e8b465ee728b)  -> (artifact id: '80eed8cc809bdf9076dcc4badf947922') in 0.024088 seconds 
========================================================================
Received Prepare
Registering precompiled user dll's ...
Registered in 0.006424 seconds.
Begin MonoManager ReloadAssembly
Symbol file LoadedFromMemory doesn't match image D:\Unity Projects\BattleshipBrickBreaker\BattleshipBrickBreaker\Battleship Brick Breaker\Library\PackageCache\com.unity.visualscripting@1.7.8\Editor\VisualScripting.Core\Dependencies\YamlDotNet\Unity.VisualScripting.YamlDotNet.dll
Symbol file LoadedFromMemory doesn't match image D:\Unity Projects\BattleshipBrickBreaker\BattleshipBrickBreaker\Battleship Brick Breaker\Library\PackageCache\com.unity.visualscripting@1.7.8\Editor\VisualScripting.Core\Dependencies\DotNetZip\Unity.VisualScripting.IonicZip.dll
Native extension for WindowsStandalone target not found
Native extension for Android target not found
Refreshing native plugins compatible for Editor in 0.75 ms, found 3 plugins.
Preloading 0 native plugins for Editor in 0.00 ms.
Mono: successfully reloaded assembly
- Completed reload, in  1.072 seconds
Domain Reload Profiling:
	ReloadAssembly (1073ms)
		BeginReloadAssembly (165ms)
			ExecutionOrderSort (0ms)
			DisableScriptedObjects (5ms)
			BackupInstance (0ms)
			ReleaseScriptingObjects (0ms)
			CreateAndSetChildDomain (47ms)
		EndReloadAssembly (798ms)
			LoadAssemblies (123ms)
			RebuildTransferFunctionScriptingTraits (0ms)
			SetupTypeCache (288ms)
			ReleaseScriptCaches (1ms)
			RebuildScriptCaches (40ms)
			SetupLoadedEditorAssemblies (324ms)
				LogAssemblyErrors (0ms)
				InitializePlatformSupportModulesInManaged (19ms)
				SetLoadedEditorAssemblies (0ms)
				RefreshPlugins (1ms)
				BeforeProcessingInitializeOnLoad (66ms)
				ProcessInitializeOnLoadAttributes (201ms)
				ProcessInitializeOnLoadMethodAttributes (33ms)
				AfterProcessingInitializeOnLoad (3ms)
				EditorAssembliesLoaded (0ms)
			ExecutionOrderSort2 (0ms)
			AwakeInstancesAfterBackupRestoration (10ms)
Platform modules already initialized, skipping
Shader 'WFX/Transparent Specular': fallback shader 'Particles/Alpha Blended' not found
Shader 'WFX/Transparent Diffuse': fallback shader 'Particles/Alpha Blended' not found
Refreshing native plugins compatible for Editor in 2.09 ms, found 3 plugins.
Preloading 0 native plugins for Editor in 0.00 ms.
Unloading 3646 Unused Serialized files (Serialized files now loaded: 0)
Unloading 34 unused Assets / (314.6 KB). Loaded Objects now: 4219.
Memory consumption went from 213.0 MB to 212.7 MB.
Total: 3.163700 ms (FindLiveObjects: 0.278400 ms CreateObjectMapping: 0.191100 ms MarkObjects: 2.537300 ms  DeleteObjects: 0.156300 ms)

AssetImportParameters requested are different than current active one (requested -> active):
  custom:video-decoder-ogg-theora: a1e56fd34408186e4bbccfd4996cb3dc -> 
  custom:container-muxer-webm: aa71ff27fc2769a1b78a27578f13a17b -> 
  custom:container-demuxer-webm: 4f35f7cbe854078d1ac9338744f61a02 -> 
  custom:video-encoder-webm-vp8: eb34c28f22e8b96e1ab97ce403110664 -> 
  custom:video-codec-MediaFoundation-h265: 746d11721c4dcdbdad8f713fa42b33f4 -> 
  custom:audio-encoder-webm-vorbis: bf7c407c2cedff20999df2af8eb42d56 -> 
  custom:framework-win-MediaFoundation: 216162199b28c13a410421893ffa2e32 -> 
  custom:container-demuxer-ogg: 62fdf1f143b41e24485cea50d1cbac27 -> 
  custom:video-decoder-webm-vp8: 9c59270c3fd7afecdb556c50c9e8de78 -> 
  custom:audio-decoder-ogg-vorbis: bf7c407c2cedff20999df2af8eb42d56 -> 
========================================================================
Received Import Request.
  Time since last request: 716.278359 seconds.
  path: Assets/Prefabs/Ball.prefab
  artifactKey: Guid(0ddc0804c463a1a40a86b5a104730498) Importer(815301076,1909f56bfc062723c751e8b465ee728b)
Start importing Assets/Prefabs/Ball.prefab using Guid(0ddc0804c463a1a40a86b5a104730498) Importer(815301076,1909f56bfc062723c751e8b465ee728b)  -> (artifact id: 'f030756aa2e040f659ab2f089c00408a') in 0.115501 seconds 
========================================================================
Received Import Request.
  Time since last request: 0.000030 seconds.
  path: Assets/Prefabs/Brick Group (5).prefab
  artifactKey: Guid(1ab1d3b840c33cc45aa35cbe3537bfea) Importer(815301076,1909f56bfc062723c751e8b465ee728b)
Start importing Assets/Prefabs/Brick Group (5).prefab using Guid(1ab1d3b840c33cc45aa35cbe3537bfea) Importer(815301076,1909f56bfc062723c751e8b465ee728b)  -> (artifact id: '3f0756d3634aacba86c6c71be6cb936b') in 0.146216 seconds 
========================================================================
Received Import Request.
  Time since last request: 0.000023 seconds.
  path: Assets/Prefabs/Brick Group.prefab
  artifactKey: Guid(40115cd4b8ea48744a0773d5c77be40b) Importer(815301076,1909f56bfc062723c751e8b465ee728b)
Start importing Assets/Prefabs/Brick Group.prefab using Guid(40115cd4b8ea48744a0773d5c77be40b) Importer(815301076,1909f56bfc062723c751e8b465ee728b)  -> (artifact id: 'd89f69b46f9cf6664cd2315d842992e3') in 0.293677 seconds 
========================================================================
Received Import Request.
  Time since last request: 0.000034 seconds.
  path: Assets/Prefabs/Brick Double Pyramid.prefab
  artifactKey: Guid(053ce498acbcc0b468fb7b256caae604) Importer(815301076,1909f56bfc062723c751e8b465ee728b)
Start importing Assets/Prefabs/Brick Double Pyramid.prefab using Guid(053ce498acbcc0b468fb7b256caae604) Importer(815301076,1909f56bfc062723c751e8b465ee728b)  -> (artifact id: '6599ce206b5f0dab3d0f96eb2875a861') in 0.125833 seconds 
========================================================================
Received Import Request.
  Time since last request: 0.000027 seconds.
  path: Assets/Prefabs/Extra Ball.prefab
  artifactKey: Guid(7fa83c815bf14734eaeceade9c58ace2) Importer(815301076,1909f56bfc062723c751e8b465ee728b)
Start importing Assets/Prefabs/Extra Ball.prefab using Guid(7fa83c815bf14734eaeceade9c58ace2) Importer(815301076,1909f56bfc062723c751e8b465ee728b)  -> (artifact id: '7af931a630c2221494c904d62f3d50f6') in 0.029550 seconds 
========================================================================
Received Import Request.
  Time since last request: 0.000028 seconds.
  path: Assets/Prefabs/Bricks/Basic Brick (Square) [1] Variant.prefab
  artifactKey: Guid(3d89e0883409975469e6a137f4102df7) Importer(815301076,1909f56bfc062723c751e8b465ee728b)
Start importing Assets/Prefabs/Bricks/Basic Brick (Square) [1] Variant.prefab using Guid(3d89e0883409975469e6a137f4102df7) Importer(815301076,1909f56bfc062723c751e8b465ee728b)  -> (artifact id: 'db1af9084ee910e03f9ceacbd124679f') in 0.039500 seconds 
========================================================================
Received Import Request.
  Time since last request: 0.000025 seconds.
  path: Assets/Prefabs/Bricks/Powerup Brick Variant.prefab
  artifactKey: Guid(0ee3ab5b00e63e247ae20649f36d6608) Importer(815301076,1909f56bfc062723c751e8b465ee728b)
Start importing Assets/Prefabs/Bricks/Powerup Brick Variant.prefab using Guid(0ee3ab5b00e63e247ae20649f36d6608) Importer(815301076,1909f56bfc062723c751e8b465ee728b)  -> (artifact id: '323982367dddba8f5535313ff8cc1ef1') in 0.030278 seconds 
========================================================================
Received Import Request.
  Time since last request: 0.000045 seconds.
  path: Assets/Prefabs/Bricks/Basic Brick [1].prefab
  artifactKey: Guid(6cb226225a379bb4a9d4d14d15edfee5) Importer(815301076,1909f56bfc062723c751e8b465ee728b)
Start importing Assets/Prefabs/Bricks/Basic Brick [1].prefab using Guid(6cb226225a379bb4a9d4d14d15edfee5) Importer(815301076,1909f56bfc062723c751e8b465ee728b)  -> (artifact id: '19c6cebb6b540a7cb1ed3585928ac504') in 0.055075 seconds 
========================================================================
Received Import Request.
  Time since last request: 0.000043 seconds.
  path: Assets/Prefabs/Bricks/Basic Brick [3] Variant.prefab
  artifactKey: Guid(30b5215efaf75994e9c6e981e4aab438) Importer(815301076,1909f56bfc062723c751e8b465ee728b)
Start importing Assets/Prefabs/Bricks/Basic Brick [3] Variant.prefab using Guid(30b5215efaf75994e9c6e981e4aab438) Importer(815301076,1909f56bfc062723c751e8b465ee728b)  -> (artifact id: '45cbebc325a0859cd416be579c0276da') in 0.026160 seconds 
========================================================================
Received Import Request.
  Time since last request: 0.000030 seconds.
  path: Assets/Prefabs/Bricks/Basic Brick [2] Square Variant.prefab
  artifactKey: Guid(4684c8077a0150c479bbc1cdbf1327e5) Importer(815301076,1909f56bfc062723c751e8b465ee728b)
Start importing Assets/Prefabs/Bricks/Basic Brick [2] Square Variant.prefab using Guid(4684c8077a0150c479bbc1cdbf1327e5) Importer(815301076,1909f56bfc062723c751e8b465ee728b)  -> (artifact id: '349d31bf8d89cff65570d4ee724a169e') in 0.028391 seconds 
========================================================================
Received Import Request.
  Time since last request: 0.000025 seconds.
  path: Assets/Prefabs/Bricks/Basic Brick [3] (Small Square) Variant.prefab
  artifactKey: Guid(8f48e9a960a8fac478efda8cfc29d4c9) Importer(815301076,1909f56bfc062723c751e8b465ee728b)
Start importing Assets/Prefabs/Bricks/Basic Brick [3] (Small Square) Variant.prefab using Guid(8f48e9a960a8fac478efda8cfc29d4c9) Importer(815301076,1909f56bfc062723c751e8b465ee728b)  -> (artifact id: '4d03516d6176846985f786743c2278ce') in 0.028564 seconds 
========================================================================
Received Import Request.
  Time since last request: 9.320746 seconds.
  path: Assets/Prefabs/Bricks/Basic Brick [1] Variant.prefab
  artifactKey: Guid(981538c2608aa0c4b976d798c3e5701b) Importer(815301076,1909f56bfc062723c751e8b465ee728b)
Start importing Assets/Prefabs/Bricks/Basic Brick [1] Variant.prefab using Guid(981538c2608aa0c4b976d798c3e5701b) Importer(815301076,1909f56bfc062723c751e8b465ee728b)  -> (artifact id: '09a5edc6347bad98c68a37aa9843c6f2') in 0.019806 seconds 
========================================================================
Received Import Request.
  Time since last request: 10.706028 seconds.
  path: Assets/Prefabs/Bricks/Split Brick.prefab
  artifactKey: Guid(981538c2608aa0c4b976d798c3e5701b) Importer(815301076,1909f56bfc062723c751e8b465ee728b)
Start importing Assets/Prefabs/Bricks/Split Brick.prefab using Guid(981538c2608aa0c4b976d798c3e5701b) Importer(815301076,1909f56bfc062723c751e8b465ee728b)  -> (artifact id: '9436437cae2defaa631d220dbadafe6c') in 0.085123 seconds 
========================================================================
Received Import Request.
  Time since last request: 4.100739 seconds.
  path: Assets/Prefabs/Bricks/Split Brick.prefab
  artifactKey: Guid(981538c2608aa0c4b976d798c3e5701b) Importer(815301076,1909f56bfc062723c751e8b465ee728b)
Start importing Assets/Prefabs/Bricks/Split Brick.prefab using Guid(981538c2608aa0c4b976d798c3e5701b) Importer(815301076,1909f56bfc062723c751e8b465ee728b)  -> (artifact id: '8563748451afda03d71a56671008fac4') in 0.017066 seconds 
========================================================================
Received Import Request.
  Time since last request: 11.900978 seconds.
  path: Assets/Prefabs/Bricks/Split Brick.prefab
  artifactKey: Guid(981538c2608aa0c4b976d798c3e5701b) Importer(815301076,1909f56bfc062723c751e8b465ee728b)
Start importing Assets/Prefabs/Bricks/Split Brick.prefab using Guid(981538c2608aa0c4b976d798c3e5701b) Importer(815301076,1909f56bfc062723c751e8b465ee728b)  -> (artifact id: '204d3781eb6bcbfe17744066dde5b181') in 0.013673 seconds 
========================================================================
Received Import Request.
  Time since last request: 1.479082 seconds.
  path: Assets/Prefabs/Bricks/Split Brick.prefab
  artifactKey: Guid(981538c2608aa0c4b976d798c3e5701b) Importer(815301076,1909f56bfc062723c751e8b465ee728b)
Start importing Assets/Prefabs/Bricks/Split Brick.prefab using Guid(981538c2608aa0c4b976d798c3e5701b) Importer(815301076,1909f56bfc062723c751e8b465ee728b)  -> (artifact id: 'dabe8d2e15bee62edb55f71faca4d1ef') in 0.015615 seconds 
========================================================================
Received Import Request.
  Time since last request: 19.154013 seconds.
  path: Assets/Materials/Split Brick.mat
  artifactKey: Guid(2430ea59680cf35469ec2be6455d5253) Importer(815301076,1909f56bfc062723c751e8b465ee728b)
Start importing Assets/Materials/Split Brick.mat using Guid(2430ea59680cf35469ec2be6455d5253) Importer(815301076,1909f56bfc062723c751e8b465ee728b)  -> (artifact id: 'd0826db1e9f4ffdc5f4f259f95c65740') in 0.027064 seconds 
========================================================================
Received Import Request.
  Time since last request: 7.878641 seconds.
  path: Assets/Fonts/KING OF PIRATE SDF.asset
  artifactKey: Guid(32ad3b661de987341af40f3cea0f327e) Importer(815301076,1909f56bfc062723c751e8b465ee728b)
Start importing Assets/Fonts/KING OF PIRATE SDF.asset using Guid(32ad3b661de987341af40f3cea0f327e) Importer(815301076,1909f56bfc062723c751e8b465ee728b)  -> (artifact id: '7ec5edb1be4f1521cd5ee26a50212ed5') in 0.046574 seconds 
========================================================================
Received Import Request.
  Time since last request: 0.631896 seconds.
  path: Assets/EffectExamples/Water Effects/Textures/Splash01.tif
  artifactKey: Guid(50d576b32d1c88f4abcea02ff8e68dbe) Importer(815301076,1909f56bfc062723c751e8b465ee728b)
Start importing Assets/EffectExamples/Water Effects/Textures/Splash01.tif using Guid(50d576b32d1c88f4abcea02ff8e68dbe) Importer(815301076,1909f56bfc062723c751e8b465ee728b)  -> (artifact id: 'e7cd846c496aee790d7b4a706c49106c') in 0.368459 seconds 
========================================================================
Received Import Request.
  Time since last request: 5.520385 seconds.
  path: Assets/EffectExamples/Misc Effects/Textures/SparkParticle.tif
  artifactKey: Guid(2c9ba3deede9b844c84fabc9d8b70c33) Importer(815301076,1909f56bfc062723c751e8b465ee728b)
Start importing Assets/EffectExamples/Misc Effects/Textures/SparkParticle.tif using Guid(2c9ba3deede9b844c84fabc9d8b70c33) Importer(815301076,1909f56bfc062723c751e8b465ee728b)  -> (artifact id: '536a6898923f49e146c6b8c57dbfd598') in 0.103821 seconds 
========================================================================
Received Import Request.
  Time since last request: 4.966474 seconds.
  path: Assets/Props_3D/Textures/texture_barrel_BaseMap.png
  artifactKey: Guid(a46f481c985e142f3a3005f18840c7ec) Importer(815301076,1909f56bfc062723c751e8b465ee728b)
Start importing Assets/Props_3D/Textures/texture_barrel_BaseMap.png using Guid(a46f481c985e142f3a3005f18840c7ec) Importer(815301076,1909f56bfc062723c751e8b465ee728b)  -> (artifact id: '233cf5d052da48d0ebc01c32c568e2d3') in 0.116018 seconds 
========================================================================
Received Import Request.
  Time since last request: 193.335201 seconds.
  path: Assets/Prefabs/Bricks/Split Brick.prefab
  artifactKey: Guid(981538c2608aa0c4b976d798c3e5701b) Importer(815301076,1909f56bfc062723c751e8b465ee728b)
Start importing Assets/Prefabs/Bricks/Split Brick.prefab using Guid(981538c2608aa0c4b976d798c3e5701b) Importer(815301076,1909f56bfc062723c751e8b465ee728b)  -> (artifact id: '0fadbf0a2028248327bda61a44885984') in 0.014007 seconds 
========================================================================
Received Import Request.
  Time since last request: 232.655631 seconds.
  path: Assets/Prefabs/Bricks/Split Brick.prefab
  artifactKey: Guid(981538c2608aa0c4b976d798c3e5701b) Importer(815301076,1909f56bfc062723c751e8b465ee728b)
Start importing Assets/Prefabs/Bricks/Split Brick.prefab using Guid(981538c2608aa0c4b976d798c3e5701b) Importer(815301076,1909f56bfc062723c751e8b465ee728b)  -> (artifact id: 'c12dd66aa9e4f5ce7a9a73d5c0a0d0e3') in 0.017842 seconds 
========================================================================
Received Import Request.
  Time since last request: 6596.182411 seconds.
  path: Assets/Prefabs/Bricks/Split Brick.prefab
  artifactKey: Guid(981538c2608aa0c4b976d798c3e5701b) Importer(815301076,1909f56bfc062723c751e8b465ee728b)
Start importing Assets/Prefabs/Bricks/Split Brick.prefab using Guid(981538c2608aa0c4b976d798c3e5701b) Importer(815301076,1909f56bfc062723c751e8b465ee728b)  -> (artifact id: 'f0af7da90dab114aa7b97c994d4a7545') in 0.054805 seconds 
========================================================================
Received Import Request.
  Time since last request: 102.795260 seconds.
  path: Assets/Prefabs/Bricks/Split Brick.prefab
  artifactKey: Guid(981538c2608aa0c4b976d798c3e5701b) Importer(815301076,1909f56bfc062723c751e8b465ee728b)
Start importing Assets/Prefabs/Bricks/Split Brick.prefab using Guid(981538c2608aa0c4b976d798c3e5701b) Importer(815301076,1909f56bfc062723c751e8b465ee728b)  -> (artifact id: '44147175cf75f4cd2d0bce0635ef8fcb') in 0.028197 seconds 
========================================================================
Received Import Request.
  Time since last request: 207.435014 seconds.
  path: Assets/Prefabs/Bricks/Split Brick.prefab
  artifactKey: Guid(981538c2608aa0c4b976d798c3e5701b) Importer(815301076,1909f56bfc062723c751e8b465ee728b)
Start importing Assets/Prefabs/Bricks/Split Brick.prefab using Guid(981538c2608aa0c4b976d798c3e5701b) Importer(815301076,1909f56bfc062723c751e8b465ee728b)  -> (artifact id: '1145e925643b8068fc25a4ddff28a2e5') in 0.022412 seconds 
========================================================================
Received Import Request.
  Time since last request: 38.424008 seconds.
  path: Assets/Prefabs/Bricks/Basic Brick (Small Square) [1] Variant.prefab
  artifactKey: Guid(39b837627a235634c882139082bdffee) Importer(815301076,1909f56bfc062723c751e8b465ee728b)
Start importing Assets/Prefabs/Bricks/Basic Brick (Small Square) [1] Variant.prefab using Guid(39b837627a235634c882139082bdffee) Importer(815301076,1909f56bfc062723c751e8b465ee728b)  -> (artifact id: '3881df91d0c4050c06837a733dbd7bf1') in 0.023475 seconds 
========================================================================
Received Import Request.
  Time since last request: 0.000032 seconds.
  path: Assets/Prefabs/Bricks/Basic Brick [2] (Small Square) Variant.prefab
  artifactKey: Guid(54012e7ac0a169547a8703428e3b86cd) Importer(815301076,1909f56bfc062723c751e8b465ee728b)
Start importing Assets/Prefabs/Bricks/Basic Brick [2] (Small Square) Variant.prefab using Guid(54012e7ac0a169547a8703428e3b86cd) Importer(815301076,1909f56bfc062723c751e8b465ee728b)  -> (artifact id: 'b23c4b14f37d408cceaf895af9b3749b') in 0.022024 seconds 
========================================================================
Received Import Request.
  Time since last request: 0.000026 seconds.
  path: Assets/Prefabs/Bricks/Powerup Brick Variant.prefab
  artifactKey: Guid(0ee3ab5b00e63e247ae20649f36d6608) Importer(815301076,1909f56bfc062723c751e8b465ee728b)
Start importing Assets/Prefabs/Bricks/Powerup Brick Variant.prefab using Guid(0ee3ab5b00e63e247ae20649f36d6608) Importer(815301076,1909f56bfc062723c751e8b465ee728b)  -> (artifact id: '7ea54df5d4e610d572c59c38dbe5b120') in 0.032094 seconds 
========================================================================
Received Import Request.
  Time since last request: 0.000037 seconds.
  path: Assets/Prefabs/Bricks/Split Brick.prefab
  artifactKey: Guid(981538c2608aa0c4b976d798c3e5701b) Importer(815301076,1909f56bfc062723c751e8b465ee728b)
Start importing Assets/Prefabs/Bricks/Split Brick.prefab using Guid(981538c2608aa0c4b976d798c3e5701b) Importer(815301076,1909f56bfc062723c751e8b465ee728b)  -> (artifact id: '81cbb6290bd9a92bdb5d8584efee3b38') in 0.025861 seconds 
========================================================================
Received Import Request.
  Time since last request: 0.000027 seconds.
  path: Assets/Prefabs/Bricks/Basic Brick [2] Variant.prefab
  artifactKey: Guid(e52fbc2591a14a14c94545396b386be8) Importer(815301076,1909f56bfc062723c751e8b465ee728b)
Start importing Assets/Prefabs/Bricks/Basic Brick [2] Variant.prefab using Guid(e52fbc2591a14a14c94545396b386be8) Importer(815301076,1909f56bfc062723c751e8b465ee728b)  -> (artifact id: '3abca6759bdb3aa5a70e5e5210bec1b1') in 0.021440 seconds 
========================================================================
Received Import Request.
  Time since last request: 0.000019 seconds.
  path: Assets/Prefabs/Bricks/Basic Brick [2] Square Variant.prefab
  artifactKey: Guid(4684c8077a0150c479bbc1cdbf1327e5) Importer(815301076,1909f56bfc062723c751e8b465ee728b)
Start importing Assets/Prefabs/Bricks/Basic Brick [2] Square Variant.prefab using Guid(4684c8077a0150c479bbc1cdbf1327e5) Importer(815301076,1909f56bfc062723c751e8b465ee728b)  -> (artifact id: '208386308bc908fe52f821e863e53241') in 0.045452 seconds 
========================================================================
Received Import Request.
  Time since last request: 10.953655 seconds.
  path: Assets/Prefabs/Bricks/Basic Brick (Square) [1] Variant.prefab
  artifactKey: Guid(3d89e0883409975469e6a137f4102df7) Importer(815301076,1909f56bfc062723c751e8b465ee728b)
Start importing Assets/Prefabs/Bricks/Basic Brick (Square) [1] Variant.prefab using Guid(3d89e0883409975469e6a137f4102df7) Importer(815301076,1909f56bfc062723c751e8b465ee728b)  -> (artifact id: '309546912cadff89107688f211843992') in 0.028870 seconds 
========================================================================
Received Import Request.
  Time since last request: 0.000035 seconds.
  path: Assets/Prefabs/Bricks/Powerup Brick Variant.prefab
  artifactKey: Guid(0ee3ab5b00e63e247ae20649f36d6608) Importer(815301076,1909f56bfc062723c751e8b465ee728b)
Start importing Assets/Prefabs/Bricks/Powerup Brick Variant.prefab using Guid(0ee3ab5b00e63e247ae20649f36d6608) Importer(815301076,1909f56bfc062723c751e8b465ee728b)  -> (artifact id: '79a3a1fa401d8776f9816a810cc5f236') in 0.029473 seconds 
========================================================================
Received Import Request.
  Time since last request: 0.000032 seconds.
  path: Assets/Prefabs/Bricks/Basic Brick [2] Variant.prefab
  artifactKey: Guid(e52fbc2591a14a14c94545396b386be8) Importer(815301076,1909f56bfc062723c751e8b465ee728b)
Start importing Assets/Prefabs/Bricks/Basic Brick [2] Variant.prefab using Guid(e52fbc2591a14a14c94545396b386be8) Importer(815301076,1909f56bfc062723c751e8b465ee728b)  -> (artifact id: 'ba1e87401312d3b4d79fc61cf14c1402') in 0.025923 seconds 
========================================================================
Received Import Request.
  Time since last request: 0.000029 seconds.
  path: Assets/Prefabs/Bricks/Basic Brick [3] Variant.prefab
  artifactKey: Guid(30b5215efaf75994e9c6e981e4aab438) Importer(815301076,1909f56bfc062723c751e8b465ee728b)
Start importing Assets/Prefabs/Bricks/Basic Brick [3] Variant.prefab using Guid(30b5215efaf75994e9c6e981e4aab438) Importer(815301076,1909f56bfc062723c751e8b465ee728b)  -> (artifact id: '991a32467bf00a4f1aa5435d5be62cb7') in 0.030168 seconds 
========================================================================
Received Import Request.
  Time since last request: 0.000036 seconds.
  path: Assets/Prefabs/Bricks/Basic Brick [3] (Small Square) Variant.prefab
  artifactKey: Guid(8f48e9a960a8fac478efda8cfc29d4c9) Importer(815301076,1909f56bfc062723c751e8b465ee728b)
Start importing Assets/Prefabs/Bricks/Basic Brick [3] (Small Square) Variant.prefab using Guid(8f48e9a960a8fac478efda8cfc29d4c9) Importer(815301076,1909f56bfc062723c751e8b465ee728b)  -> (artifact id: 'cf7591eaf34b9837fba8a2a7f60a7d45') in 0.055181 seconds 
========================================================================
Received Import Request.
  Time since last request: 86.356954 seconds.
  path: Assets/Prefabs/Brick Group [2].prefab
  artifactKey: Guid(df9cce6ced42c85449aee33215874f13) Importer(815301076,1909f56bfc062723c751e8b465ee728b)
Start importing Assets/Prefabs/Brick Group [2].prefab using Guid(df9cce6ced42c85449aee33215874f13) Importer(815301076,1909f56bfc062723c751e8b465ee728b)  -> (artifact id: 'f11a7e30671e08aab3018636de875f54') in 0.029536 seconds 
========================================================================
Received Import Request.
  Time since last request: 0.000029 seconds.
  path: Assets/Prefabs/Brick Group.prefab
  artifactKey: Guid(40115cd4b8ea48744a0773d5c77be40b) Importer(815301076,1909f56bfc062723c751e8b465ee728b)
Start importing Assets/Prefabs/Brick Group.prefab using Guid(40115cd4b8ea48744a0773d5c77be40b) Importer(815301076,1909f56bfc062723c751e8b465ee728b)  -> (artifact id: '3fc493f68e9c1d3657701b335d23150b') in 0.065077 seconds 
========================================================================
Received Import Request.
  Time since last request: 0.000022 seconds.
  path: Assets/Prefabs/Extra Ball.prefab
  artifactKey: Guid(7fa83c815bf14734eaeceade9c58ace2) Importer(815301076,1909f56bfc062723c751e8b465ee728b)
Start importing Assets/Prefabs/Extra Ball.prefab using Guid(7fa83c815bf14734eaeceade9c58ace2) Importer(815301076,1909f56bfc062723c751e8b465ee728b)  -> (artifact id: '8d9cb00ed8c2ae9c2c14352fe07bb74e') in 0.033341 seconds 
========================================================================
Received Import Request.
  Time since last request: 176.836275 seconds.
  path: Assets/Prefabs/Bricks/Basic Brick (Square) [1] Variant.prefab
  artifactKey: Guid(3d89e0883409975469e6a137f4102df7) Importer(815301076,1909f56bfc062723c751e8b465ee728b)
Start importing Assets/Prefabs/Bricks/Basic Brick (Square) [1] Variant.prefab using Guid(3d89e0883409975469e6a137f4102df7) Importer(815301076,1909f56bfc062723c751e8b465ee728b)  -> (artifact id: '7fc9e1f02c2bc51d1e2cd4d6ba6fdf3a') in 0.052798 seconds 
========================================================================
Received Import Request.
  Time since last request: 0.000029 seconds.
  path: Assets/Prefabs/Bricks/Basic Brick [2] (Small Square) Variant.prefab
  artifactKey: Guid(54012e7ac0a169547a8703428e3b86cd) Importer(815301076,1909f56bfc062723c751e8b465ee728b)
Start importing Assets/Prefabs/Bricks/Basic Brick [2] (Small Square) Variant.prefab using Guid(54012e7ac0a169547a8703428e3b86cd) Importer(815301076,1909f56bfc062723c751e8b465ee728b)  -> (artifact id: 'f79c1b2cb945fd1c9c37c6984ab2b0fb') in 0.020092 seconds 
========================================================================
Received Import Request.
  Time since last request: 0.000023 seconds.
  path: Assets/Prefabs/Bricks/Split Brick.prefab
  artifactKey: Guid(981538c2608aa0c4b976d798c3e5701b) Importer(815301076,1909f56bfc062723c751e8b465ee728b)
Start importing Assets/Prefabs/Bricks/Split Brick.prefab using Guid(981538c2608aa0c4b976d798c3e5701b) Importer(815301076,1909f56bfc062723c751e8b465ee728b)  -> (artifact id: '9fb8471aed03713c8e39b53b442b3a57') in 0.024596 seconds 
========================================================================
Received Import Request.
  Time since last request: 0.000024 seconds.
  path: Assets/Prefabs/Bricks/Basic Brick [2] Variant.prefab
  artifactKey: Guid(e52fbc2591a14a14c94545396b386be8) Importer(815301076,1909f56bfc062723c751e8b465ee728b)
Start importing Assets/Prefabs/Bricks/Basic Brick [2] Variant.prefab using Guid(e52fbc2591a14a14c94545396b386be8) Importer(815301076,1909f56bfc062723c751e8b465ee728b)  -> (artifact id: '80362c685aa65a5f5c1cd9b189517bd0') in 0.032359 seconds 
========================================================================
Received Import Request.
  Time since last request: 0.000047 seconds.
  path: Assets/Prefabs/Bricks/Basic Brick [2] Square Variant.prefab
  artifactKey: Guid(4684c8077a0150c479bbc1cdbf1327e5) Importer(815301076,1909f56bfc062723c751e8b465ee728b)
Start importing Assets/Prefabs/Bricks/Basic Brick [2] Square Variant.prefab using Guid(4684c8077a0150c479bbc1cdbf1327e5) Importer(815301076,1909f56bfc062723c751e8b465ee728b)  -> (artifact id: 'a8803696b15f353de2a180bc696d5497') in 0.029508 seconds 
========================================================================
Received Import Request.
  Time since last request: 2.283825 seconds.
  path: Assets/Prefabs/Bricks/Basic Brick (Square) [1] Variant.prefab
  artifactKey: Guid(3d89e0883409975469e6a137f4102df7) Importer(815301076,1909f56bfc062723c751e8b465ee728b)
Start importing Assets/Prefabs/Bricks/Basic Brick (Square) [1] Variant.prefab using Guid(3d89e0883409975469e6a137f4102df7) Importer(815301076,1909f56bfc062723c751e8b465ee728b)  -> (artifact id: '98c5d4d8a87b07417db4e993ad60eb42') in 0.020039 seconds 
========================================================================
Received Import Request.
  Time since last request: 0.000027 seconds.
  path: Assets/Prefabs/Bricks/Basic Brick [2] (Small Square) Variant.prefab
  artifactKey: Guid(54012e7ac0a169547a8703428e3b86cd) Importer(815301076,1909f56bfc062723c751e8b465ee728b)
Start importing Assets/Prefabs/Bricks/Basic Brick [2] (Small Square) Variant.prefab using Guid(54012e7ac0a169547a8703428e3b86cd) Importer(815301076,1909f56bfc062723c751e8b465ee728b)  -> (artifact id: '7858132c9ac9fcc7a1431a79738e51d5') in 0.023430 seconds 
========================================================================
Received Import Request.
  Time since last request: 0.000027 seconds.
  path: Assets/Prefabs/Bricks/Basic Brick [1].prefab
  artifactKey: Guid(6cb226225a379bb4a9d4d14d15edfee5) Importer(815301076,1909f56bfc062723c751e8b465ee728b)
Start importing Assets/Prefabs/Bricks/Basic Brick [1].prefab using Guid(6cb226225a379bb4a9d4d14d15edfee5) Importer(815301076,1909f56bfc062723c751e8b465ee728b)  -> (artifact id: '977be931f302eddd6dbf85ed41a294c9') in 0.017815 seconds 
========================================================================
Received Import Request.
  Time since last request: 0.000037 seconds.
  path: Assets/Prefabs/Bricks/Basic Brick [2] Variant.prefab
  artifactKey: Guid(e52fbc2591a14a14c94545396b386be8) Importer(815301076,1909f56bfc062723c751e8b465ee728b)
Start importing Assets/Prefabs/Bricks/Basic Brick [2] Variant.prefab using Guid(e52fbc2591a14a14c94545396b386be8) Importer(815301076,1909f56bfc062723c751e8b465ee728b)  -> (artifact id: 'af55d16ebf652d6c4425066e5eaa302e') in 0.020326 seconds 
========================================================================
Received Import Request.
  Time since last request: 0.000028 seconds.
  path: Assets/Prefabs/Bricks/Basic Brick [2] Square Variant.prefab
  artifactKey: Guid(4684c8077a0150c479bbc1cdbf1327e5) Importer(815301076,1909f56bfc062723c751e8b465ee728b)
Start importing Assets/Prefabs/Bricks/Basic Brick [2] Square Variant.prefab using Guid(4684c8077a0150c479bbc1cdbf1327e5) Importer(815301076,1909f56bfc062723c751e8b465ee728b)  -> (artifact id: 'a650f4069bccfac90932d9925495af52') in 0.024695 seconds 
Editor requested this worker to shutdown with reason: Scaling down because of idle timeout
AssetImportWorker is now disconnected from the server
Process exiting
Exiting without the bug reporter. Application will terminate with return code 0