Using pre-set license
Built from '2021.3/staging' branch; Version is '2021.3.6f1 (7da38d85baf6) revision 8233869'; Using compiler version '192829333'; Build Type 'Release'
OS: 'Windows 10  (10.0.19044) 64bit Core' Language: 'en' Physical Memory: 16177 MB
BatchMode: 1, IsHumanControllingUs: 0, StartBugReporterOnCrash: 0, Is64bit: 1, IsPro: 1

COMMAND LINE ARGUMENTS:
D:\Unity Editors\2021.3.6f1\Editor\Unity.exe
-adb2
-batchMode
-noUpm
-name
AssetImportWorker21
-projectPath
D:/Unity Projects/BattleshipBrickBreaker/BattleshipBrickBreaker/Battleship Brick Breaker
-logFile
Logs/AssetImportWorker21.log
-srvPort
22744
Successfully changed project path to: D:/Unity Projects/BattleshipBrickBreaker/BattleshipBrickBreaker/Battleship Brick Breaker
D:/Unity Projects/BattleshipBrickBreaker/BattleshipBrickBreaker/Battleship Brick Breaker
[UnityMemory] Configuration Parameters - Can be set up in boot.config
    "memorysetup-bucket-allocator-granularity=16"
    "memorysetup-bucket-allocator-bucket-count=8"
    "memorysetup-bucket-allocator-block-size=33554432"
    "memorysetup-bucket-allocator-block-count=8"
    "memorysetup-main-allocator-block-size=16777216"
    "memorysetup-thread-allocator-block-size=16777216"
    "memorysetup-gfx-main-allocator-block-size=16777216"
    "memorysetup-gfx-thread-allocator-block-size=16777216"
    "memorysetup-cache-allocator-block-size=4194304"
    "memorysetup-typetree-allocator-block-size=2097152"
    "memorysetup-profiler-bucket-allocator-granularity=16"
    "memorysetup-profiler-bucket-allocator-bucket-count=8"
    "memorysetup-profiler-bucket-allocator-block-size=33554432"
    "memorysetup-profiler-bucket-allocator-block-count=8"
    "memorysetup-profiler-allocator-block-size=16777216"
    "memorysetup-profiler-editor-allocator-block-size=1048576"
    "memorysetup-temp-allocator-size-main=16777216"
    "memorysetup-job-temp-allocator-block-size=2097152"
    "memorysetup-job-temp-allocator-block-size-background=1048576"
    "memorysetup-job-temp-allocator-reduction-small-platforms=262144"
    "memorysetup-temp-allocator-size-background-worker=32768"
    "memorysetup-temp-allocator-size-job-worker=262144"
    "memorysetup-temp-allocator-size-preload-manager=33554432"
    "memorysetup-temp-allocator-size-nav-mesh-worker=65536"
    "memorysetup-temp-allocator-size-audio-worker=65536"
    "memorysetup-temp-allocator-size-cloud-worker=32768"
    "memorysetup-temp-allocator-size-gi-baking-worker=262144"
    "memorysetup-temp-allocator-size-gfx=262144"
Refreshing native plugins compatible for Editor in 141.23 ms, found 3 plugins.
Preloading 0 native plugins for Editor in 0.00 ms.
Initialize engine version: 2021.3.6f1 (7da38d85baf6)
[Subsystems] Discovering subsystems at path D:/Unity Editors/2021.3.6f1/Editor/Data/Resources/UnitySubsystems
[Subsystems] Discovering subsystems at path D:/Unity Projects/BattleshipBrickBreaker/BattleshipBrickBreaker/Battleship Brick Breaker/Assets
GfxDevice: creating device client; threaded=0; jobified=0
Direct3D:
    Version:  Direct3D 11.0 [level 11.1]
    Renderer: NVIDIA GeForce GTX 1050 Ti (ID=0x1c8c)
    Vendor:   NVIDIA
    VRAM:     4019 MB
    Driver:   30.0.15.1215
Shader 'WFX/Transparent Diffuse': fallback shader 'Particles/Alpha Blended' not found
Shader 'WFX/Transparent Specular': fallback shader 'Particles/Alpha Blended' not found
Initialize mono
Mono path[0] = 'D:/Unity Editors/2021.3.6f1/Editor/Data/Managed'
Mono path[1] = 'D:/Unity Editors/2021.3.6f1/Editor/Data/MonoBleedingEdge/lib/mono/unityjit-win32'
Mono config path = 'D:/Unity Editors/2021.3.6f1/Editor/Data/MonoBleedingEdge/etc'
Using monoOptions --debugger-agent=transport=dt_socket,embedding=1,server=y,suspend=n,address=127.0.0.1:56140
Begin MonoManager ReloadAssembly
Registering precompiled unity dll's ...
Register platform support module: D:/Unity Editors/2021.3.6f1/Editor/Data/PlaybackEngines/AndroidPlayer/UnityEditor.Android.Extensions.dll
Register platform support module: D:/Unity Editors/2021.3.6f1/Editor/Data/PlaybackEngines/WindowsStandaloneSupport/UnityEditor.WindowsStandalone.Extensions.dll
Registered in 0.003805 seconds.
Native extension for WindowsStandalone target not found
Native extension for Android target not found
Refreshing native plugins compatible for Editor in 117.77 ms, found 3 plugins.
Preloading 0 native plugins for Editor in 0.00 ms.
Mono: successfully reloaded assembly
- Completed reload, in  0.740 seconds
Domain Reload Profiling:
	ReloadAssembly (740ms)
		BeginReloadAssembly (87ms)
			ExecutionOrderSort (0ms)
			DisableScriptedObjects (0ms)
			BackupInstance (0ms)
			ReleaseScriptingObjects (0ms)
			CreateAndSetChildDomain (1ms)
		EndReloadAssembly (544ms)
			LoadAssemblies (87ms)
			RebuildTransferFunctionScriptingTraits (0ms)
			SetupTypeCache (149ms)
			ReleaseScriptCaches (0ms)
			RebuildScriptCaches (28ms)
			SetupLoadedEditorAssemblies (319ms)
				LogAssemblyErrors (0ms)
				InitializePlatformSupportModulesInManaged (53ms)
				SetLoadedEditorAssemblies (0ms)
				RefreshPlugins (118ms)
				BeforeProcessingInitializeOnLoad (1ms)
				ProcessInitializeOnLoadAttributes (98ms)
				ProcessInitializeOnLoadMethodAttributes (48ms)
				AfterProcessingInitializeOnLoad (0ms)
				EditorAssembliesLoaded (0ms)
			ExecutionOrderSort2 (0ms)
			AwakeInstancesAfterBackupRestoration (0ms)
Platform modules already initialized, skipping
Registering precompiled user dll's ...
Registered in 0.006310 seconds.
Begin MonoManager ReloadAssembly
Symbol file LoadedFromMemory doesn't match image D:\Unity Projects\BattleshipBrickBreaker\BattleshipBrickBreaker\Battleship Brick Breaker\Library\PackageCache\com.unity.visualscripting@1.7.8\Editor\VisualScripting.Core\Dependencies\YamlDotNet\Unity.VisualScripting.YamlDotNet.dll
Symbol file LoadedFromMemory doesn't match image D:\Unity Projects\BattleshipBrickBreaker\BattleshipBrickBreaker\Battleship Brick Breaker\Library\PackageCache\com.unity.visualscripting@1.7.8\Editor\VisualScripting.Core\Dependencies\DotNetZip\Unity.VisualScripting.IonicZip.dll
Native extension for WindowsStandalone target not found
Native extension for Android target not found
Refreshing native plugins compatible for Editor in 0.75 ms, found 3 plugins.
Preloading 0 native plugins for Editor in 0.00 ms.
Mono: successfully reloaded assembly
- Completed reload, in  1.313 seconds
Domain Reload Profiling:
	ReloadAssembly (1313ms)
		BeginReloadAssembly (230ms)
			ExecutionOrderSort (0ms)
			DisableScriptedObjects (6ms)
			BackupInstance (0ms)
			ReleaseScriptingObjects (0ms)
			CreateAndSetChildDomain (123ms)
		EndReloadAssembly (968ms)
			LoadAssemblies (112ms)
			RebuildTransferFunctionScriptingTraits (0ms)
			SetupTypeCache (284ms)
			ReleaseScriptCaches (1ms)
			RebuildScriptCaches (58ms)
			SetupLoadedEditorAssemblies (482ms)
				LogAssemblyErrors (0ms)
				InitializePlatformSupportModulesInManaged (19ms)
				SetLoadedEditorAssemblies (1ms)
				RefreshPlugins (1ms)
				BeforeProcessingInitializeOnLoad (109ms)
				ProcessInitializeOnLoadAttributes (305ms)
				ProcessInitializeOnLoadMethodAttributes (43ms)
				AfterProcessingInitializeOnLoad (3ms)
				EditorAssembliesLoaded (0ms)
			ExecutionOrderSort2 (0ms)
			AwakeInstancesAfterBackupRestoration (10ms)
Platform modules already initialized, skipping
========================================================================
Worker process is ready to serve import requests
Shader 'WFX/Transparent Specular': fallback shader 'Particles/Alpha Blended' not found
Shader 'WFX/Transparent Diffuse': fallback shader 'Particles/Alpha Blended' not found
Launched and connected shader compiler UnityShaderCompiler.exe after 0.07 seconds
Refreshing native plugins compatible for Editor in 0.74 ms, found 3 plugins.
Preloading 0 native plugins for Editor in 0.00 ms.
Unloading 3711 Unused Serialized files (Serialized files now loaded: 0)
Unloading 45 unused Assets / (347.0 KB). Loaded Objects now: 4174.
Memory consumption went from 214.2 MB to 213.8 MB.
Total: 3.764300 ms (FindLiveObjects: 0.300600 ms CreateObjectMapping: 0.199000 ms MarkObjects: 3.094900 ms  DeleteObjects: 0.169100 ms)

AssetImportParameters requested are different than current active one (requested -> active):
  custom:video-decoder-ogg-theora: a1e56fd34408186e4bbccfd4996cb3dc -> 
  custom:container-muxer-webm: aa71ff27fc2769a1b78a27578f13a17b -> 
  custom:container-demuxer-webm: 4f35f7cbe854078d1ac9338744f61a02 -> 
  custom:video-encoder-webm-vp8: eb34c28f22e8b96e1ab97ce403110664 -> 
  custom:video-codec-MediaFoundation-h265: 746d11721c4dcdbdad8f713fa42b33f4 -> 
  custom:audio-encoder-webm-vorbis: bf7c407c2cedff20999df2af8eb42d56 -> 
  custom:framework-win-MediaFoundation: 216162199b28c13a410421893ffa2e32 -> 
  custom:container-demuxer-ogg: 62fdf1f143b41e24485cea50d1cbac27 -> 
  custom:video-decoder-webm-vp8: 9c59270c3fd7afecdb556c50c9e8de78 -> 
  custom:audio-decoder-ogg-vorbis: bf7c407c2cedff20999df2af8eb42d56 -> 
========================================================================
Received Import Request.
  Time since last request: 110750.212319 seconds.
  path: Assets/MyPrefabs/Bricks/Basic Brick [3] (Small Square) Variant.prefab
  artifactKey: Guid(8f48e9a960a8fac478efda8cfc29d4c9) Importer(815301076,1909f56bfc062723c751e8b465ee728b)
Start importing Assets/MyPrefabs/Bricks/Basic Brick [3] (Small Square) Variant.prefab using Guid(8f48e9a960a8fac478efda8cfc29d4c9) Importer(815301076,1909f56bfc062723c751e8b465ee728b)  -> (artifact id: '6541e758af58e6d3ba003810a261d277') in 0.403483 seconds 
========================================================================
Received Import Request.
  Time since last request: 4.807453 seconds.
  path: Assets/MyPrefabs/Bricks/Basic Brick [3] (Small Square) Variant.prefab
  artifactKey: Guid(8f48e9a960a8fac478efda8cfc29d4c9) Importer(815301076,1909f56bfc062723c751e8b465ee728b)
Start importing Assets/MyPrefabs/Bricks/Basic Brick [3] (Small Square) Variant.prefab using Guid(8f48e9a960a8fac478efda8cfc29d4c9) Importer(815301076,1909f56bfc062723c751e8b465ee728b)  -> (artifact id: 'fff9c51dda825a288c844fd8e9231c58') in 0.197887 seconds 
========================================================================
Received Import Request.
  Time since last request: 356.236628 seconds.
  path: ProjectSettings/TagManager.asset
  artifactKey: Guid(00000000000000003000000000000000) Importer(815301076,1909f56bfc062723c751e8b465ee728b)
Start importing ProjectSettings/TagManager.asset using Guid(00000000000000003000000000000000) Importer(815301076,1909f56bfc062723c751e8b465ee728b)  -> (artifact id: '1f248e1bb36bfa115781b1e2d4971c2d') in 0.010357 seconds 
========================================================================
Received Prepare
Registering precompiled user dll's ...
Registered in 0.008085 seconds.
Begin MonoManager ReloadAssembly
Symbol file LoadedFromMemory doesn't match image D:\Unity Projects\BattleshipBrickBreaker\BattleshipBrickBreaker\Battleship Brick Breaker\Library\PackageCache\com.unity.visualscripting@1.7.8\Editor\VisualScripting.Core\Dependencies\YamlDotNet\Unity.VisualScripting.YamlDotNet.dll
Symbol file LoadedFromMemory doesn't match image D:\Unity Projects\BattleshipBrickBreaker\BattleshipBrickBreaker\Battleship Brick Breaker\Library\PackageCache\com.unity.visualscripting@1.7.8\Editor\VisualScripting.Core\Dependencies\DotNetZip\Unity.VisualScripting.IonicZip.dll
Native extension for WindowsStandalone target not found
Native extension for Android target not found
Refreshing native plugins compatible for Editor in 0.83 ms, found 3 plugins.
Preloading 0 native plugins for Editor in 0.00 ms.
Mono: successfully reloaded assembly
- Completed reload, in  1.228 seconds
Domain Reload Profiling:
	ReloadAssembly (1229ms)
		BeginReloadAssembly (167ms)
			ExecutionOrderSort (0ms)
			DisableScriptedObjects (6ms)
			BackupInstance (0ms)
			ReleaseScriptingObjects (0ms)
			CreateAndSetChildDomain (42ms)
		EndReloadAssembly (960ms)
			LoadAssemblies (141ms)
			RebuildTransferFunctionScriptingTraits (0ms)
			SetupTypeCache (365ms)
			ReleaseScriptCaches (1ms)
			RebuildScriptCaches (43ms)
			SetupLoadedEditorAssemblies (389ms)
				LogAssemblyErrors (0ms)
				InitializePlatformSupportModulesInManaged (23ms)
				SetLoadedEditorAssemblies (0ms)
				RefreshPlugins (1ms)
				BeforeProcessingInitializeOnLoad (82ms)
				ProcessInitializeOnLoadAttributes (245ms)
				ProcessInitializeOnLoadMethodAttributes (35ms)
				AfterProcessingInitializeOnLoad (3ms)
				EditorAssembliesLoaded (0ms)
			ExecutionOrderSort2 (0ms)
			AwakeInstancesAfterBackupRestoration (9ms)
Platform modules already initialized, skipping
Shader 'WFX/Transparent Specular': fallback shader 'Particles/Alpha Blended' not found
Shader 'WFX/Transparent Diffuse': fallback shader 'Particles/Alpha Blended' not found
Refreshing native plugins compatible for Editor in 2.32 ms, found 3 plugins.
Preloading 0 native plugins for Editor in 0.00 ms.
Unloading 3652 Unused Serialized files (Serialized files now loaded: 0)
Unloading 35 unused Assets / (314.4 KB). Loaded Objects now: 4185.
Memory consumption went from 213.1 MB to 212.8 MB.
Total: 3.568800 ms (FindLiveObjects: 0.339000 ms CreateObjectMapping: 0.183300 ms MarkObjects: 2.891200 ms  DeleteObjects: 0.154000 ms)

AssetImportParameters requested are different than current active one (requested -> active):
  custom:video-decoder-ogg-theora: a1e56fd34408186e4bbccfd4996cb3dc -> 
  custom:container-muxer-webm: aa71ff27fc2769a1b78a27578f13a17b -> 
  custom:container-demuxer-webm: 4f35f7cbe854078d1ac9338744f61a02 -> 
  custom:video-encoder-webm-vp8: eb34c28f22e8b96e1ab97ce403110664 -> 
  custom:video-codec-MediaFoundation-h265: 746d11721c4dcdbdad8f713fa42b33f4 -> 
  custom:audio-encoder-webm-vorbis: bf7c407c2cedff20999df2af8eb42d56 -> 
  custom:framework-win-MediaFoundation: 216162199b28c13a410421893ffa2e32 -> 
  custom:container-demuxer-ogg: 62fdf1f143b41e24485cea50d1cbac27 -> 
  custom:video-decoder-webm-vp8: 9c59270c3fd7afecdb556c50c9e8de78 -> 
  custom:audio-decoder-ogg-vorbis: bf7c407c2cedff20999df2af8eb42d56 -> 
========================================================================
Received Import Request.
  Time since last request: 49.721654 seconds.
  path: Assets/MyPrefabs/Brick Group (5).prefab
  artifactKey: Guid(1ab1d3b840c33cc45aa35cbe3537bfea) Importer(815301076,1909f56bfc062723c751e8b465ee728b)
Start importing Assets/MyPrefabs/Brick Group (5).prefab using Guid(1ab1d3b840c33cc45aa35cbe3537bfea) Importer(815301076,1909f56bfc062723c751e8b465ee728b)  -> (artifact id: '9dde92f176382ef6fa6b371fb1a8dbfe') in 0.231454 seconds 
========================================================================
Received Import Request.
  Time since last request: 0.609650 seconds.
  path: Assets/MyPrefabs/Bricks/Ammo Brick.prefab
  artifactKey: Guid(bf06a3c79f21abf4986f47edc536c652) Importer(815301076,1909f56bfc062723c751e8b465ee728b)
Start importing Assets/MyPrefabs/Bricks/Ammo Brick.prefab using Guid(bf06a3c79f21abf4986f47edc536c652) Importer(815301076,1909f56bfc062723c751e8b465ee728b)  -> (artifact id: 'faf021e2029f0dbced2ff3492267e76b') in 0.161415 seconds 
========================================================================
Received Import Request.
  Time since last request: 0.000059 seconds.
  path: Assets/MyPrefabs/Bricks/Basic Brick (Square) [1] Variant.prefab
  artifactKey: Guid(3d89e0883409975469e6a137f4102df7) Importer(815301076,1909f56bfc062723c751e8b465ee728b)
Start importing Assets/MyPrefabs/Bricks/Basic Brick (Square) [1] Variant.prefab using Guid(3d89e0883409975469e6a137f4102df7) Importer(815301076,1909f56bfc062723c751e8b465ee728b)  -> (artifact id: '17548a6a4907406c08613a7ff7289a28') in 0.191022 seconds 
========================================================================
Received Import Request.
  Time since last request: 0.000038 seconds.
  path: Assets/MyPrefabs/Bricks/Powerup Brick Variant.prefab
  artifactKey: Guid(0ee3ab5b00e63e247ae20649f36d6608) Importer(815301076,1909f56bfc062723c751e8b465ee728b)
Start importing Assets/MyPrefabs/Bricks/Powerup Brick Variant.prefab using Guid(0ee3ab5b00e63e247ae20649f36d6608) Importer(815301076,1909f56bfc062723c751e8b465ee728b)  -> (artifact id: '6830a51048d020e52daa1130c17ed895') in 0.169519 seconds 
========================================================================
Received Import Request.
  Time since last request: 0.000029 seconds.
  path: Assets/MyPrefabs/Bricks/Basic Brick [1].prefab
  artifactKey: Guid(6cb226225a379bb4a9d4d14d15edfee5) Importer(815301076,1909f56bfc062723c751e8b465ee728b)
Start importing Assets/MyPrefabs/Bricks/Basic Brick [1].prefab using Guid(6cb226225a379bb4a9d4d14d15edfee5) Importer(815301076,1909f56bfc062723c751e8b465ee728b)  -> (artifact id: '489ca7ff7fc1322f6c0caea421a1bd5b') in 0.188051 seconds 
========================================================================
Received Import Request.
  Time since last request: 0.000054 seconds.
  path: Assets/MyPrefabs/Bricks/Basic Brick [3] Variant.prefab
  artifactKey: Guid(30b5215efaf75994e9c6e981e4aab438) Importer(815301076,1909f56bfc062723c751e8b465ee728b)
Start importing Assets/MyPrefabs/Bricks/Basic Brick [3] Variant.prefab using Guid(30b5215efaf75994e9c6e981e4aab438) Importer(815301076,1909f56bfc062723c751e8b465ee728b)  -> (artifact id: 'c7238d7882b2d3b942f064f55dfc2554') in 0.169140 seconds 
========================================================================
Received Import Request.
  Time since last request: 0.000056 seconds.
  path: Assets/MyPrefabs/Bricks/Explosion Brick Variant 2.prefab
  artifactKey: Guid(df0d82aec765ff54490f52f07cc43437) Importer(815301076,1909f56bfc062723c751e8b465ee728b)
Start importing Assets/MyPrefabs/Bricks/Explosion Brick Variant 2.prefab using Guid(df0d82aec765ff54490f52f07cc43437) Importer(815301076,1909f56bfc062723c751e8b465ee728b)  -> (artifact id: '2405788aa821d83684ba2fd72a78c4d9') in 0.192602 seconds 
========================================================================
Received Import Request.
  Time since last request: 0.000031 seconds.
  path: Assets/MyPrefabs/Bricks/Basic Brick [2] Square Variant.prefab
  artifactKey: Guid(4684c8077a0150c479bbc1cdbf1327e5) Importer(815301076,1909f56bfc062723c751e8b465ee728b)
Start importing Assets/MyPrefabs/Bricks/Basic Brick [2] Square Variant.prefab using Guid(4684c8077a0150c479bbc1cdbf1327e5) Importer(815301076,1909f56bfc062723c751e8b465ee728b)  -> (artifact id: '86fa28c64e1439c0060133e48f3a8399') in 0.190875 seconds 
========================================================================
Received Import Request.
  Time since last request: 24.424134 seconds.
  path: Assets/MyPrefabs/Bricks/Basic Brick (Square) [1] Variant.prefab
  artifactKey: Guid(3d89e0883409975469e6a137f4102df7) Importer(815301076,1909f56bfc062723c751e8b465ee728b)
Start importing Assets/MyPrefabs/Bricks/Basic Brick (Square) [1] Variant.prefab using Guid(3d89e0883409975469e6a137f4102df7) Importer(815301076,1909f56bfc062723c751e8b465ee728b)  -> (artifact id: 'a12958ffff41ef3a314010196b7ba524') in 0.232286 seconds 
========================================================================
Received Import Request.
  Time since last request: 0.000031 seconds.
  path: Assets/MyPrefabs/Bricks/Basic Brick [2] (Small Square) Variant.prefab
  artifactKey: Guid(54012e7ac0a169547a8703428e3b86cd) Importer(815301076,1909f56bfc062723c751e8b465ee728b)
Start importing Assets/MyPrefabs/Bricks/Basic Brick [2] (Small Square) Variant.prefab using Guid(54012e7ac0a169547a8703428e3b86cd) Importer(815301076,1909f56bfc062723c751e8b465ee728b)  -> (artifact id: '4e7728a182ce0b978f02718fbc922e4c') in 0.267709 seconds 
========================================================================
Received Import Request.
  Time since last request: 0.000029 seconds.
  path: Assets/MyPrefabs/Bricks/Basic Brick [3] Variant.prefab
  artifactKey: Guid(30b5215efaf75994e9c6e981e4aab438) Importer(815301076,1909f56bfc062723c751e8b465ee728b)
Start importing Assets/MyPrefabs/Bricks/Basic Brick [3] Variant.prefab using Guid(30b5215efaf75994e9c6e981e4aab438) Importer(815301076,1909f56bfc062723c751e8b465ee728b)  -> (artifact id: '7aa8251dad586cfe39752f56b8a8da31') in 0.217448 seconds 
========================================================================
Received Import Request.
  Time since last request: 0.000043 seconds.
  path: Assets/MyPrefabs/Bricks/Explosion Brick Variant 2.prefab
  artifactKey: Guid(df0d82aec765ff54490f52f07cc43437) Importer(815301076,1909f56bfc062723c751e8b465ee728b)
Start importing Assets/MyPrefabs/Bricks/Explosion Brick Variant 2.prefab using Guid(df0d82aec765ff54490f52f07cc43437) Importer(815301076,1909f56bfc062723c751e8b465ee728b)  -> (artifact id: '7ace0dd734d21275468c3ced98e41f38') in 0.195099 seconds 
========================================================================
Received Import Request.
  Time since last request: 3.500932 seconds.
  path: Assets/MyPrefabs/Bricks/Basic Brick (Square) [1] Variant.prefab
  artifactKey: Guid(3d89e0883409975469e6a137f4102df7) Importer(815301076,1909f56bfc062723c751e8b465ee728b)
Start importing Assets/MyPrefabs/Bricks/Basic Brick (Square) [1] Variant.prefab using Guid(3d89e0883409975469e6a137f4102df7) Importer(815301076,1909f56bfc062723c751e8b465ee728b)  -> (artifact id: '0db4e133223e1e07d62cd498a9dc686b') in 0.458243 seconds 
========================================================================
Received Import Request.
  Time since last request: 0.000019 seconds.
  path: Assets/MyPrefabs/Bricks/Powerup Brick Variant.prefab
  artifactKey: Guid(0ee3ab5b00e63e247ae20649f36d6608) Importer(815301076,1909f56bfc062723c751e8b465ee728b)
Start importing Assets/MyPrefabs/Bricks/Powerup Brick Variant.prefab using Guid(0ee3ab5b00e63e247ae20649f36d6608) Importer(815301076,1909f56bfc062723c751e8b465ee728b)  -> (artifact id: 'd0be626c7bc134db634be4eba3dfcad0') in 0.163244 seconds 
========================================================================
Received Import Request.
  Time since last request: 0.000029 seconds.
  path: Assets/MyPrefabs/Bricks/Basic Brick [2] Variant.prefab
  artifactKey: Guid(e52fbc2591a14a14c94545396b386be8) Importer(815301076,1909f56bfc062723c751e8b465ee728b)
Start importing Assets/MyPrefabs/Bricks/Basic Brick [2] Variant.prefab using Guid(e52fbc2591a14a14c94545396b386be8) Importer(815301076,1909f56bfc062723c751e8b465ee728b)  -> (artifact id: '89c1e12da1a913adb8fef7e844119e63') in 0.178260 seconds 
========================================================================
Received Import Request.
  Time since last request: 0.000034 seconds.
  path: Assets/MyPrefabs/Bricks/Explosion Brick Variant 2.prefab
  artifactKey: Guid(df0d82aec765ff54490f52f07cc43437) Importer(815301076,1909f56bfc062723c751e8b465ee728b)
Start importing Assets/MyPrefabs/Bricks/Explosion Brick Variant 2.prefab using Guid(df0d82aec765ff54490f52f07cc43437) Importer(815301076,1909f56bfc062723c751e8b465ee728b)  -> (artifact id: 'ee697c1a16a660c4ddebf6d5a11b4901') in 0.154761 seconds 
Editor requested this worker to shutdown with reason: Scaling down because of idle timeout
AssetImportWorker is now disconnected from the server
Process exiting
Exiting without the bug reporter. Application will terminate with return code 0